<!DOCTYPE html>

<html>
  <head>
  <meta charset='utf-8'>
  <title>TestNG reports</title>

    <link type="text/css" href="testng-reports.css" rel="stylesheet" />
    <script type="text/javascript" src="jquery-1.7.1.min.js"></script>
    <script type="text/javascript" src="testng-reports.js"></script>
    <script type="text/javascript" src="https://www.google.com/jsapi"></script>
    <script type='text/javascript'>
      google.load('visualization', '1', {packages:['table']});
      google.setOnLoadCallback(drawTable);
      var suiteTableInitFunctions = new Array();
      var suiteTableData = new Array();
    </script>
    <!--
      <script type="text/javascript" src="jquery-ui/js/jquery-ui-1.8.16.custom.min.js"></script>
     -->
  </head>

  <body>
    <div class="top-banner-root">
      <span class="top-banner-title-font">Test results</span>
      <br/>
      <span class="top-banner-font-1">1 suite</span>
    </div> <!-- top-banner-root -->
    <div class="navigator-root">
      <div class="navigator-suite-header">
        <span>All suites</span>
        <a href="#" class="collapse-all-link" title="Collapse/expand all the suites">
          <img class="collapse-all-icon" src="collapseall.gif">
          </img> <!-- collapse-all-icon -->
        </a> <!-- collapse-all-link -->
      </div> <!-- navigator-suite-header -->
      <div class="suite">
        <div class="rounded-window">
          <div class="suite-header light-rounded-window-top">
            <a href="#" class="navigator-link" panel-name="suite-Default_suite">
              <span class="suite-name border-skipped">Default suite</span>
            </a> <!-- navigator-link -->
          </div> <!-- suite-header light-rounded-window-top -->
          <div class="navigator-suite-content">
            <div class="suite-section-title">
              <span>Info</span>
            </div> <!-- suite-section-title -->
            <div class="suite-section-content">
              <ul>
                <li>
                  <a href="#" class="navigator-link " panel-name="test-xml-Default_suite">
                    <span>C:\Users\ad16927\AppData\Local\Temp\testng-eclipse--1831644059\testng-customsuite.xml</span>
                  </a> <!-- navigator-link  -->
                </li>
                <li>
                  <a href="#" class="navigator-link " panel-name="testlist-Default_suite">
                    <span class="test-stats">1 test</span>
                  </a> <!-- navigator-link  -->
                </li>
                <li>
                  <a href="#" class="navigator-link " panel-name="group-Default_suite">
                    <span>0 groups</span>
                  </a> <!-- navigator-link  -->
                </li>
                <li>
                  <a href="#" class="navigator-link " panel-name="times-Default_suite">
                    <span>Times</span>
                  </a> <!-- navigator-link  -->
                </li>
                <li>
                  <a href="#" class="navigator-link " panel-name="reporter-Default_suite">
                    <span>Reporter output</span>
                  </a> <!-- navigator-link  -->
                </li>
                <li>
                  <a href="#" class="navigator-link " panel-name="ignored-methods-Default_suite">
                    <span>Ignored methods</span>
                  </a> <!-- navigator-link  -->
                </li>
                <li>
                  <a href="#" class="navigator-link " panel-name="chronological-Default_suite">
                    <span>Chronological view</span>
                  </a> <!-- navigator-link  -->
                </li>
              </ul>
            </div> <!-- suite-section-content -->
            <div class="result-section">
              <div class="suite-section-title">
                <span>Results</span>
              </div> <!-- suite-section-title -->
              <div class="suite-section-content">
                <ul>
                  <li>
                    <span class="method-stats">44 methods,  43 skipped,  1 passed</span>
                  </li>
                  <li>
                    <span class="method-list-title skipped">Skipped methods</span>
                    <span class="show-or-hide-methods skipped">
                      <a href="#" panel-name="suite-Default_suite" class="hide-methods skipped suite-Default_suite"> (hide)</a> <!-- hide-methods skipped suite-Default_suite -->
                      <a href="#" panel-name="suite-Default_suite" class="show-methods skipped suite-Default_suite"> (show)</a> <!-- show-methods skipped suite-Default_suite -->
                    </span>
                    <div class="method-list-content skipped suite-Default_suite">
                      <span>
                        <img width="3%" src="skipped.png"/>
                        <a href="#" class="method navigator-link" panel-name="suite-Default_suite" title="testcases.Regression" hash-for-method="SanityTC1({TestCaseName=Independent Risk Unit Credit Organization , CaseToRun=N, Module=Portfolio, Pass/Fail/S...)">SanityTC1({TestCaseName=Independent Risk Unit Credit Organization , CaseToRun=N, Module=Portfolio, Pass/Fail/S...)</a> <!-- method navigator-link -->
                      </span>
                      <br/>
                      <span>
                        <img width="3%" src="skipped.png"/>
                        <a href="#" class="method navigator-link" panel-name="suite-Default_suite" title="testcases.Regression" hash-for-method="SanityTC10({TestCaseName=Approving Unit Geography, CaseToRun=N, Module=Portfolio, Pass/Fail/Skip=SKIP, Category...)">SanityTC10({TestCaseName=Approving Unit Geography, CaseToRun=N, Module=Portfolio, Pass/Fail/Skip=SKIP, Category...)</a> <!-- method navigator-link -->
                      </span>
                      <br/>
                      <span>
                        <img width="3%" src="skipped.png"/>
                        <a href="#" class="method navigator-link" panel-name="suite-Default_suite" title="testcases.Regression" hash-for-method="SanityTC11({TestCaseName=Extending Unit Geography , CaseToRun=N, Module=Portfolio, Pass/Fail/Skip=SKIP, Categor...)">SanityTC11({TestCaseName=Extending Unit Geography , CaseToRun=N, Module=Portfolio, Pass/Fail/Skip=SKIP, Categor...)</a> <!-- method navigator-link -->
                      </span>
                      <br/>
                      <span>
                        <img width="3%" src="skipped.png"/>
                        <a href="#" class="method navigator-link" panel-name="suite-Default_suite" title="testcases.Regression" hash-for-method="SanityTC12({TestCaseName=Global Organization Code Enriched Geography, CaseToRun=N, Module=Portfolio, Pass/Fail/...)">SanityTC12({TestCaseName=Global Organization Code Enriched Geography, CaseToRun=N, Module=Portfolio, Pass/Fail/...)</a> <!-- method navigator-link -->
                      </span>
                      <br/>
                      <span>
                        <img width="3%" src="skipped.png"/>
                        <a href="#" class="method navigator-link" panel-name="suite-Default_suite" title="testcases.Regression" hash-for-method="SanityTC13({TestCaseName=Relationship Geography At Risk, CaseToRun=N, Module=Portfolio, Pass/Fail/Skip=SKIP, Ca...)">SanityTC13({TestCaseName=Relationship Geography At Risk, CaseToRun=N, Module=Portfolio, Pass/Fail/Skip=SKIP, Ca...)</a> <!-- method navigator-link -->
                      </span>
                      <br/>
                      <span>
                        <img width="3%" src="skipped.png"/>
                        <a href="#" class="method navigator-link" panel-name="suite-Default_suite" title="testcases.Regression" hash-for-method="SanityTC14({TestCaseName=Obligor Geography At Risk, CaseToRun=N, Module=Portfolio, Pass/Fail/Skip=SKIP, Categor...)">SanityTC14({TestCaseName=Obligor Geography At Risk, CaseToRun=N, Module=Portfolio, Pass/Fail/Skip=SKIP, Categor...)</a> <!-- method navigator-link -->
                      </span>
                      <br/>
                      <span>
                        <img width="3%" src="skipped.png"/>
                        <a href="#" class="method navigator-link" panel-name="suite-Default_suite" title="testcases.Regression" hash-for-method="SanityTC15({TestCaseName=Relationship Risk Management Industry, CaseToRun=N, Module=Portfolio, Pass/Fail/Skip=S...)">SanityTC15({TestCaseName=Relationship Risk Management Industry, CaseToRun=N, Module=Portfolio, Pass/Fail/Skip=S...)</a> <!-- method navigator-link -->
                      </span>
                      <br/>
                      <span>
                        <img width="3%" src="skipped.png"/>
                        <a href="#" class="method navigator-link" panel-name="suite-Default_suite" title="testcases.Regression" hash-for-method="SanityTC16({TestCaseName=Obligor Risk Management Industry, CaseToRun=N, Module=Portfolio, Pass/Fail/Skip=SKIP, ...)">SanityTC16({TestCaseName=Obligor Risk Management Industry, CaseToRun=N, Module=Portfolio, Pass/Fail/Skip=SKIP, ...)</a> <!-- method navigator-link -->
                      </span>
                      <br/>
                      <span>
                        <img width="3%" src="skipped.png"/>
                        <a href="#" class="method navigator-link" panel-name="suite-Default_suite" title="testcases.Regression" hash-for-method="SanityTC17({TestCaseName=Obligor Support Type, CaseToRun=N, Module=Portfolio, Pass/Fail/Skip=SKIP, Category=, A...)">SanityTC17({TestCaseName=Obligor Support Type, CaseToRun=N, Module=Portfolio, Pass/Fail/Skip=SKIP, Category=, A...)</a> <!-- method navigator-link -->
                      </span>
                      <br/>
                      <span>
                        <img width="3%" src="skipped.png"/>
                        <a href="#" class="method navigator-link" panel-name="suite-Default_suite" title="testcases.Regression" hash-for-method="SanityTC18({TestCaseName=CAGID , CaseToRun=N, Module=Portfolio, Pass/Fail/Skip=SKIP, Category=, AddRule=CAGID, ...)">SanityTC18({TestCaseName=CAGID , CaseToRun=N, Module=Portfolio, Pass/Fail/Skip=SKIP, Category=, AddRule=CAGID, ...)</a> <!-- method navigator-link -->
                      </span>
                      <br/>
                      <span>
                        <img width="3%" src="skipped.png"/>
                        <a href="#" class="method navigator-link" panel-name="suite-Default_suite" title="testcases.Regression" hash-for-method="SanityTC19({TestCaseName=Relationship Name #1, CaseToRun=N, Module=Portfolio, Pass/Fail/Skip=SKIP, Category=, A...)">SanityTC19({TestCaseName=Relationship Name #1, CaseToRun=N, Module=Portfolio, Pass/Fail/Skip=SKIP, Category=, A...)</a> <!-- method navigator-link -->
                      </span>
                      <br/>
                      <span>
                        <img width="3%" src="skipped.png"/>
                        <a href="#" class="method navigator-link" panel-name="suite-Default_suite" title="testcases.Regression" hash-for-method="SanityTC2({TestCaseName=Independent Risk Unit Credit Coverage Area, CaseToRun=N, Module=Portfolio, Pass/Fail/S...)">SanityTC2({TestCaseName=Independent Risk Unit Credit Coverage Area, CaseToRun=N, Module=Portfolio, Pass/Fail/S...)</a> <!-- method navigator-link -->
                      </span>
                      <br/>
                      <span>
                        <img width="3%" src="skipped.png"/>
                        <a href="#" class="method navigator-link" panel-name="suite-Default_suite" title="testcases.Regression" hash-for-method="SanityTC20({TestCaseName=Relationship Name #2, CaseToRun=N, Module=Portfolio, Pass/Fail/Skip=SKIP, Category=, A...)">SanityTC20({TestCaseName=Relationship Name #2, CaseToRun=N, Module=Portfolio, Pass/Fail/Skip=SKIP, Category=, A...)</a> <!-- method navigator-link -->
                      </span>
                      <br/>
                      <span>
                        <img width="3%" src="skipped.png"/>
                        <a href="#" class="method navigator-link" panel-name="suite-Default_suite" title="testcases.Regression" hash-for-method="SanityTC21({TestCaseName=GFCID, CaseToRun=N, Module=Portfolio, Pass/Fail/Skip=SKIP, Category=, AddRule=GFCID, L...)">SanityTC21({TestCaseName=GFCID, CaseToRun=N, Module=Portfolio, Pass/Fail/Skip=SKIP, Category=, AddRule=GFCID, L...)</a> <!-- method navigator-link -->
                      </span>
                      <br/>
                      <span>
                        <img width="3%" src="skipped.png"/>
                        <a href="#" class="method navigator-link" panel-name="suite-Default_suite" title="testcases.Regression" hash-for-method="SanityTC22({TestCaseName=CIS Level 2 Client Owner, CaseToRun=N, Module=Portfolio, Pass/Fail/Skip=SKIP, Category...)">SanityTC22({TestCaseName=CIS Level 2 Client Owner, CaseToRun=N, Module=Portfolio, Pass/Fail/Skip=SKIP, Category...)</a> <!-- method navigator-link -->
                      </span>
                      <br/>
                      <span>
                        <img width="3%" src="skipped.png"/>
                        <a href="#" class="method navigator-link" panel-name="suite-Default_suite" title="testcases.Regression" hash-for-method="SanityTC23({TestCaseName=CIS Level 3 Client Owner, CaseToRun=N, Module=Portfolio, Pass/Fail/Skip=SKIP, Category...)">SanityTC23({TestCaseName=CIS Level 3 Client Owner, CaseToRun=N, Module=Portfolio, Pass/Fail/Skip=SKIP, Category...)</a> <!-- method navigator-link -->
                      </span>
                      <br/>
                      <span>
                        <img width="3%" src="skipped.png"/>
                        <a href="#" class="method navigator-link" panel-name="suite-Default_suite" title="testcases.Regression" hash-for-method="SanityTC24({TestCaseName=Intercompany, CaseToRun=N, Module=Portfolio, Pass/Fail/Skip=SKIP, Category=, AddRule=I...)">SanityTC24({TestCaseName=Intercompany, CaseToRun=N, Module=Portfolio, Pass/Fail/Skip=SKIP, Category=, AddRule=I...)</a> <!-- method navigator-link -->
                      </span>
                      <br/>
                      <span>
                        <img width="3%" src="skipped.png"/>
                        <a href="#" class="method navigator-link" panel-name="suite-Default_suite" title="testcases.Regression" hash-for-method="SanityTC25({TestCaseName=Exclude Liquidity Managed , CaseToRun=N, Module=Portfolio, Pass/Fail/Skip=SKIP, Catego...)">SanityTC25({TestCaseName=Exclude Liquidity Managed , CaseToRun=N, Module=Portfolio, Pass/Fail/Skip=SKIP, Catego...)</a> <!-- method navigator-link -->
                      </span>
                      <br/>
                      <span>
                        <img width="3%" src="skipped.png"/>
                        <a href="#" class="method navigator-link" panel-name="suite-Default_suite" title="testcases.Regression" hash-for-method="SanityTC26({TestCaseName=Exclude Fronting, CaseToRun=N, Module=Portfolio, Pass/Fail/Skip=SKIP, Category=, AddRu...)">SanityTC26({TestCaseName=Exclude Fronting, CaseToRun=N, Module=Portfolio, Pass/Fail/Skip=SKIP, Category=, AddRu...)</a> <!-- method navigator-link -->
                      </span>
                      <br/>
                      <span>
                        <img width="3%" src="skipped.png"/>
                        <a href="#" class="method navigator-link" panel-name="suite-Default_suite" title="testcases.Regression" hash-for-method="SanityTC27({TestCaseName=Facility Long Description, CaseToRun=N, Module=Portfolio, Pass/Fail/Skip=SKIP, Categor...)">SanityTC27({TestCaseName=Facility Long Description, CaseToRun=N, Module=Portfolio, Pass/Fail/Skip=SKIP, Categor...)</a> <!-- method navigator-link -->
                      </span>
                      <br/>
                      <span>
                        <img width="3%" src="skipped.png"/>
                        <a href="#" class="method navigator-link" panel-name="suite-Default_suite" title="testcases.Regression" hash-for-method="SanityTC28({TestCaseName=GFRN, CaseToRun=N, Module=Portfolio, Pass/Fail/Skip=SKIP, Category=, AddRule=GFRN, Lev...)">SanityTC28({TestCaseName=GFRN, CaseToRun=N, Module=Portfolio, Pass/Fail/Skip=SKIP, Category=, AddRule=GFRN, Lev...)</a> <!-- method navigator-link -->
                      </span>
                      <br/>
                      <span>
                        <img width="3%" src="skipped.png"/>
                        <a href="#" class="method navigator-link" panel-name="suite-Default_suite" title="testcases.Regression" hash-for-method="SanityTC29({TestCaseName=Classification Status, CaseToRun=N, Module=Portfolio, Pass/Fail/Skip=SKIP, Category=, ...)">SanityTC29({TestCaseName=Classification Status, CaseToRun=N, Module=Portfolio, Pass/Fail/Skip=SKIP, Category=, ...)</a> <!-- method navigator-link -->
                      </span>
                      <br/>
                      <span>
                        <img width="3%" src="skipped.png"/>
                        <a href="#" class="method navigator-link" panel-name="suite-Default_suite" title="testcases.Regression" hash-for-method="SanityTC3({TestCaseName=Independent Risk Unit, CaseToRun=N, Module=Portfolio, Pass/Fail/Skip=SKIP, Category=, ...)">SanityTC3({TestCaseName=Independent Risk Unit, CaseToRun=N, Module=Portfolio, Pass/Fail/Skip=SKIP, Category=, ...)</a> <!-- method navigator-link -->
                      </span>
                      <br/>
                      <span>
                        <img width="3%" src="skipped.png"/>
                        <a href="#" class="method navigator-link" panel-name="suite-Default_suite" title="testcases.Regression" hash-for-method="SanityTC30({TestCaseName=Leveraged Lending Exposures, CaseToRun=N, Module=Portfolio, Pass/Fail/Skip=SKIP, Categ...)">SanityTC30({TestCaseName=Leveraged Lending Exposures, CaseToRun=N, Module=Portfolio, Pass/Fail/Skip=SKIP, Categ...)</a> <!-- method navigator-link -->
                      </span>
                      <br/>
                      <span>
                        <img width="3%" src="skipped.png"/>
                        <a href="#" class="method navigator-link" panel-name="suite-Default_suite" title="testcases.Regression" hash-for-method="SanityTC31({TestCaseName=Credit Program Specialized Product Name, CaseToRun=N, Module=Portfolio, Pass/Fail/Skip...)">SanityTC31({TestCaseName=Credit Program Specialized Product Name, CaseToRun=N, Module=Portfolio, Pass/Fail/Skip...)</a> <!-- method navigator-link -->
                      </span>
                      <br/>
                      <span>
                        <img width="3%" src="skipped.png"/>
                        <a href="#" class="method navigator-link" panel-name="suite-Default_suite" title="testcases.Regression" hash-for-method="SanityTC32({TestCaseName=PB Product Program, CaseToRun=N, Module=Portfolio, Pass/Fail/Skip=SKIP, Category=, Add...)">SanityTC32({TestCaseName=PB Product Program, CaseToRun=N, Module=Portfolio, Pass/Fail/Skip=SKIP, Category=, Add...)</a> <!-- method navigator-link -->
                      </span>
                      <br/>
                      <span>
                        <img width="3%" src="skipped.png"/>
                        <a href="#" class="method navigator-link" panel-name="suite-Default_suite" title="testcases.Regression" hash-for-method="SanityTC33({TestCaseName=Risk Category, CaseToRun=N, Module=Portfolio, Pass/Fail/Skip=SKIP, Category=, AddRule=...)">SanityTC33({TestCaseName=Risk Category, CaseToRun=N, Module=Portfolio, Pass/Fail/Skip=SKIP, Category=, AddRule=...)</a> <!-- method navigator-link -->
                      </span>
                      <br/>
                      <span>
                        <img width="3%" src="skipped.png"/>
                        <a href="#" class="method navigator-link" panel-name="suite-Default_suite" title="testcases.Regression" hash-for-method="SanityTC34({TestCaseName=Approval type code, CaseToRun=N, Module=Portfolio, Pass/Fail/Skip=SKIP, Category=, Add...)">SanityTC34({TestCaseName=Approval type code, CaseToRun=N, Module=Portfolio, Pass/Fail/Skip=SKIP, Category=, Add...)</a> <!-- method navigator-link -->
                      </span>
                      <br/>
                      <span>
                        <img width="3%" src="skipped.png"/>
                        <a href="#" class="method navigator-link" panel-name="suite-Default_suite" title="testcases.Regression" hash-for-method="SanityTC35({TestCaseName=Legal Entity, CaseToRun=N, Module=Portfolio, Pass/Fail/Skip=SKIP, Category=, AddRule=L...)">SanityTC35({TestCaseName=Legal Entity, CaseToRun=N, Module=Portfolio, Pass/Fail/Skip=SKIP, Category=, AddRule=L...)</a> <!-- method navigator-link -->
                      </span>
                      <br/>
                      <span>
                        <img width="3%" src="skipped.png"/>
                        <a href="#" class="method navigator-link" panel-name="suite-Default_suite" title="testcases.Regression" hash-for-method="SanityTC36({TestCaseName=Legal Vehicle , CaseToRun=N, Module=Portfolio, Pass/Fail/Skip=SKIP, Category=, AddRule...)">SanityTC36({TestCaseName=Legal Vehicle , CaseToRun=N, Module=Portfolio, Pass/Fail/Skip=SKIP, Category=, AddRule...)</a> <!-- method navigator-link -->
                      </span>
                      <br/>
                      <span>
                        <img width="3%" src="skipped.png"/>
                        <a href="#" class="method navigator-link" panel-name="suite-Default_suite" title="testcases.Regression" hash-for-method="SanityTC37({TestCaseName=Portfolio Business Segment (PBS), CaseToRun=N, Module=Portfolio, Pass/Fail/Skip=SKIP, ...)">SanityTC37({TestCaseName=Portfolio Business Segment (PBS), CaseToRun=N, Module=Portfolio, Pass/Fail/Skip=SKIP, ...)</a> <!-- method navigator-link -->
                      </span>
                      <br/>
                      <span>
                        <img width="3%" src="skipped.png"/>
                        <a href="#" class="method navigator-link" panel-name="suite-Default_suite" title="testcases.Regression" hash-for-method="SanityTC38({TestCaseName=Global Organization Code , CaseToRun=N, Module=Portfolio, Pass/Fail/Skip=SKIP, Categor...)">SanityTC38({TestCaseName=Global Organization Code , CaseToRun=N, Module=Portfolio, Pass/Fail/Skip=SKIP, Categor...)</a> <!-- method navigator-link -->
                      </span>
                      <br/>
                      <span>
                        <img width="3%" src="skipped.png"/>
                        <a href="#" class="method navigator-link" panel-name="suite-Default_suite" title="testcases.Regression" hash-for-method="SanityTC39({TestCaseName=Managed Segment , CaseToRun=N, Module=Portfolio, Pass/Fail/Skip=SKIP, Category=, AddRu...)">SanityTC39({TestCaseName=Managed Segment , CaseToRun=N, Module=Portfolio, Pass/Fail/Skip=SKIP, Category=, AddRu...)</a> <!-- method navigator-link -->
                      </span>
                      <br/>
                      <span>
                        <img width="3%" src="skipped.png"/>
                        <a href="#" class="method navigator-link" panel-name="suite-Default_suite" title="testcases.Regression" hash-for-method="SanityTC4({TestCaseName=Control Unit Credit Organization , CaseToRun=N, Module=Portfolio, Pass/Fail/Skip=SKIP,...)">SanityTC4({TestCaseName=Control Unit Credit Organization , CaseToRun=N, Module=Portfolio, Pass/Fail/Skip=SKIP,...)</a> <!-- method navigator-link -->
                      </span>
                      <br/>
                      <span>
                        <img width="3%" src="skipped.png"/>
                        <a href="#" class="method navigator-link" panel-name="suite-Default_suite" title="testcases.Regression" hash-for-method="SanityTC40({TestCaseName=OS Finance Data Load (FDL) Account Nm, CaseToRun=N, Module=Portfolio, Pass/Fail/Skip=S...)">SanityTC40({TestCaseName=OS Finance Data Load (FDL) Account Nm, CaseToRun=N, Module=Portfolio, Pass/Fail/Skip=S...)</a> <!-- method navigator-link -->
                      </span>
                      <br/>
                      <span>
                        <img width="3%" src="skipped.png"/>
                        <a href="#" class="method navigator-link" panel-name="suite-Default_suite" title="testcases.Regression" hash-for-method="SanityTC41({TestCaseName=OS Global Finance Management Information System, CaseToRun=N, Module=Portfolio, Pass/F...)">SanityTC41({TestCaseName=OS Global Finance Management Information System, CaseToRun=N, Module=Portfolio, Pass/F...)</a> <!-- method navigator-link -->
                      </span>
                      <br/>
                      <span>
                        <img width="3%" src="skipped.png"/>
                        <a href="#" class="method navigator-link" panel-name="suite-Default_suite" title="testcases.Regression" hash-for-method="SanityTC42({TestCaseName=Management Product Level, CaseToRun=N, Module=Portfolio, Pass/Fail/Skip=SKIP, Category...)">SanityTC42({TestCaseName=Management Product Level, CaseToRun=N, Module=Portfolio, Pass/Fail/Skip=SKIP, Category...)</a> <!-- method navigator-link -->
                      </span>
                      <br/>
                      <span>
                        <img width="3%" src="skipped.png"/>
                        <a href="#" class="method navigator-link" panel-name="suite-Default_suite" title="testcases.Regression" hash-for-method="SanityTC43({TestCaseName=Facility Global Finance Management Information System, CaseToRun=N, Module=Portfolio, ...)">SanityTC43({TestCaseName=Facility Global Finance Management Information System, CaseToRun=N, Module=Portfolio, ...)</a> <!-- method navigator-link -->
                      </span>
                      <br/>
                      <span>
                        <img width="3%" src="skipped.png"/>
                        <a href="#" class="method navigator-link" panel-name="suite-Default_suite" title="testcases.Regression" hash-for-method="SanityTC5({TestCaseName=Control Unit, CaseToRun=N, Module=Portfolio, Pass/Fail/Skip=SKIP, Category=, AddRule=C...)">SanityTC5({TestCaseName=Control Unit, CaseToRun=N, Module=Portfolio, Pass/Fail/Skip=SKIP, Category=, AddRule=C...)</a> <!-- method navigator-link -->
                      </span>
                      <br/>
                      <span>
                        <img width="3%" src="skipped.png"/>
                        <a href="#" class="method navigator-link" panel-name="suite-Default_suite" title="testcases.Regression" hash-for-method="SanityTC6({TestCaseName=Approving Unit, CaseToRun=N, Module=Portfolio, Pass/Fail/Skip=SKIP, Category=, AddRule...)">SanityTC6({TestCaseName=Approving Unit, CaseToRun=N, Module=Portfolio, Pass/Fail/Skip=SKIP, Category=, AddRule...)</a> <!-- method navigator-link -->
                      </span>
                      <br/>
                      <span>
                        <img width="3%" src="skipped.png"/>
                        <a href="#" class="method navigator-link" panel-name="suite-Default_suite" title="testcases.Regression" hash-for-method="SanityTC7({TestCaseName=Extending Unit, CaseToRun=N, Module=Portfolio, Pass/Fail/Skip=SKIP, Category=, AddRule...)">SanityTC7({TestCaseName=Extending Unit, CaseToRun=N, Module=Portfolio, Pass/Fail/Skip=SKIP, Category=, AddRule...)</a> <!-- method navigator-link -->
                      </span>
                      <br/>
                      <span>
                        <img width="3%" src="skipped.png"/>
                        <a href="#" class="method navigator-link" panel-name="suite-Default_suite" title="testcases.Regression" hash-for-method="SanityTC8({TestCaseName=Independent Risk Unit Geography, CaseToRun=N, Module=Portfolio, Pass/Fail/Skip=SKIP, C...)">SanityTC8({TestCaseName=Independent Risk Unit Geography, CaseToRun=N, Module=Portfolio, Pass/Fail/Skip=SKIP, C...)</a> <!-- method navigator-link -->
                      </span>
                      <br/>
                      <span>
                        <img width="3%" src="skipped.png"/>
                        <a href="#" class="method navigator-link" panel-name="suite-Default_suite" title="testcases.Regression" hash-for-method="SanityTC9({TestCaseName=Control Unit Geography , CaseToRun=N, Module=Portfolio, Pass/Fail/Skip=SKIP, Category=...)">SanityTC9({TestCaseName=Control Unit Geography , CaseToRun=N, Module=Portfolio, Pass/Fail/Skip=SKIP, Category=...)</a> <!-- method navigator-link -->
                      </span>
                      <br/>
                    </div> <!-- method-list-content skipped suite-Default_suite -->
                  </li>
                  <li>
                    <span class="method-list-title passed">Passed methods</span>
                    <span class="show-or-hide-methods passed">
                      <a href="#" panel-name="suite-Default_suite" class="hide-methods passed suite-Default_suite"> (hide)</a> <!-- hide-methods passed suite-Default_suite -->
                      <a href="#" panel-name="suite-Default_suite" class="show-methods passed suite-Default_suite"> (show)</a> <!-- show-methods passed suite-Default_suite -->
                    </span>
                    <div class="method-list-content passed suite-Default_suite">
                      <span>
                        <img width="3%" src="passed.png"/>
                        <a href="#" class="method navigator-link" panel-name="suite-Default_suite" title="testcases.Regression" hash-for-method="RegTC44({TestCaseName=Management Product Level, CaseToRun=Y, Module=Portfolio, Pass/Fail/Skip=PASS, Category...)">RegTC44({TestCaseName=Management Product Level, CaseToRun=Y, Module=Portfolio, Pass/Fail/Skip=PASS, Category...)</a> <!-- method navigator-link -->
                      </span>
                      <br/>
                    </div> <!-- method-list-content passed suite-Default_suite -->
                  </li>
                </ul>
              </div> <!-- suite-section-content -->
            </div> <!-- result-section -->
          </div> <!-- navigator-suite-content -->
        </div> <!-- rounded-window -->
      </div> <!-- suite -->
    </div> <!-- navigator-root -->
    <div class="wrapper">
      <div class="main-panel-root">
        <div panel-name="suite-Default_suite" class="panel Default_suite">
          <div class="suite-Default_suite-class-skipped">
            <div class="main-panel-header rounded-window-top">
              <img src="skipped.png"/>
              <span class="class-name">testcases.Regression</span>
            </div> <!-- main-panel-header rounded-window-top -->
            <div class="main-panel-content rounded-window-bottom">
              <div class="method">
                <div class="method-content">
                  <a name="SanityTC1({TestCaseName=Independent Risk Unit Credit Organization , CaseToRun=N, Module=Portfolio, Pass/Fail/S...)">
                  </a> <!-- SanityTC1({TestCaseName=Independent Risk Unit Credit Organization , CaseToRun=N, Module=Portfolio, Pass/Fail/S...) -->
                  <span class="method-name">SanityTC1</span>
                  <span class="parameters">({TestCaseName=Independent Risk Unit Credit Organization , CaseToRun=N, Module=Portfolio, Pass/Fail/Skip=SKIP, Category=, AddRule=Independent Risk Unit Credit Organization, Level1=, Filtername=FIRM|GIRM, Filtername2=, Filtername3=, VerifyChip=, TestCaseDescription =check whether data is fetched from the backend service, Steps to execute=1.Click Add Rule
2. Select "Independent Risk Unit Credit Organization" from Business Unit Category
3. Click Add filters (+) and select "FIRM" & "GIRM", ExpectedResult="Independent Risk Unit Credit Organization" dialog should have the value "FIRM" and "GIRM"})</span>
                  <div class="stack-trace">org.testng.SkipException: Independent Risk Unit Credit Organization &apos;s CaseToRun Flag Is &apos;N&apos; Or Blank. So Skipping Execution Of Independent Risk Unit Credit Organization 
	at testcases.Regression.SanityTC1(Regression.java:52)
	at sun.reflect.NativeMethodAccessorImpl.invoke0(Native Method)
	at sun.reflect.NativeMethodAccessorImpl.invoke(Unknown Source)
	at sun.reflect.DelegatingMethodAccessorImpl.invoke(Unknown Source)
	at java.lang.reflect.Method.invoke(Unknown Source)
	at org.testng.internal.MethodInvocationHelper.invokeMethod(MethodInvocationHelper.java:108)
	at org.testng.internal.Invoker.invokeMethod(Invoker.java:661)
	at org.testng.internal.Invoker.invokeTestMethod(Invoker.java:869)
	at org.testng.internal.Invoker.invokeTestMethods(Invoker.java:1193)
	at org.testng.internal.TestMethodWorker.invokeTestMethods(TestMethodWorker.java:126)
	at org.testng.internal.TestMethodWorker.run(TestMethodWorker.java:109)
	at org.testng.TestRunner.privateRun(TestRunner.java:744)
	at org.testng.TestRunner.run(TestRunner.java:602)
	at org.testng.SuiteRunner.runTest(SuiteRunner.java:380)
	at org.testng.SuiteRunner.runSequentially(SuiteRunner.java:375)
	at org.testng.SuiteRunner.privateRun(SuiteRunner.java:340)
	at org.testng.SuiteRunner.run(SuiteRunner.java:289)
	at org.testng.SuiteRunnerWorker.runSuite(SuiteRunnerWorker.java:52)
	at org.testng.SuiteRunnerWorker.run(SuiteRunnerWorker.java:86)
	at org.testng.TestNG.runSuitesSequentially(TestNG.java:1301)
	at org.testng.TestNG.runSuitesLocally(TestNG.java:1226)
	at org.testng.TestNG.runSuites(TestNG.java:1144)
	at org.testng.TestNG.run(TestNG.java:1115)
	at org.testng.remote.AbstractRemoteTestNG.run(AbstractRemoteTestNG.java:114)
	at org.testng.remote.RemoteTestNG.initAndRun(RemoteTestNG.java:251)
	at org.testng.remote.RemoteTestNG.main(RemoteTestNG.java:77)

</div> <!-- stack-trace -->
                </div> <!-- method-content -->
              </div> <!-- method -->
              <div class="method">
                <div class="method-content">
                  <a name="SanityTC10({TestCaseName=Approving Unit Geography, CaseToRun=N, Module=Portfolio, Pass/Fail/Skip=SKIP, Category...)">
                  </a> <!-- SanityTC10({TestCaseName=Approving Unit Geography, CaseToRun=N, Module=Portfolio, Pass/Fail/Skip=SKIP, Category...) -->
                  <span class="method-name">SanityTC10</span>
                  <span class="parameters">({TestCaseName=Approving Unit Geography, CaseToRun=N, Module=Portfolio, Pass/Fail/Skip=SKIP, Category=, AddRule=Approving Unit Geography, Level1=, Filtername=North America (L1 - 200), Filtername2=, Filtername3=, VerifyChip=CANADA, TestCaseDescription =check whether data is fetched from the backend service, Steps to execute=1.Click Add Rule
2. Select "Approving Unit Geography" from Geography Category
3. Click Add filters (+) and select "North America (L1 - 200)"
4.Close the dialog, ExpectedResult=a. "Approving Unit Geography" dialog should have the value "North America (L1 - 200)"
b. Chip in the main screen after dialog close should display "CANADA (L4 -CA)", "SAINT PIERRE AND MIQUELON (L4 - PM)", "UNITED STATES OF AMERICA (THE) (L4 - US)"})</span>
                  <div class="stack-trace">org.testng.SkipException: Approving Unit Geography&apos;s CaseToRun Flag Is &apos;N&apos; Or Blank. So Skipping Execution Of Approving Unit Geography
	at testcases.Regression.SanityTC10(Regression.java:237)
	at sun.reflect.NativeMethodAccessorImpl.invoke0(Native Method)
	at sun.reflect.NativeMethodAccessorImpl.invoke(Unknown Source)
	at sun.reflect.DelegatingMethodAccessorImpl.invoke(Unknown Source)
	at java.lang.reflect.Method.invoke(Unknown Source)
	at org.testng.internal.MethodInvocationHelper.invokeMethod(MethodInvocationHelper.java:108)
	at org.testng.internal.Invoker.invokeMethod(Invoker.java:661)
	at org.testng.internal.Invoker.invokeTestMethod(Invoker.java:869)
	at org.testng.internal.Invoker.invokeTestMethods(Invoker.java:1193)
	at org.testng.internal.TestMethodWorker.invokeTestMethods(TestMethodWorker.java:126)
	at org.testng.internal.TestMethodWorker.run(TestMethodWorker.java:109)
	at org.testng.TestRunner.privateRun(TestRunner.java:744)
	at org.testng.TestRunner.run(TestRunner.java:602)
	at org.testng.SuiteRunner.runTest(SuiteRunner.java:380)
	at org.testng.SuiteRunner.runSequentially(SuiteRunner.java:375)
	at org.testng.SuiteRunner.privateRun(SuiteRunner.java:340)
	at org.testng.SuiteRunner.run(SuiteRunner.java:289)
	at org.testng.SuiteRunnerWorker.runSuite(SuiteRunnerWorker.java:52)
	at org.testng.SuiteRunnerWorker.run(SuiteRunnerWorker.java:86)
	at org.testng.TestNG.runSuitesSequentially(TestNG.java:1301)
	at org.testng.TestNG.runSuitesLocally(TestNG.java:1226)
	at org.testng.TestNG.runSuites(TestNG.java:1144)
	at org.testng.TestNG.run(TestNG.java:1115)
	at org.testng.remote.AbstractRemoteTestNG.run(AbstractRemoteTestNG.java:114)
	at org.testng.remote.RemoteTestNG.initAndRun(RemoteTestNG.java:251)
	at org.testng.remote.RemoteTestNG.main(RemoteTestNG.java:77)

</div> <!-- stack-trace -->
                </div> <!-- method-content -->
              </div> <!-- method -->
              <div class="method">
                <div class="method-content">
                  <a name="SanityTC11({TestCaseName=Extending Unit Geography , CaseToRun=N, Module=Portfolio, Pass/Fail/Skip=SKIP, Categor...)">
                  </a> <!-- SanityTC11({TestCaseName=Extending Unit Geography , CaseToRun=N, Module=Portfolio, Pass/Fail/Skip=SKIP, Categor...) -->
                  <span class="method-name">SanityTC11</span>
                  <span class="parameters">({TestCaseName=Extending Unit Geography , CaseToRun=N, Module=Portfolio, Pass/Fail/Skip=SKIP, Category=, AddRule=Extending Unit Geography, Level1=, Filtername=North America (L1 - 200), Filtername2=, Filtername3=, VerifyChip=CANADA, TestCaseDescription =check whether data is fetched from the backend service, Steps to execute=1.Click Add Rule
2. Select "Extending Unit Geography" from Geography Category
3. Click Add filters (+) and select "North America (L1 - 200)"
4.Close the dialog, ExpectedResult=a "Extending Unit Geography" dialog should have the value "North America (L1 - 200)"
b. Chip in the main screen after dialog close should display "CANADA (L4 -CA)", "SAINT PIERRE AND MIQUELON (L4 - PM)", "UNITED STATES OF AMERICA (THE) (L4 - US)"})</span>
                  <div class="stack-trace">org.testng.SkipException: Extending Unit Geography &apos;s CaseToRun Flag Is &apos;N&apos; Or Blank. So Skipping Execution Of Extending Unit Geography 
	at testcases.Regression.SanityTC11(Regression.java:256)
	at sun.reflect.NativeMethodAccessorImpl.invoke0(Native Method)
	at sun.reflect.NativeMethodAccessorImpl.invoke(Unknown Source)
	at sun.reflect.DelegatingMethodAccessorImpl.invoke(Unknown Source)
	at java.lang.reflect.Method.invoke(Unknown Source)
	at org.testng.internal.MethodInvocationHelper.invokeMethod(MethodInvocationHelper.java:108)
	at org.testng.internal.Invoker.invokeMethod(Invoker.java:661)
	at org.testng.internal.Invoker.invokeTestMethod(Invoker.java:869)
	at org.testng.internal.Invoker.invokeTestMethods(Invoker.java:1193)
	at org.testng.internal.TestMethodWorker.invokeTestMethods(TestMethodWorker.java:126)
	at org.testng.internal.TestMethodWorker.run(TestMethodWorker.java:109)
	at org.testng.TestRunner.privateRun(TestRunner.java:744)
	at org.testng.TestRunner.run(TestRunner.java:602)
	at org.testng.SuiteRunner.runTest(SuiteRunner.java:380)
	at org.testng.SuiteRunner.runSequentially(SuiteRunner.java:375)
	at org.testng.SuiteRunner.privateRun(SuiteRunner.java:340)
	at org.testng.SuiteRunner.run(SuiteRunner.java:289)
	at org.testng.SuiteRunnerWorker.runSuite(SuiteRunnerWorker.java:52)
	at org.testng.SuiteRunnerWorker.run(SuiteRunnerWorker.java:86)
	at org.testng.TestNG.runSuitesSequentially(TestNG.java:1301)
	at org.testng.TestNG.runSuitesLocally(TestNG.java:1226)
	at org.testng.TestNG.runSuites(TestNG.java:1144)
	at org.testng.TestNG.run(TestNG.java:1115)
	at org.testng.remote.AbstractRemoteTestNG.run(AbstractRemoteTestNG.java:114)
	at org.testng.remote.RemoteTestNG.initAndRun(RemoteTestNG.java:251)
	at org.testng.remote.RemoteTestNG.main(RemoteTestNG.java:77)

</div> <!-- stack-trace -->
                </div> <!-- method-content -->
              </div> <!-- method -->
              <div class="method">
                <div class="method-content">
                  <a name="SanityTC12({TestCaseName=Global Organization Code Enriched Geography, CaseToRun=N, Module=Portfolio, Pass/Fail/...)">
                  </a> <!-- SanityTC12({TestCaseName=Global Organization Code Enriched Geography, CaseToRun=N, Module=Portfolio, Pass/Fail/...) -->
                  <span class="method-name">SanityTC12</span>
                  <span class="parameters">({TestCaseName=Global Organization Code Enriched Geography, CaseToRun=N, Module=Portfolio, Pass/Fail/Skip=SKIP, Category=, AddRule=Global Organization Code Enriched Geography, Level1=, Filtername=AUSTRALIA, Filtername2=, Filtername3=, VerifyChip=, TestCaseDescription =check whether data is fetched from the backend service, Steps to execute=1.Click Add Rule
2. Select "Global Organization Code Enriched Geography" from Geography Category
3. Click Add filters (+) and select "AUSTRALIA", ExpectedResult="Global Organization Code Enriched Geography" dialog should have the value AUSTRALIA})</span>
                  <div class="stack-trace">org.testng.SkipException: Global Organization Code Enriched Geography&apos;s CaseToRun Flag Is &apos;N&apos; Or Blank. So Skipping Execution Of Global Organization Code Enriched Geography
	at testcases.Regression.SanityTC12(Regression.java:274)
	at sun.reflect.NativeMethodAccessorImpl.invoke0(Native Method)
	at sun.reflect.NativeMethodAccessorImpl.invoke(Unknown Source)
	at sun.reflect.DelegatingMethodAccessorImpl.invoke(Unknown Source)
	at java.lang.reflect.Method.invoke(Unknown Source)
	at org.testng.internal.MethodInvocationHelper.invokeMethod(MethodInvocationHelper.java:108)
	at org.testng.internal.Invoker.invokeMethod(Invoker.java:661)
	at org.testng.internal.Invoker.invokeTestMethod(Invoker.java:869)
	at org.testng.internal.Invoker.invokeTestMethods(Invoker.java:1193)
	at org.testng.internal.TestMethodWorker.invokeTestMethods(TestMethodWorker.java:126)
	at org.testng.internal.TestMethodWorker.run(TestMethodWorker.java:109)
	at org.testng.TestRunner.privateRun(TestRunner.java:744)
	at org.testng.TestRunner.run(TestRunner.java:602)
	at org.testng.SuiteRunner.runTest(SuiteRunner.java:380)
	at org.testng.SuiteRunner.runSequentially(SuiteRunner.java:375)
	at org.testng.SuiteRunner.privateRun(SuiteRunner.java:340)
	at org.testng.SuiteRunner.run(SuiteRunner.java:289)
	at org.testng.SuiteRunnerWorker.runSuite(SuiteRunnerWorker.java:52)
	at org.testng.SuiteRunnerWorker.run(SuiteRunnerWorker.java:86)
	at org.testng.TestNG.runSuitesSequentially(TestNG.java:1301)
	at org.testng.TestNG.runSuitesLocally(TestNG.java:1226)
	at org.testng.TestNG.runSuites(TestNG.java:1144)
	at org.testng.TestNG.run(TestNG.java:1115)
	at org.testng.remote.AbstractRemoteTestNG.run(AbstractRemoteTestNG.java:114)
	at org.testng.remote.RemoteTestNG.initAndRun(RemoteTestNG.java:251)
	at org.testng.remote.RemoteTestNG.main(RemoteTestNG.java:77)

</div> <!-- stack-trace -->
                </div> <!-- method-content -->
              </div> <!-- method -->
              <div class="method">
                <div class="method-content">
                  <a name="SanityTC13({TestCaseName=Relationship Geography At Risk, CaseToRun=N, Module=Portfolio, Pass/Fail/Skip=SKIP, Ca...)">
                  </a> <!-- SanityTC13({TestCaseName=Relationship Geography At Risk, CaseToRun=N, Module=Portfolio, Pass/Fail/Skip=SKIP, Ca...) -->
                  <span class="method-name">SanityTC13</span>
                  <span class="parameters">({TestCaseName=Relationship Geography At Risk, CaseToRun=N, Module=Portfolio, Pass/Fail/Skip=SKIP, Category=, AddRule=Relationship Geography at Risk, Level1=, Filtername=North America (L1 - 200), Filtername2=, Filtername3=, VerifyChip=CANADA, TestCaseDescription =check whether data is fetched from the backend service, Steps to execute=1.Click Add Rule
2. Select "Relationship Geography At Risk" from Geography Category
3. Click Add filters (+) and select "North America (L1 - 200)"
4.Close the dialog
, ExpectedResult=a. "Relationship Geography At Risk" dialog have the value "North America (L1 - 200)"
b. Chip in the main screen after dialog close should display "CANADA (L4 -CA)", "SAINT PIERRE AND MIQUELON (L4 - PM)", "UNITED STATES OF AMERICA (THE) (L4 - US)"
})</span>
                  <div class="stack-trace">org.testng.SkipException: Relationship Geography At Risk&apos;s CaseToRun Flag Is &apos;N&apos; Or Blank. So Skipping Execution Of Relationship Geography At Risk
	at testcases.Regression.SanityTC13(Regression.java:293)
	at sun.reflect.NativeMethodAccessorImpl.invoke0(Native Method)
	at sun.reflect.NativeMethodAccessorImpl.invoke(Unknown Source)
	at sun.reflect.DelegatingMethodAccessorImpl.invoke(Unknown Source)
	at java.lang.reflect.Method.invoke(Unknown Source)
	at org.testng.internal.MethodInvocationHelper.invokeMethod(MethodInvocationHelper.java:108)
	at org.testng.internal.Invoker.invokeMethod(Invoker.java:661)
	at org.testng.internal.Invoker.invokeTestMethod(Invoker.java:869)
	at org.testng.internal.Invoker.invokeTestMethods(Invoker.java:1193)
	at org.testng.internal.TestMethodWorker.invokeTestMethods(TestMethodWorker.java:126)
	at org.testng.internal.TestMethodWorker.run(TestMethodWorker.java:109)
	at org.testng.TestRunner.privateRun(TestRunner.java:744)
	at org.testng.TestRunner.run(TestRunner.java:602)
	at org.testng.SuiteRunner.runTest(SuiteRunner.java:380)
	at org.testng.SuiteRunner.runSequentially(SuiteRunner.java:375)
	at org.testng.SuiteRunner.privateRun(SuiteRunner.java:340)
	at org.testng.SuiteRunner.run(SuiteRunner.java:289)
	at org.testng.SuiteRunnerWorker.runSuite(SuiteRunnerWorker.java:52)
	at org.testng.SuiteRunnerWorker.run(SuiteRunnerWorker.java:86)
	at org.testng.TestNG.runSuitesSequentially(TestNG.java:1301)
	at org.testng.TestNG.runSuitesLocally(TestNG.java:1226)
	at org.testng.TestNG.runSuites(TestNG.java:1144)
	at org.testng.TestNG.run(TestNG.java:1115)
	at org.testng.remote.AbstractRemoteTestNG.run(AbstractRemoteTestNG.java:114)
	at org.testng.remote.RemoteTestNG.initAndRun(RemoteTestNG.java:251)
	at org.testng.remote.RemoteTestNG.main(RemoteTestNG.java:77)

</div> <!-- stack-trace -->
                </div> <!-- method-content -->
              </div> <!-- method -->
              <div class="method">
                <div class="method-content">
                  <a name="SanityTC14({TestCaseName=Obligor Geography At Risk, CaseToRun=N, Module=Portfolio, Pass/Fail/Skip=SKIP, Categor...)">
                  </a> <!-- SanityTC14({TestCaseName=Obligor Geography At Risk, CaseToRun=N, Module=Portfolio, Pass/Fail/Skip=SKIP, Categor...) -->
                  <span class="method-name">SanityTC14</span>
                  <span class="parameters">({TestCaseName=Obligor Geography At Risk, CaseToRun=N, Module=Portfolio, Pass/Fail/Skip=SKIP, Category=, AddRule=Obligor Geography at Risk, Level1=, Filtername=North America (L1 - 200), Filtername2=, Filtername3=, VerifyChip=CANADA, TestCaseDescription =check whether data is fetched from the backend service, Steps to execute=1.Click Add Rule
2. Select "Obligor Geography At Risk" from Geography Category
3. Click Add filters (+) and select "North America (L1 - 200)"
4.Close the dialog
, ExpectedResult=a. "Obligor Geography At Risk" dialog should have the value "North America (L1 - 200)"
b. Chip in the main screen after dialog close should display "CANADA (L4 -CA)", "SAINT PIERRE AND MIQUELON (L4 - PM)", "UNITED STATES OF AMERICA (THE) (L4 - US)"
})</span>
                  <div class="stack-trace">org.testng.SkipException: Obligor Geography At Risk&apos;s CaseToRun Flag Is &apos;N&apos; Or Blank. So Skipping Execution Of Obligor Geography At Risk
	at testcases.Regression.SanityTC14(Regression.java:312)
	at sun.reflect.NativeMethodAccessorImpl.invoke0(Native Method)
	at sun.reflect.NativeMethodAccessorImpl.invoke(Unknown Source)
	at sun.reflect.DelegatingMethodAccessorImpl.invoke(Unknown Source)
	at java.lang.reflect.Method.invoke(Unknown Source)
	at org.testng.internal.MethodInvocationHelper.invokeMethod(MethodInvocationHelper.java:108)
	at org.testng.internal.Invoker.invokeMethod(Invoker.java:661)
	at org.testng.internal.Invoker.invokeTestMethod(Invoker.java:869)
	at org.testng.internal.Invoker.invokeTestMethods(Invoker.java:1193)
	at org.testng.internal.TestMethodWorker.invokeTestMethods(TestMethodWorker.java:126)
	at org.testng.internal.TestMethodWorker.run(TestMethodWorker.java:109)
	at org.testng.TestRunner.privateRun(TestRunner.java:744)
	at org.testng.TestRunner.run(TestRunner.java:602)
	at org.testng.SuiteRunner.runTest(SuiteRunner.java:380)
	at org.testng.SuiteRunner.runSequentially(SuiteRunner.java:375)
	at org.testng.SuiteRunner.privateRun(SuiteRunner.java:340)
	at org.testng.SuiteRunner.run(SuiteRunner.java:289)
	at org.testng.SuiteRunnerWorker.runSuite(SuiteRunnerWorker.java:52)
	at org.testng.SuiteRunnerWorker.run(SuiteRunnerWorker.java:86)
	at org.testng.TestNG.runSuitesSequentially(TestNG.java:1301)
	at org.testng.TestNG.runSuitesLocally(TestNG.java:1226)
	at org.testng.TestNG.runSuites(TestNG.java:1144)
	at org.testng.TestNG.run(TestNG.java:1115)
	at org.testng.remote.AbstractRemoteTestNG.run(AbstractRemoteTestNG.java:114)
	at org.testng.remote.RemoteTestNG.initAndRun(RemoteTestNG.java:251)
	at org.testng.remote.RemoteTestNG.main(RemoteTestNG.java:77)

</div> <!-- stack-trace -->
                </div> <!-- method-content -->
              </div> <!-- method -->
              <div class="method">
                <div class="method-content">
                  <a name="SanityTC15({TestCaseName=Relationship Risk Management Industry, CaseToRun=N, Module=Portfolio, Pass/Fail/Skip=S...)">
                  </a> <!-- SanityTC15({TestCaseName=Relationship Risk Management Industry, CaseToRun=N, Module=Portfolio, Pass/Fail/Skip=S...) -->
                  <span class="method-name">SanityTC15</span>
                  <span class="parameters">({TestCaseName=Relationship Risk Management Industry, CaseToRun=N, Module=Portfolio, Pass/Fail/Skip=SKIP, Category=, AddRule=Relationship Risk Management Industry, Level1=, Filtername=Edu - Primary School(L3 - 921030), Filtername2=, Filtername3=, VerifyChip=Edu - Primary School(L3 - 921030), TestCaseDescription =check whether data is fetched from the backend service, Steps to execute=1.Click Add Rule
2. Select "Relationship Risk Management Industry" from "Industry & Support" Category
3. Click Add filters (+) and select "Edu - Primary School(L3 - 921030)"
4. Click close of the dialog
5. Chip " Edu - Schools Grade K-12 - Private (L4 - 92103020)" should be populated  , ExpectedResult=a. "Relationship Risk Management Industry" dialog should have the value "Edu - Primary School(L3 - 921030)". 
b. Chip for " Edu - Schools Grade K-12 - Private (L4 - 92103020)" should be displayed in main screen})</span>
                  <div class="stack-trace">org.testng.SkipException: Relationship Risk Management Industry&apos;s CaseToRun Flag Is &apos;N&apos; Or Blank. So Skipping Execution Of Relationship Risk Management Industry
	at testcases.Regression.SanityTC15(Regression.java:331)
	at sun.reflect.NativeMethodAccessorImpl.invoke0(Native Method)
	at sun.reflect.NativeMethodAccessorImpl.invoke(Unknown Source)
	at sun.reflect.DelegatingMethodAccessorImpl.invoke(Unknown Source)
	at java.lang.reflect.Method.invoke(Unknown Source)
	at org.testng.internal.MethodInvocationHelper.invokeMethod(MethodInvocationHelper.java:108)
	at org.testng.internal.Invoker.invokeMethod(Invoker.java:661)
	at org.testng.internal.Invoker.invokeTestMethod(Invoker.java:869)
	at org.testng.internal.Invoker.invokeTestMethods(Invoker.java:1193)
	at org.testng.internal.TestMethodWorker.invokeTestMethods(TestMethodWorker.java:126)
	at org.testng.internal.TestMethodWorker.run(TestMethodWorker.java:109)
	at org.testng.TestRunner.privateRun(TestRunner.java:744)
	at org.testng.TestRunner.run(TestRunner.java:602)
	at org.testng.SuiteRunner.runTest(SuiteRunner.java:380)
	at org.testng.SuiteRunner.runSequentially(SuiteRunner.java:375)
	at org.testng.SuiteRunner.privateRun(SuiteRunner.java:340)
	at org.testng.SuiteRunner.run(SuiteRunner.java:289)
	at org.testng.SuiteRunnerWorker.runSuite(SuiteRunnerWorker.java:52)
	at org.testng.SuiteRunnerWorker.run(SuiteRunnerWorker.java:86)
	at org.testng.TestNG.runSuitesSequentially(TestNG.java:1301)
	at org.testng.TestNG.runSuitesLocally(TestNG.java:1226)
	at org.testng.TestNG.runSuites(TestNG.java:1144)
	at org.testng.TestNG.run(TestNG.java:1115)
	at org.testng.remote.AbstractRemoteTestNG.run(AbstractRemoteTestNG.java:114)
	at org.testng.remote.RemoteTestNG.initAndRun(RemoteTestNG.java:251)
	at org.testng.remote.RemoteTestNG.main(RemoteTestNG.java:77)

</div> <!-- stack-trace -->
                </div> <!-- method-content -->
              </div> <!-- method -->
              <div class="method">
                <div class="method-content">
                  <a name="SanityTC16({TestCaseName=Obligor Risk Management Industry, CaseToRun=N, Module=Portfolio, Pass/Fail/Skip=SKIP, ...)">
                  </a> <!-- SanityTC16({TestCaseName=Obligor Risk Management Industry, CaseToRun=N, Module=Portfolio, Pass/Fail/Skip=SKIP, ...) -->
                  <span class="method-name">SanityTC16</span>
                  <span class="parameters">({TestCaseName=Obligor Risk Management Industry, CaseToRun=N, Module=Portfolio, Pass/Fail/Skip=SKIP, Category=, AddRule=Obligor Risk Management Industry, Level1=, Filtername= Conglomerates (L1 -96), Filtername2=, Filtername3=, VerifyChip=Conglomerates, TestCaseDescription =check whether data is fetched from the backend service, Steps to execute=1.Click Add Rule
2. Select "Obligor Risk Management Industry" from "Industry & Support" Category
3. Click Add filters (+) and select " Conglomerates (L1 -96)"
4. Click close of the dialog
5. Chip " Conglomerates  (L4 - 90501010)" should be populated  , ExpectedResult=a. "Obligor Risk Management Industry" dialog should have the value "Conglomerates (L1 -96)". 
b. Chip for " Conglomerates  (L4 - 90501010)" should be displayed in main screen})</span>
                  <div class="stack-trace">org.testng.SkipException: Obligor Risk Management Industry&apos;s CaseToRun Flag Is &apos;N&apos; Or Blank. So Skipping Execution Of Obligor Risk Management Industry
	at testcases.Regression.SanityTC16(Regression.java:350)
	at sun.reflect.NativeMethodAccessorImpl.invoke0(Native Method)
	at sun.reflect.NativeMethodAccessorImpl.invoke(Unknown Source)
	at sun.reflect.DelegatingMethodAccessorImpl.invoke(Unknown Source)
	at java.lang.reflect.Method.invoke(Unknown Source)
	at org.testng.internal.MethodInvocationHelper.invokeMethod(MethodInvocationHelper.java:108)
	at org.testng.internal.Invoker.invokeMethod(Invoker.java:661)
	at org.testng.internal.Invoker.invokeTestMethod(Invoker.java:869)
	at org.testng.internal.Invoker.invokeTestMethods(Invoker.java:1193)
	at org.testng.internal.TestMethodWorker.invokeTestMethods(TestMethodWorker.java:126)
	at org.testng.internal.TestMethodWorker.run(TestMethodWorker.java:109)
	at org.testng.TestRunner.privateRun(TestRunner.java:744)
	at org.testng.TestRunner.run(TestRunner.java:602)
	at org.testng.SuiteRunner.runTest(SuiteRunner.java:380)
	at org.testng.SuiteRunner.runSequentially(SuiteRunner.java:375)
	at org.testng.SuiteRunner.privateRun(SuiteRunner.java:340)
	at org.testng.SuiteRunner.run(SuiteRunner.java:289)
	at org.testng.SuiteRunnerWorker.runSuite(SuiteRunnerWorker.java:52)
	at org.testng.SuiteRunnerWorker.run(SuiteRunnerWorker.java:86)
	at org.testng.TestNG.runSuitesSequentially(TestNG.java:1301)
	at org.testng.TestNG.runSuitesLocally(TestNG.java:1226)
	at org.testng.TestNG.runSuites(TestNG.java:1144)
	at org.testng.TestNG.run(TestNG.java:1115)
	at org.testng.remote.AbstractRemoteTestNG.run(AbstractRemoteTestNG.java:114)
	at org.testng.remote.RemoteTestNG.initAndRun(RemoteTestNG.java:251)
	at org.testng.remote.RemoteTestNG.main(RemoteTestNG.java:77)

</div> <!-- stack-trace -->
                </div> <!-- method-content -->
              </div> <!-- method -->
              <div class="method">
                <div class="method-content">
                  <a name="SanityTC17({TestCaseName=Obligor Support Type, CaseToRun=N, Module=Portfolio, Pass/Fail/Skip=SKIP, Category=, A...)">
                  </a> <!-- SanityTC17({TestCaseName=Obligor Support Type, CaseToRun=N, Module=Portfolio, Pass/Fail/Skip=SKIP, Category=, A...) -->
                  <span class="method-name">SanityTC17</span>
                  <span class="parameters">({TestCaseName=Obligor Support Type, CaseToRun=N, Module=Portfolio, Pass/Fail/Skip=SKIP, Category=, AddRule=Obligor Support Type, Level1=, Filtername=Full Faith and Credit, Filtername2=, Filtername3=, VerifyChip=Full Faith and Credit, TestCaseDescription =check whether data is fetched from the backend service, Steps to execute=1.Click Add Rule
2. Select "Obligor Support Type" from "Industry & Support" Category
3. Click Add filters (+) and select "Full Faith and Credit"
4. Verify if this dailog display Radio Buttons
5. Click close of the dialog
6. Chip "Full Faith and Credit" should be populated  , ExpectedResult=a. "Obligor Support Type" dialog should have radio buttons alone and the value "Full Faith and Credit". 
b. Chip for " Full Faith and Credit" should be displayed in main screen
})</span>
                  <div class="stack-trace">org.testng.SkipException: Obligor Support Type&apos;s CaseToRun Flag Is &apos;N&apos; Or Blank. So Skipping Execution Of Obligor Support Type
	at testcases.Regression.SanityTC17(Regression.java:369)
	at sun.reflect.NativeMethodAccessorImpl.invoke0(Native Method)
	at sun.reflect.NativeMethodAccessorImpl.invoke(Unknown Source)
	at sun.reflect.DelegatingMethodAccessorImpl.invoke(Unknown Source)
	at java.lang.reflect.Method.invoke(Unknown Source)
	at org.testng.internal.MethodInvocationHelper.invokeMethod(MethodInvocationHelper.java:108)
	at org.testng.internal.Invoker.invokeMethod(Invoker.java:661)
	at org.testng.internal.Invoker.invokeTestMethod(Invoker.java:869)
	at org.testng.internal.Invoker.invokeTestMethods(Invoker.java:1193)
	at org.testng.internal.TestMethodWorker.invokeTestMethods(TestMethodWorker.java:126)
	at org.testng.internal.TestMethodWorker.run(TestMethodWorker.java:109)
	at org.testng.TestRunner.privateRun(TestRunner.java:744)
	at org.testng.TestRunner.run(TestRunner.java:602)
	at org.testng.SuiteRunner.runTest(SuiteRunner.java:380)
	at org.testng.SuiteRunner.runSequentially(SuiteRunner.java:375)
	at org.testng.SuiteRunner.privateRun(SuiteRunner.java:340)
	at org.testng.SuiteRunner.run(SuiteRunner.java:289)
	at org.testng.SuiteRunnerWorker.runSuite(SuiteRunnerWorker.java:52)
	at org.testng.SuiteRunnerWorker.run(SuiteRunnerWorker.java:86)
	at org.testng.TestNG.runSuitesSequentially(TestNG.java:1301)
	at org.testng.TestNG.runSuitesLocally(TestNG.java:1226)
	at org.testng.TestNG.runSuites(TestNG.java:1144)
	at org.testng.TestNG.run(TestNG.java:1115)
	at org.testng.remote.AbstractRemoteTestNG.run(AbstractRemoteTestNG.java:114)
	at org.testng.remote.RemoteTestNG.initAndRun(RemoteTestNG.java:251)
	at org.testng.remote.RemoteTestNG.main(RemoteTestNG.java:77)

</div> <!-- stack-trace -->
                </div> <!-- method-content -->
              </div> <!-- method -->
              <div class="method">
                <div class="method-content">
                  <a name="SanityTC18({TestCaseName=CAGID , CaseToRun=N, Module=Portfolio, Pass/Fail/Skip=SKIP, Category=, AddRule=CAGID, ...)">
                  </a> <!-- SanityTC18({TestCaseName=CAGID , CaseToRun=N, Module=Portfolio, Pass/Fail/Skip=SKIP, Category=, AddRule=CAGID, ...) -->
                  <span class="method-name">SanityTC18</span>
                  <span class="parameters">({TestCaseName=CAGID , CaseToRun=N, Module=Portfolio, Pass/Fail/Skip=SKIP, Category=, AddRule=CAGID, Level1=, Filtername=9000311437,1009565678, Filtername2=, Filtername3=, VerifyChip=, TestCaseDescription =check whether data is fetched from the backend service, Steps to execute=1. Enter "9000311437,1009565678" in the textArea
2. Click Review, ExpectedResult=Top Exposures dialog should be displayed with results})</span>
                  <div class="stack-trace">org.testng.SkipException: CAGID &apos;s CaseToRun Flag Is &apos;N&apos; Or Blank. So Skipping Execution Of CAGID 
	at testcases.Regression.SanityTC18(Regression.java:388)
	at sun.reflect.NativeMethodAccessorImpl.invoke0(Native Method)
	at sun.reflect.NativeMethodAccessorImpl.invoke(Unknown Source)
	at sun.reflect.DelegatingMethodAccessorImpl.invoke(Unknown Source)
	at java.lang.reflect.Method.invoke(Unknown Source)
	at org.testng.internal.MethodInvocationHelper.invokeMethod(MethodInvocationHelper.java:108)
	at org.testng.internal.Invoker.invokeMethod(Invoker.java:661)
	at org.testng.internal.Invoker.invokeTestMethod(Invoker.java:869)
	at org.testng.internal.Invoker.invokeTestMethods(Invoker.java:1193)
	at org.testng.internal.TestMethodWorker.invokeTestMethods(TestMethodWorker.java:126)
	at org.testng.internal.TestMethodWorker.run(TestMethodWorker.java:109)
	at org.testng.TestRunner.privateRun(TestRunner.java:744)
	at org.testng.TestRunner.run(TestRunner.java:602)
	at org.testng.SuiteRunner.runTest(SuiteRunner.java:380)
	at org.testng.SuiteRunner.runSequentially(SuiteRunner.java:375)
	at org.testng.SuiteRunner.privateRun(SuiteRunner.java:340)
	at org.testng.SuiteRunner.run(SuiteRunner.java:289)
	at org.testng.SuiteRunnerWorker.runSuite(SuiteRunnerWorker.java:52)
	at org.testng.SuiteRunnerWorker.run(SuiteRunnerWorker.java:86)
	at org.testng.TestNG.runSuitesSequentially(TestNG.java:1301)
	at org.testng.TestNG.runSuitesLocally(TestNG.java:1226)
	at org.testng.TestNG.runSuites(TestNG.java:1144)
	at org.testng.TestNG.run(TestNG.java:1115)
	at org.testng.remote.AbstractRemoteTestNG.run(AbstractRemoteTestNG.java:114)
	at org.testng.remote.RemoteTestNG.initAndRun(RemoteTestNG.java:251)
	at org.testng.remote.RemoteTestNG.main(RemoteTestNG.java:77)

</div> <!-- stack-trace -->
                </div> <!-- method-content -->
              </div> <!-- method -->
              <div class="method">
                <div class="method-content">
                  <a name="SanityTC19({TestCaseName=Relationship Name #1, CaseToRun=N, Module=Portfolio, Pass/Fail/Skip=SKIP, Category=, A...)">
                  </a> <!-- SanityTC19({TestCaseName=Relationship Name #1, CaseToRun=N, Module=Portfolio, Pass/Fail/Skip=SKIP, Category=, A...) -->
                  <span class="method-name">SanityTC19</span>
                  <span class="parameters">({TestCaseName=Relationship Name #1, CaseToRun=N, Module=Portfolio, Pass/Fail/Skip=SKIP, Category=, AddRule=Relationship Name, Level1=, Filtername=(IZ)QUEENCO LIMITED (1009174296), Filtername2=, Filtername3=, VerifyChip=(IZ)QUEENCO LIMITED (1009174296), TestCaseDescription =check whether data is fetched from the backend service, Steps to execute=1.Click Add Rule
2. Select "Relationship Name" from Customer Category
3. Click Add filters (+) and select "(IZ)QUEENCO LIMITED (1009174296)", ExpectedResult="Relationship Name" dialog should have the value "(IZ)QUEENCO LIMITED (1009174296)"})</span>
                  <div class="stack-trace">org.testng.SkipException: Relationship Name #1&apos;s CaseToRun Flag Is &apos;N&apos; Or Blank. So Skipping Execution Of Relationship Name #1
	at testcases.Regression.SanityTC19(Regression.java:407)
	at sun.reflect.NativeMethodAccessorImpl.invoke0(Native Method)
	at sun.reflect.NativeMethodAccessorImpl.invoke(Unknown Source)
	at sun.reflect.DelegatingMethodAccessorImpl.invoke(Unknown Source)
	at java.lang.reflect.Method.invoke(Unknown Source)
	at org.testng.internal.MethodInvocationHelper.invokeMethod(MethodInvocationHelper.java:108)
	at org.testng.internal.Invoker.invokeMethod(Invoker.java:661)
	at org.testng.internal.Invoker.invokeTestMethod(Invoker.java:869)
	at org.testng.internal.Invoker.invokeTestMethods(Invoker.java:1193)
	at org.testng.internal.TestMethodWorker.invokeTestMethods(TestMethodWorker.java:126)
	at org.testng.internal.TestMethodWorker.run(TestMethodWorker.java:109)
	at org.testng.TestRunner.privateRun(TestRunner.java:744)
	at org.testng.TestRunner.run(TestRunner.java:602)
	at org.testng.SuiteRunner.runTest(SuiteRunner.java:380)
	at org.testng.SuiteRunner.runSequentially(SuiteRunner.java:375)
	at org.testng.SuiteRunner.privateRun(SuiteRunner.java:340)
	at org.testng.SuiteRunner.run(SuiteRunner.java:289)
	at org.testng.SuiteRunnerWorker.runSuite(SuiteRunnerWorker.java:52)
	at org.testng.SuiteRunnerWorker.run(SuiteRunnerWorker.java:86)
	at org.testng.TestNG.runSuitesSequentially(TestNG.java:1301)
	at org.testng.TestNG.runSuitesLocally(TestNG.java:1226)
	at org.testng.TestNG.runSuites(TestNG.java:1144)
	at org.testng.TestNG.run(TestNG.java:1115)
	at org.testng.remote.AbstractRemoteTestNG.run(AbstractRemoteTestNG.java:114)
	at org.testng.remote.RemoteTestNG.initAndRun(RemoteTestNG.java:251)
	at org.testng.remote.RemoteTestNG.main(RemoteTestNG.java:77)

</div> <!-- stack-trace -->
                </div> <!-- method-content -->
              </div> <!-- method -->
              <div class="method">
                <div class="method-content">
                  <a name="SanityTC2({TestCaseName=Independent Risk Unit Credit Coverage Area, CaseToRun=N, Module=Portfolio, Pass/Fail/S...)">
                  </a> <!-- SanityTC2({TestCaseName=Independent Risk Unit Credit Coverage Area, CaseToRun=N, Module=Portfolio, Pass/Fail/S...) -->
                  <span class="method-name">SanityTC2</span>
                  <span class="parameters">({TestCaseName=Independent Risk Unit Credit Coverage Area, CaseToRun=N, Module=Portfolio, Pass/Fail/Skip=SKIP, Category=, AddRule=Independent Risk Unit Credit Coverage Area, Level1=, Filtername=Banks|SPM, Filtername2=, Filtername3=, VerifyChip=, TestCaseDescription =check whether data is fetched from the backend service, Steps to execute=1.Click Add Rule
2. Select "Independent Risk Unit - Credit Coverage Area"  from "Business Unit" Category
3. Click Add filters (+) and select Banks, SPM, ExpectedResult="Independent Risk Unit Credit Coverage Area" dialog should have the values Banks, SPM})</span>
                  <div class="stack-trace">org.testng.SkipException: Independent Risk Unit Credit Coverage Area&apos;s CaseToRun Flag Is &apos;N&apos; Or Blank. So Skipping Execution Of Independent Risk Unit Credit Coverage Area
	at testcases.Regression.SanityTC2(Regression.java:88)
	at sun.reflect.NativeMethodAccessorImpl.invoke0(Native Method)
	at sun.reflect.NativeMethodAccessorImpl.invoke(Unknown Source)
	at sun.reflect.DelegatingMethodAccessorImpl.invoke(Unknown Source)
	at java.lang.reflect.Method.invoke(Unknown Source)
	at org.testng.internal.MethodInvocationHelper.invokeMethod(MethodInvocationHelper.java:108)
	at org.testng.internal.Invoker.invokeMethod(Invoker.java:661)
	at org.testng.internal.Invoker.invokeTestMethod(Invoker.java:869)
	at org.testng.internal.Invoker.invokeTestMethods(Invoker.java:1193)
	at org.testng.internal.TestMethodWorker.invokeTestMethods(TestMethodWorker.java:126)
	at org.testng.internal.TestMethodWorker.run(TestMethodWorker.java:109)
	at org.testng.TestRunner.privateRun(TestRunner.java:744)
	at org.testng.TestRunner.run(TestRunner.java:602)
	at org.testng.SuiteRunner.runTest(SuiteRunner.java:380)
	at org.testng.SuiteRunner.runSequentially(SuiteRunner.java:375)
	at org.testng.SuiteRunner.privateRun(SuiteRunner.java:340)
	at org.testng.SuiteRunner.run(SuiteRunner.java:289)
	at org.testng.SuiteRunnerWorker.runSuite(SuiteRunnerWorker.java:52)
	at org.testng.SuiteRunnerWorker.run(SuiteRunnerWorker.java:86)
	at org.testng.TestNG.runSuitesSequentially(TestNG.java:1301)
	at org.testng.TestNG.runSuitesLocally(TestNG.java:1226)
	at org.testng.TestNG.runSuites(TestNG.java:1144)
	at org.testng.TestNG.run(TestNG.java:1115)
	at org.testng.remote.AbstractRemoteTestNG.run(AbstractRemoteTestNG.java:114)
	at org.testng.remote.RemoteTestNG.initAndRun(RemoteTestNG.java:251)
	at org.testng.remote.RemoteTestNG.main(RemoteTestNG.java:77)

</div> <!-- stack-trace -->
                </div> <!-- method-content -->
              </div> <!-- method -->
              <div class="method">
                <div class="method-content">
                  <a name="SanityTC20({TestCaseName=Relationship Name #2, CaseToRun=N, Module=Portfolio, Pass/Fail/Skip=SKIP, Category=, A...)">
                  </a> <!-- SanityTC20({TestCaseName=Relationship Name #2, CaseToRun=N, Module=Portfolio, Pass/Fail/Skip=SKIP, Category=, A...) -->
                  <span class="method-name">SanityTC20</span>
                  <span class="parameters">({TestCaseName=Relationship Name #2, CaseToRun=N, Module=Portfolio, Pass/Fail/Skip=SKIP, Category=, AddRule=Relationship Name, Level1=, Filtername=AAREX INDIA (1010567684), Filtername2=, Filtername3=, VerifyChip=AAREX INDIA (1010567684), TestCaseDescription =check whether data is fetched from the backend service, Steps to execute=1.Click Add Rule
2. Select "Relationship Name" from Customer Category
3. Click Add filters (+) and search for "India"
4. Select "AAREX INDIA (1010567684)", ExpectedResult="Relationship Name" Dialog should have the value "AAREX INDIA (1010567684)" in the search result.})</span>
                  <div class="stack-trace">org.testng.SkipException: Relationship Name #2&apos;s CaseToRun Flag Is &apos;N&apos; Or Blank. So Skipping Execution Of Relationship Name #2
	at testcases.Regression.SanityTC20(Regression.java:426)
	at sun.reflect.NativeMethodAccessorImpl.invoke0(Native Method)
	at sun.reflect.NativeMethodAccessorImpl.invoke(Unknown Source)
	at sun.reflect.DelegatingMethodAccessorImpl.invoke(Unknown Source)
	at java.lang.reflect.Method.invoke(Unknown Source)
	at org.testng.internal.MethodInvocationHelper.invokeMethod(MethodInvocationHelper.java:108)
	at org.testng.internal.Invoker.invokeMethod(Invoker.java:661)
	at org.testng.internal.Invoker.invokeTestMethod(Invoker.java:869)
	at org.testng.internal.Invoker.invokeTestMethods(Invoker.java:1193)
	at org.testng.internal.TestMethodWorker.invokeTestMethods(TestMethodWorker.java:126)
	at org.testng.internal.TestMethodWorker.run(TestMethodWorker.java:109)
	at org.testng.TestRunner.privateRun(TestRunner.java:744)
	at org.testng.TestRunner.run(TestRunner.java:602)
	at org.testng.SuiteRunner.runTest(SuiteRunner.java:380)
	at org.testng.SuiteRunner.runSequentially(SuiteRunner.java:375)
	at org.testng.SuiteRunner.privateRun(SuiteRunner.java:340)
	at org.testng.SuiteRunner.run(SuiteRunner.java:289)
	at org.testng.SuiteRunnerWorker.runSuite(SuiteRunnerWorker.java:52)
	at org.testng.SuiteRunnerWorker.run(SuiteRunnerWorker.java:86)
	at org.testng.TestNG.runSuitesSequentially(TestNG.java:1301)
	at org.testng.TestNG.runSuitesLocally(TestNG.java:1226)
	at org.testng.TestNG.runSuites(TestNG.java:1144)
	at org.testng.TestNG.run(TestNG.java:1115)
	at org.testng.remote.AbstractRemoteTestNG.run(AbstractRemoteTestNG.java:114)
	at org.testng.remote.RemoteTestNG.initAndRun(RemoteTestNG.java:251)
	at org.testng.remote.RemoteTestNG.main(RemoteTestNG.java:77)

</div> <!-- stack-trace -->
                </div> <!-- method-content -->
              </div> <!-- method -->
              <div class="method">
                <div class="method-content">
                  <a name="SanityTC21({TestCaseName=GFCID, CaseToRun=N, Module=Portfolio, Pass/Fail/Skip=SKIP, Category=, AddRule=GFCID, L...)">
                  </a> <!-- SanityTC21({TestCaseName=GFCID, CaseToRun=N, Module=Portfolio, Pass/Fail/Skip=SKIP, Category=, AddRule=GFCID, L...) -->
                  <span class="method-name">SanityTC21</span>
                  <span class="parameters">({TestCaseName=GFCID, CaseToRun=N, Module=Portfolio, Pass/Fail/Skip=SKIP, Category=, AddRule=GFCID, Level1=, Filtername=0000071315,0000071316, Filtername2=, Filtername3=, VerifyChip=, TestCaseDescription =check whether data is fetched from the backend service, Steps to execute=1. Enter "0000071315, 0000071316" in the textArea
2. Click Review, ExpectedResult=Top Exposures dialog should be displayed with results})</span>
                  <div class="stack-trace">org.testng.SkipException: GFCID&apos;s CaseToRun Flag Is &apos;N&apos; Or Blank. So Skipping Execution Of GFCID
	at testcases.Regression.SanityTC21(Regression.java:444)
	at sun.reflect.NativeMethodAccessorImpl.invoke0(Native Method)
	at sun.reflect.NativeMethodAccessorImpl.invoke(Unknown Source)
	at sun.reflect.DelegatingMethodAccessorImpl.invoke(Unknown Source)
	at java.lang.reflect.Method.invoke(Unknown Source)
	at org.testng.internal.MethodInvocationHelper.invokeMethod(MethodInvocationHelper.java:108)
	at org.testng.internal.Invoker.invokeMethod(Invoker.java:661)
	at org.testng.internal.Invoker.invokeTestMethod(Invoker.java:869)
	at org.testng.internal.Invoker.invokeTestMethods(Invoker.java:1193)
	at org.testng.internal.TestMethodWorker.invokeTestMethods(TestMethodWorker.java:126)
	at org.testng.internal.TestMethodWorker.run(TestMethodWorker.java:109)
	at org.testng.TestRunner.privateRun(TestRunner.java:744)
	at org.testng.TestRunner.run(TestRunner.java:602)
	at org.testng.SuiteRunner.runTest(SuiteRunner.java:380)
	at org.testng.SuiteRunner.runSequentially(SuiteRunner.java:375)
	at org.testng.SuiteRunner.privateRun(SuiteRunner.java:340)
	at org.testng.SuiteRunner.run(SuiteRunner.java:289)
	at org.testng.SuiteRunnerWorker.runSuite(SuiteRunnerWorker.java:52)
	at org.testng.SuiteRunnerWorker.run(SuiteRunnerWorker.java:86)
	at org.testng.TestNG.runSuitesSequentially(TestNG.java:1301)
	at org.testng.TestNG.runSuitesLocally(TestNG.java:1226)
	at org.testng.TestNG.runSuites(TestNG.java:1144)
	at org.testng.TestNG.run(TestNG.java:1115)
	at org.testng.remote.AbstractRemoteTestNG.run(AbstractRemoteTestNG.java:114)
	at org.testng.remote.RemoteTestNG.initAndRun(RemoteTestNG.java:251)
	at org.testng.remote.RemoteTestNG.main(RemoteTestNG.java:77)

</div> <!-- stack-trace -->
                </div> <!-- method-content -->
              </div> <!-- method -->
              <div class="method">
                <div class="method-content">
                  <a name="SanityTC22({TestCaseName=CIS Level 2 Client Owner, CaseToRun=N, Module=Portfolio, Pass/Fail/Skip=SKIP, Category...)">
                  </a> <!-- SanityTC22({TestCaseName=CIS Level 2 Client Owner, CaseToRun=N, Module=Portfolio, Pass/Fail/Skip=SKIP, Category...) -->
                  <span class="method-name">SanityTC22</span>
                  <span class="parameters">({TestCaseName=CIS Level 2 Client Owner, CaseToRun=N, Module=Portfolio, Pass/Fail/Skip=SKIP, Category=, AddRule=CIS Level 2 Client Owner, Level1=, Filtername=CITI, Filtername2=, Filtername3=, VerifyChip=CITI, TestCaseDescription =check whether data is fetched from the backend service, Steps to execute=1. Click Add Rule
2. Select "CIS Level 2 Client Owner" from Customer Category
3. Click Add filters (+) and select "CITI", ExpectedResult=Level 2 Client Owner dialog should have the value "CITI".
})</span>
                  <div class="stack-trace">org.testng.SkipException: CIS Level 2 Client Owner&apos;s CaseToRun Flag Is &apos;N&apos; Or Blank. So Skipping Execution Of CIS Level 2 Client Owner
	at testcases.Regression.SanityTC22(Regression.java:463)
	at sun.reflect.NativeMethodAccessorImpl.invoke0(Native Method)
	at sun.reflect.NativeMethodAccessorImpl.invoke(Unknown Source)
	at sun.reflect.DelegatingMethodAccessorImpl.invoke(Unknown Source)
	at java.lang.reflect.Method.invoke(Unknown Source)
	at org.testng.internal.MethodInvocationHelper.invokeMethod(MethodInvocationHelper.java:108)
	at org.testng.internal.Invoker.invokeMethod(Invoker.java:661)
	at org.testng.internal.Invoker.invokeTestMethod(Invoker.java:869)
	at org.testng.internal.Invoker.invokeTestMethods(Invoker.java:1193)
	at org.testng.internal.TestMethodWorker.invokeTestMethods(TestMethodWorker.java:126)
	at org.testng.internal.TestMethodWorker.run(TestMethodWorker.java:109)
	at org.testng.TestRunner.privateRun(TestRunner.java:744)
	at org.testng.TestRunner.run(TestRunner.java:602)
	at org.testng.SuiteRunner.runTest(SuiteRunner.java:380)
	at org.testng.SuiteRunner.runSequentially(SuiteRunner.java:375)
	at org.testng.SuiteRunner.privateRun(SuiteRunner.java:340)
	at org.testng.SuiteRunner.run(SuiteRunner.java:289)
	at org.testng.SuiteRunnerWorker.runSuite(SuiteRunnerWorker.java:52)
	at org.testng.SuiteRunnerWorker.run(SuiteRunnerWorker.java:86)
	at org.testng.TestNG.runSuitesSequentially(TestNG.java:1301)
	at org.testng.TestNG.runSuitesLocally(TestNG.java:1226)
	at org.testng.TestNG.runSuites(TestNG.java:1144)
	at org.testng.TestNG.run(TestNG.java:1115)
	at org.testng.remote.AbstractRemoteTestNG.run(AbstractRemoteTestNG.java:114)
	at org.testng.remote.RemoteTestNG.initAndRun(RemoteTestNG.java:251)
	at org.testng.remote.RemoteTestNG.main(RemoteTestNG.java:77)

</div> <!-- stack-trace -->
                </div> <!-- method-content -->
              </div> <!-- method -->
              <div class="method">
                <div class="method-content">
                  <a name="SanityTC23({TestCaseName=CIS Level 3 Client Owner, CaseToRun=N, Module=Portfolio, Pass/Fail/Skip=SKIP, Category...)">
                  </a> <!-- SanityTC23({TestCaseName=CIS Level 3 Client Owner, CaseToRun=N, Module=Portfolio, Pass/Fail/Skip=SKIP, Category...) -->
                  <span class="method-name">SanityTC23</span>
                  <span class="parameters">({TestCaseName=CIS Level 3 Client Owner, CaseToRun=N, Module=Portfolio, Pass/Fail/Skip=SKIP, Category=, AddRule=CIS Level 3 Client Owner, Level1=, Filtername=MARKETS, Filtername2=, Filtername3=, VerifyChip=MARKETS, TestCaseDescription =check whether data is fetched from the backend service, Steps to execute=1. Click Add Rule
2. Select "CIS Level 3 Client Owner" from Customer Category
3. Click Add filters (+) and select "MARKETS", ExpectedResult=Level 3 Client Owner dialog should have the value "MARKETS".})</span>
                  <div class="stack-trace">org.testng.SkipException: CIS Level 3 Client Owner&apos;s CaseToRun Flag Is &apos;N&apos; Or Blank. So Skipping Execution Of CIS Level 3 Client Owner
	at testcases.Regression.SanityTC23(Regression.java:482)
	at sun.reflect.NativeMethodAccessorImpl.invoke0(Native Method)
	at sun.reflect.NativeMethodAccessorImpl.invoke(Unknown Source)
	at sun.reflect.DelegatingMethodAccessorImpl.invoke(Unknown Source)
	at java.lang.reflect.Method.invoke(Unknown Source)
	at org.testng.internal.MethodInvocationHelper.invokeMethod(MethodInvocationHelper.java:108)
	at org.testng.internal.Invoker.invokeMethod(Invoker.java:661)
	at org.testng.internal.Invoker.invokeTestMethod(Invoker.java:869)
	at org.testng.internal.Invoker.invokeTestMethods(Invoker.java:1193)
	at org.testng.internal.TestMethodWorker.invokeTestMethods(TestMethodWorker.java:126)
	at org.testng.internal.TestMethodWorker.run(TestMethodWorker.java:109)
	at org.testng.TestRunner.privateRun(TestRunner.java:744)
	at org.testng.TestRunner.run(TestRunner.java:602)
	at org.testng.SuiteRunner.runTest(SuiteRunner.java:380)
	at org.testng.SuiteRunner.runSequentially(SuiteRunner.java:375)
	at org.testng.SuiteRunner.privateRun(SuiteRunner.java:340)
	at org.testng.SuiteRunner.run(SuiteRunner.java:289)
	at org.testng.SuiteRunnerWorker.runSuite(SuiteRunnerWorker.java:52)
	at org.testng.SuiteRunnerWorker.run(SuiteRunnerWorker.java:86)
	at org.testng.TestNG.runSuitesSequentially(TestNG.java:1301)
	at org.testng.TestNG.runSuitesLocally(TestNG.java:1226)
	at org.testng.TestNG.runSuites(TestNG.java:1144)
	at org.testng.TestNG.run(TestNG.java:1115)
	at org.testng.remote.AbstractRemoteTestNG.run(AbstractRemoteTestNG.java:114)
	at org.testng.remote.RemoteTestNG.initAndRun(RemoteTestNG.java:251)
	at org.testng.remote.RemoteTestNG.main(RemoteTestNG.java:77)

</div> <!-- stack-trace -->
                </div> <!-- method-content -->
              </div> <!-- method -->
              <div class="method">
                <div class="method-content">
                  <a name="SanityTC24({TestCaseName=Intercompany, CaseToRun=N, Module=Portfolio, Pass/Fail/Skip=SKIP, Category=, AddRule=I...)">
                  </a> <!-- SanityTC24({TestCaseName=Intercompany, CaseToRun=N, Module=Portfolio, Pass/Fail/Skip=SKIP, Category=, AddRule=I...) -->
                  <span class="method-name">SanityTC24</span>
                  <span class="parameters">({TestCaseName=Intercompany, CaseToRun=N, Module=Portfolio, Pass/Fail/Skip=SKIP, Category=, AddRule=Intercompany, Level1=, Filtername=Yes, Filtername2=, Filtername3=, VerifyChip=, TestCaseDescription =check whether data the top exposure dialog is displayed, Steps to execute=1.Click Add Rule
2. Select "Intercompany " from Facility Category
3. select Yes and click Review Button on the right top corner, ExpectedResult=Top Exposures dialog box should be displayed})</span>
                  <div class="stack-trace">org.testng.SkipException: Intercompany&apos;s CaseToRun Flag Is &apos;N&apos; Or Blank. So Skipping Execution Of Intercompany
	at testcases.Regression.SanityTC24(Regression.java:500)
	at sun.reflect.NativeMethodAccessorImpl.invoke0(Native Method)
	at sun.reflect.NativeMethodAccessorImpl.invoke(Unknown Source)
	at sun.reflect.DelegatingMethodAccessorImpl.invoke(Unknown Source)
	at java.lang.reflect.Method.invoke(Unknown Source)
	at org.testng.internal.MethodInvocationHelper.invokeMethod(MethodInvocationHelper.java:108)
	at org.testng.internal.Invoker.invokeMethod(Invoker.java:661)
	at org.testng.internal.Invoker.invokeTestMethod(Invoker.java:869)
	at org.testng.internal.Invoker.invokeTestMethods(Invoker.java:1193)
	at org.testng.internal.TestMethodWorker.invokeTestMethods(TestMethodWorker.java:126)
	at org.testng.internal.TestMethodWorker.run(TestMethodWorker.java:109)
	at org.testng.TestRunner.privateRun(TestRunner.java:744)
	at org.testng.TestRunner.run(TestRunner.java:602)
	at org.testng.SuiteRunner.runTest(SuiteRunner.java:380)
	at org.testng.SuiteRunner.runSequentially(SuiteRunner.java:375)
	at org.testng.SuiteRunner.privateRun(SuiteRunner.java:340)
	at org.testng.SuiteRunner.run(SuiteRunner.java:289)
	at org.testng.SuiteRunnerWorker.runSuite(SuiteRunnerWorker.java:52)
	at org.testng.SuiteRunnerWorker.run(SuiteRunnerWorker.java:86)
	at org.testng.TestNG.runSuitesSequentially(TestNG.java:1301)
	at org.testng.TestNG.runSuitesLocally(TestNG.java:1226)
	at org.testng.TestNG.runSuites(TestNG.java:1144)
	at org.testng.TestNG.run(TestNG.java:1115)
	at org.testng.remote.AbstractRemoteTestNG.run(AbstractRemoteTestNG.java:114)
	at org.testng.remote.RemoteTestNG.initAndRun(RemoteTestNG.java:251)
	at org.testng.remote.RemoteTestNG.main(RemoteTestNG.java:77)

</div> <!-- stack-trace -->
                </div> <!-- method-content -->
              </div> <!-- method -->
              <div class="method">
                <div class="method-content">
                  <a name="SanityTC25({TestCaseName=Exclude Liquidity Managed , CaseToRun=N, Module=Portfolio, Pass/Fail/Skip=SKIP, Catego...)">
                  </a> <!-- SanityTC25({TestCaseName=Exclude Liquidity Managed , CaseToRun=N, Module=Portfolio, Pass/Fail/Skip=SKIP, Catego...) -->
                  <span class="method-name">SanityTC25</span>
                  <span class="parameters">({TestCaseName=Exclude Liquidity Managed , CaseToRun=N, Module=Portfolio, Pass/Fail/Skip=SKIP, Category=, AddRule=Exclude Liquidity Managed, Level1=, Filtername=Yes, Filtername2=, Filtername3=, VerifyChip=, TestCaseDescription =check whether data the top exposure dialog is displayed, Steps to execute=1.Click Add Rule
2. Select "Exclude Liquidity Managed" from Facility Category
3. select Yes and click Review Button on the right top corner, ExpectedResult=Top Exposures dialog box should be displayed})</span>
                  <div class="stack-trace">org.testng.SkipException: Exclude Liquidity Managed &apos;s CaseToRun Flag Is &apos;N&apos; Or Blank. So Skipping Execution Of Exclude Liquidity Managed 
	at testcases.Regression.SanityTC25(Regression.java:518)
	at sun.reflect.NativeMethodAccessorImpl.invoke0(Native Method)
	at sun.reflect.NativeMethodAccessorImpl.invoke(Unknown Source)
	at sun.reflect.DelegatingMethodAccessorImpl.invoke(Unknown Source)
	at java.lang.reflect.Method.invoke(Unknown Source)
	at org.testng.internal.MethodInvocationHelper.invokeMethod(MethodInvocationHelper.java:108)
	at org.testng.internal.Invoker.invokeMethod(Invoker.java:661)
	at org.testng.internal.Invoker.invokeTestMethod(Invoker.java:869)
	at org.testng.internal.Invoker.invokeTestMethods(Invoker.java:1193)
	at org.testng.internal.TestMethodWorker.invokeTestMethods(TestMethodWorker.java:126)
	at org.testng.internal.TestMethodWorker.run(TestMethodWorker.java:109)
	at org.testng.TestRunner.privateRun(TestRunner.java:744)
	at org.testng.TestRunner.run(TestRunner.java:602)
	at org.testng.SuiteRunner.runTest(SuiteRunner.java:380)
	at org.testng.SuiteRunner.runSequentially(SuiteRunner.java:375)
	at org.testng.SuiteRunner.privateRun(SuiteRunner.java:340)
	at org.testng.SuiteRunner.run(SuiteRunner.java:289)
	at org.testng.SuiteRunnerWorker.runSuite(SuiteRunnerWorker.java:52)
	at org.testng.SuiteRunnerWorker.run(SuiteRunnerWorker.java:86)
	at org.testng.TestNG.runSuitesSequentially(TestNG.java:1301)
	at org.testng.TestNG.runSuitesLocally(TestNG.java:1226)
	at org.testng.TestNG.runSuites(TestNG.java:1144)
	at org.testng.TestNG.run(TestNG.java:1115)
	at org.testng.remote.AbstractRemoteTestNG.run(AbstractRemoteTestNG.java:114)
	at org.testng.remote.RemoteTestNG.initAndRun(RemoteTestNG.java:251)
	at org.testng.remote.RemoteTestNG.main(RemoteTestNG.java:77)

</div> <!-- stack-trace -->
                </div> <!-- method-content -->
              </div> <!-- method -->
              <div class="method">
                <div class="method-content">
                  <a name="SanityTC26({TestCaseName=Exclude Fronting, CaseToRun=N, Module=Portfolio, Pass/Fail/Skip=SKIP, Category=, AddRu...)">
                  </a> <!-- SanityTC26({TestCaseName=Exclude Fronting, CaseToRun=N, Module=Portfolio, Pass/Fail/Skip=SKIP, Category=, AddRu...) -->
                  <span class="method-name">SanityTC26</span>
                  <span class="parameters">({TestCaseName=Exclude Fronting, CaseToRun=N, Module=Portfolio, Pass/Fail/Skip=SKIP, Category=, AddRule=Exclude Fronting, Level1=, Filtername=Yes, Filtername2=, Filtername3=, VerifyChip=, TestCaseDescription =check whether data the top exposure dialog is displayed, Steps to execute=1.Click Add Rule
2. Select "Exclude Fronting" from Facility Category
3. select Yes and click Review Button on the right top corner, ExpectedResult=Top Exposures dialog box should be displayed})</span>
                  <div class="stack-trace">org.testng.SkipException: Exclude Fronting&apos;s CaseToRun Flag Is &apos;N&apos; Or Blank. So Skipping Execution Of Exclude Fronting
	at testcases.Regression.SanityTC26(Regression.java:536)
	at sun.reflect.NativeMethodAccessorImpl.invoke0(Native Method)
	at sun.reflect.NativeMethodAccessorImpl.invoke(Unknown Source)
	at sun.reflect.DelegatingMethodAccessorImpl.invoke(Unknown Source)
	at java.lang.reflect.Method.invoke(Unknown Source)
	at org.testng.internal.MethodInvocationHelper.invokeMethod(MethodInvocationHelper.java:108)
	at org.testng.internal.Invoker.invokeMethod(Invoker.java:661)
	at org.testng.internal.Invoker.invokeTestMethod(Invoker.java:869)
	at org.testng.internal.Invoker.invokeTestMethods(Invoker.java:1193)
	at org.testng.internal.TestMethodWorker.invokeTestMethods(TestMethodWorker.java:126)
	at org.testng.internal.TestMethodWorker.run(TestMethodWorker.java:109)
	at org.testng.TestRunner.privateRun(TestRunner.java:744)
	at org.testng.TestRunner.run(TestRunner.java:602)
	at org.testng.SuiteRunner.runTest(SuiteRunner.java:380)
	at org.testng.SuiteRunner.runSequentially(SuiteRunner.java:375)
	at org.testng.SuiteRunner.privateRun(SuiteRunner.java:340)
	at org.testng.SuiteRunner.run(SuiteRunner.java:289)
	at org.testng.SuiteRunnerWorker.runSuite(SuiteRunnerWorker.java:52)
	at org.testng.SuiteRunnerWorker.run(SuiteRunnerWorker.java:86)
	at org.testng.TestNG.runSuitesSequentially(TestNG.java:1301)
	at org.testng.TestNG.runSuitesLocally(TestNG.java:1226)
	at org.testng.TestNG.runSuites(TestNG.java:1144)
	at org.testng.TestNG.run(TestNG.java:1115)
	at org.testng.remote.AbstractRemoteTestNG.run(AbstractRemoteTestNG.java:114)
	at org.testng.remote.RemoteTestNG.initAndRun(RemoteTestNG.java:251)
	at org.testng.remote.RemoteTestNG.main(RemoteTestNG.java:77)

</div> <!-- stack-trace -->
                </div> <!-- method-content -->
              </div> <!-- method -->
              <div class="method">
                <div class="method-content">
                  <a name="SanityTC27({TestCaseName=Facility Long Description, CaseToRun=N, Module=Portfolio, Pass/Fail/Skip=SKIP, Categor...)">
                  </a> <!-- SanityTC27({TestCaseName=Facility Long Description, CaseToRun=N, Module=Portfolio, Pass/Fail/Skip=SKIP, Categor...) -->
                  <span class="method-name">SanityTC27</span>
                  <span class="parameters">({TestCaseName=Facility Long Description, CaseToRun=N, Module=Portfolio, Pass/Fail/Skip=SKIP, Category=, AddRule=Facility Long Description, Level1=, Filtername=BILLS NEGOTIATED|CHEQUES PURCHASED, Filtername2=, Filtername3=, VerifyChip=BILLS NEGOTIATED|CHEQUES PURCHASED, TestCaseDescription =check whether data is fetched from the backend service, Steps to execute=1.Click Add Rule
2. Select "Facility Long Description" from Facility Category
3. Click Add filters (+) and select "BILLS NEGOTIATED" , "CHEQUES PURCHASED" , ExpectedResult="Facility Long Description" dialog should have the value "BILLS NEGOTIATED" , "CHEQUES PURCHASED" })</span>
                  <div class="stack-trace">org.testng.SkipException: Facility Long Description&apos;s CaseToRun Flag Is &apos;N&apos; Or Blank. So Skipping Execution Of Facility Long Description
	at testcases.Regression.SanityTC27(Regression.java:555)
	at sun.reflect.NativeMethodAccessorImpl.invoke0(Native Method)
	at sun.reflect.NativeMethodAccessorImpl.invoke(Unknown Source)
	at sun.reflect.DelegatingMethodAccessorImpl.invoke(Unknown Source)
	at java.lang.reflect.Method.invoke(Unknown Source)
	at org.testng.internal.MethodInvocationHelper.invokeMethod(MethodInvocationHelper.java:108)
	at org.testng.internal.Invoker.invokeMethod(Invoker.java:661)
	at org.testng.internal.Invoker.invokeTestMethod(Invoker.java:869)
	at org.testng.internal.Invoker.invokeTestMethods(Invoker.java:1193)
	at org.testng.internal.TestMethodWorker.invokeTestMethods(TestMethodWorker.java:126)
	at org.testng.internal.TestMethodWorker.run(TestMethodWorker.java:109)
	at org.testng.TestRunner.privateRun(TestRunner.java:744)
	at org.testng.TestRunner.run(TestRunner.java:602)
	at org.testng.SuiteRunner.runTest(SuiteRunner.java:380)
	at org.testng.SuiteRunner.runSequentially(SuiteRunner.java:375)
	at org.testng.SuiteRunner.privateRun(SuiteRunner.java:340)
	at org.testng.SuiteRunner.run(SuiteRunner.java:289)
	at org.testng.SuiteRunnerWorker.runSuite(SuiteRunnerWorker.java:52)
	at org.testng.SuiteRunnerWorker.run(SuiteRunnerWorker.java:86)
	at org.testng.TestNG.runSuitesSequentially(TestNG.java:1301)
	at org.testng.TestNG.runSuitesLocally(TestNG.java:1226)
	at org.testng.TestNG.runSuites(TestNG.java:1144)
	at org.testng.TestNG.run(TestNG.java:1115)
	at org.testng.remote.AbstractRemoteTestNG.run(AbstractRemoteTestNG.java:114)
	at org.testng.remote.RemoteTestNG.initAndRun(RemoteTestNG.java:251)
	at org.testng.remote.RemoteTestNG.main(RemoteTestNG.java:77)

</div> <!-- stack-trace -->
                </div> <!-- method-content -->
              </div> <!-- method -->
              <div class="method">
                <div class="method-content">
                  <a name="SanityTC28({TestCaseName=GFRN, CaseToRun=N, Module=Portfolio, Pass/Fail/Skip=SKIP, Category=, AddRule=GFRN, Lev...)">
                  </a> <!-- SanityTC28({TestCaseName=GFRN, CaseToRun=N, Module=Portfolio, Pass/Fail/Skip=SKIP, Category=, AddRule=GFRN, Lev...) -->
                  <span class="method-name">SanityTC28</span>
                  <span class="parameters">({TestCaseName=GFRN, CaseToRun=N, Module=Portfolio, Pass/Fail/Skip=SKIP, Category=, AddRule=GFRN, Level1=, Filtername=BR0108620100055,BW1352713-1, Filtername2=, Filtername3=, VerifyChip=, TestCaseDescription =check whether data is fetched from the backend service, Steps to execute=1. Enter "BR0108620100055, BW1352713-1" in the textArea
2. Click Review, ExpectedResult=Top Exposures dialog should be displayed with results})</span>
                  <div class="stack-trace">org.testng.SkipException: GFRN&apos;s CaseToRun Flag Is &apos;N&apos; Or Blank. So Skipping Execution Of GFRN
	at testcases.Regression.SanityTC28(Regression.java:573)
	at sun.reflect.NativeMethodAccessorImpl.invoke0(Native Method)
	at sun.reflect.NativeMethodAccessorImpl.invoke(Unknown Source)
	at sun.reflect.DelegatingMethodAccessorImpl.invoke(Unknown Source)
	at java.lang.reflect.Method.invoke(Unknown Source)
	at org.testng.internal.MethodInvocationHelper.invokeMethod(MethodInvocationHelper.java:108)
	at org.testng.internal.Invoker.invokeMethod(Invoker.java:661)
	at org.testng.internal.Invoker.invokeTestMethod(Invoker.java:869)
	at org.testng.internal.Invoker.invokeTestMethods(Invoker.java:1193)
	at org.testng.internal.TestMethodWorker.invokeTestMethods(TestMethodWorker.java:126)
	at org.testng.internal.TestMethodWorker.run(TestMethodWorker.java:109)
	at org.testng.TestRunner.privateRun(TestRunner.java:744)
	at org.testng.TestRunner.run(TestRunner.java:602)
	at org.testng.SuiteRunner.runTest(SuiteRunner.java:380)
	at org.testng.SuiteRunner.runSequentially(SuiteRunner.java:375)
	at org.testng.SuiteRunner.privateRun(SuiteRunner.java:340)
	at org.testng.SuiteRunner.run(SuiteRunner.java:289)
	at org.testng.SuiteRunnerWorker.runSuite(SuiteRunnerWorker.java:52)
	at org.testng.SuiteRunnerWorker.run(SuiteRunnerWorker.java:86)
	at org.testng.TestNG.runSuitesSequentially(TestNG.java:1301)
	at org.testng.TestNG.runSuitesLocally(TestNG.java:1226)
	at org.testng.TestNG.runSuites(TestNG.java:1144)
	at org.testng.TestNG.run(TestNG.java:1115)
	at org.testng.remote.AbstractRemoteTestNG.run(AbstractRemoteTestNG.java:114)
	at org.testng.remote.RemoteTestNG.initAndRun(RemoteTestNG.java:251)
	at org.testng.remote.RemoteTestNG.main(RemoteTestNG.java:77)

</div> <!-- stack-trace -->
                </div> <!-- method-content -->
              </div> <!-- method -->
              <div class="method">
                <div class="method-content">
                  <a name="SanityTC29({TestCaseName=Classification Status, CaseToRun=N, Module=Portfolio, Pass/Fail/Skip=SKIP, Category=, ...)">
                  </a> <!-- SanityTC29({TestCaseName=Classification Status, CaseToRun=N, Module=Portfolio, Pass/Fail/Skip=SKIP, Category=, ...) -->
                  <span class="method-name">SanityTC29</span>
                  <span class="parameters">({TestCaseName=Classification Status, CaseToRun=N, Module=Portfolio, Pass/Fail/Skip=SKIP, Category=, AddRule=Classification Status, Level1=, Filtername=Pass|Loss, Filtername2=, Filtername3=, VerifyChip=Pass|Loss, TestCaseDescription =check whether data is fetched from the backend service, Steps to execute=1.Click Add Rule
2. Select "Classification Status"  from Facility Category
3. Click Add filters (+) and select "Pass", "Loss" , ExpectedResult="Classification Status" dialog should have the value "Pass", "Loss" 
})</span>
                  <div class="stack-trace">org.testng.SkipException: Classification Status&apos;s CaseToRun Flag Is &apos;N&apos; Or Blank. So Skipping Execution Of Classification Status
	at testcases.Regression.SanityTC29(Regression.java:592)
	at sun.reflect.NativeMethodAccessorImpl.invoke0(Native Method)
	at sun.reflect.NativeMethodAccessorImpl.invoke(Unknown Source)
	at sun.reflect.DelegatingMethodAccessorImpl.invoke(Unknown Source)
	at java.lang.reflect.Method.invoke(Unknown Source)
	at org.testng.internal.MethodInvocationHelper.invokeMethod(MethodInvocationHelper.java:108)
	at org.testng.internal.Invoker.invokeMethod(Invoker.java:661)
	at org.testng.internal.Invoker.invokeTestMethod(Invoker.java:869)
	at org.testng.internal.Invoker.invokeTestMethods(Invoker.java:1193)
	at org.testng.internal.TestMethodWorker.invokeTestMethods(TestMethodWorker.java:126)
	at org.testng.internal.TestMethodWorker.run(TestMethodWorker.java:109)
	at org.testng.TestRunner.privateRun(TestRunner.java:744)
	at org.testng.TestRunner.run(TestRunner.java:602)
	at org.testng.SuiteRunner.runTest(SuiteRunner.java:380)
	at org.testng.SuiteRunner.runSequentially(SuiteRunner.java:375)
	at org.testng.SuiteRunner.privateRun(SuiteRunner.java:340)
	at org.testng.SuiteRunner.run(SuiteRunner.java:289)
	at org.testng.SuiteRunnerWorker.runSuite(SuiteRunnerWorker.java:52)
	at org.testng.SuiteRunnerWorker.run(SuiteRunnerWorker.java:86)
	at org.testng.TestNG.runSuitesSequentially(TestNG.java:1301)
	at org.testng.TestNG.runSuitesLocally(TestNG.java:1226)
	at org.testng.TestNG.runSuites(TestNG.java:1144)
	at org.testng.TestNG.run(TestNG.java:1115)
	at org.testng.remote.AbstractRemoteTestNG.run(AbstractRemoteTestNG.java:114)
	at org.testng.remote.RemoteTestNG.initAndRun(RemoteTestNG.java:251)
	at org.testng.remote.RemoteTestNG.main(RemoteTestNG.java:77)

</div> <!-- stack-trace -->
                </div> <!-- method-content -->
              </div> <!-- method -->
              <div class="method">
                <div class="method-content">
                  <a name="SanityTC3({TestCaseName=Independent Risk Unit, CaseToRun=N, Module=Portfolio, Pass/Fail/Skip=SKIP, Category=, ...)">
                  </a> <!-- SanityTC3({TestCaseName=Independent Risk Unit, CaseToRun=N, Module=Portfolio, Pass/Fail/Skip=SKIP, Category=, ...) -->
                  <span class="method-name">SanityTC3</span>
                  <span class="parameters">({TestCaseName=Independent Risk Unit, CaseToRun=N, Module=Portfolio, Pass/Fail/Skip=SKIP, Category=, AddRule=Independent Risk Unit, Level1=, Filtername=AS AGENT REPO (300171)|APEMCT-HK (102147), Filtername2=, Filtername3=, VerifyChip=, TestCaseDescription =check whether data is fetched from the backend service, Steps to execute=1.Click Add Rule
2. Select "Independent Risk Unit" from Business Unit Category
3. Click Add filters (+) and select "AS AGENT REPO (300171)" from FIRM & "APEMCT-HK (102147)" from GIRM, ExpectedResult=Independent Risk Unit dialog should have the value "AS AGENT REPO (300171)" in FIRM & "APEMCT-HK (102147)" in GIRM})</span>
                  <div class="stack-trace">org.testng.SkipException: Independent Risk Unit&apos;s CaseToRun Flag Is &apos;N&apos; Or Blank. So Skipping Execution Of Independent Risk Unit
	at testcases.Regression.SanityTC3(Regression.java:106)
	at sun.reflect.NativeMethodAccessorImpl.invoke0(Native Method)
	at sun.reflect.NativeMethodAccessorImpl.invoke(Unknown Source)
	at sun.reflect.DelegatingMethodAccessorImpl.invoke(Unknown Source)
	at java.lang.reflect.Method.invoke(Unknown Source)
	at org.testng.internal.MethodInvocationHelper.invokeMethod(MethodInvocationHelper.java:108)
	at org.testng.internal.Invoker.invokeMethod(Invoker.java:661)
	at org.testng.internal.Invoker.invokeTestMethod(Invoker.java:869)
	at org.testng.internal.Invoker.invokeTestMethods(Invoker.java:1193)
	at org.testng.internal.TestMethodWorker.invokeTestMethods(TestMethodWorker.java:126)
	at org.testng.internal.TestMethodWorker.run(TestMethodWorker.java:109)
	at org.testng.TestRunner.privateRun(TestRunner.java:744)
	at org.testng.TestRunner.run(TestRunner.java:602)
	at org.testng.SuiteRunner.runTest(SuiteRunner.java:380)
	at org.testng.SuiteRunner.runSequentially(SuiteRunner.java:375)
	at org.testng.SuiteRunner.privateRun(SuiteRunner.java:340)
	at org.testng.SuiteRunner.run(SuiteRunner.java:289)
	at org.testng.SuiteRunnerWorker.runSuite(SuiteRunnerWorker.java:52)
	at org.testng.SuiteRunnerWorker.run(SuiteRunnerWorker.java:86)
	at org.testng.TestNG.runSuitesSequentially(TestNG.java:1301)
	at org.testng.TestNG.runSuitesLocally(TestNG.java:1226)
	at org.testng.TestNG.runSuites(TestNG.java:1144)
	at org.testng.TestNG.run(TestNG.java:1115)
	at org.testng.remote.AbstractRemoteTestNG.run(AbstractRemoteTestNG.java:114)
	at org.testng.remote.RemoteTestNG.initAndRun(RemoteTestNG.java:251)
	at org.testng.remote.RemoteTestNG.main(RemoteTestNG.java:77)

</div> <!-- stack-trace -->
                </div> <!-- method-content -->
              </div> <!-- method -->
              <div class="method">
                <div class="method-content">
                  <a name="SanityTC30({TestCaseName=Leveraged Lending Exposures, CaseToRun=N, Module=Portfolio, Pass/Fail/Skip=SKIP, Categ...)">
                  </a> <!-- SanityTC30({TestCaseName=Leveraged Lending Exposures, CaseToRun=N, Module=Portfolio, Pass/Fail/Skip=SKIP, Categ...) -->
                  <span class="method-name">SanityTC30</span>
                  <span class="parameters">({TestCaseName=Leveraged Lending Exposures, CaseToRun=N, Module=Portfolio, Pass/Fail/Skip=SKIP, Category=, AddRule=Leveraged Lending Exposures, Level1=, Filtername=Direct Leveraged Lending, Core Diversified exposure, Filtername2=, Filtername3=, VerifyChip=Direct Leveraged Lending, Core Diversified exposure, TestCaseDescription =check whether data is fetched from the backend service, Steps to execute=1.Click Add Rule
2. Select "Leveraged Lending Exposures" from Facility Category
3. Click Add filters (+) and select "Direct Leveraged Lending, Core Diversified exposure", ExpectedResult="Leveraged Lending Exposures" dialog should have the value  "Direct Leveraged Lending, Core Diversified exposure"})</span>
                  <div class="stack-trace">org.testng.SkipException: Leveraged Lending Exposures&apos;s CaseToRun Flag Is &apos;N&apos; Or Blank. So Skipping Execution Of Leveraged Lending Exposures
	at testcases.Regression.SanityTC30(Regression.java:611)
	at sun.reflect.NativeMethodAccessorImpl.invoke0(Native Method)
	at sun.reflect.NativeMethodAccessorImpl.invoke(Unknown Source)
	at sun.reflect.DelegatingMethodAccessorImpl.invoke(Unknown Source)
	at java.lang.reflect.Method.invoke(Unknown Source)
	at org.testng.internal.MethodInvocationHelper.invokeMethod(MethodInvocationHelper.java:108)
	at org.testng.internal.Invoker.invokeMethod(Invoker.java:661)
	at org.testng.internal.Invoker.invokeTestMethod(Invoker.java:869)
	at org.testng.internal.Invoker.invokeTestMethods(Invoker.java:1193)
	at org.testng.internal.TestMethodWorker.invokeTestMethods(TestMethodWorker.java:126)
	at org.testng.internal.TestMethodWorker.run(TestMethodWorker.java:109)
	at org.testng.TestRunner.privateRun(TestRunner.java:744)
	at org.testng.TestRunner.run(TestRunner.java:602)
	at org.testng.SuiteRunner.runTest(SuiteRunner.java:380)
	at org.testng.SuiteRunner.runSequentially(SuiteRunner.java:375)
	at org.testng.SuiteRunner.privateRun(SuiteRunner.java:340)
	at org.testng.SuiteRunner.run(SuiteRunner.java:289)
	at org.testng.SuiteRunnerWorker.runSuite(SuiteRunnerWorker.java:52)
	at org.testng.SuiteRunnerWorker.run(SuiteRunnerWorker.java:86)
	at org.testng.TestNG.runSuitesSequentially(TestNG.java:1301)
	at org.testng.TestNG.runSuitesLocally(TestNG.java:1226)
	at org.testng.TestNG.runSuites(TestNG.java:1144)
	at org.testng.TestNG.run(TestNG.java:1115)
	at org.testng.remote.AbstractRemoteTestNG.run(AbstractRemoteTestNG.java:114)
	at org.testng.remote.RemoteTestNG.initAndRun(RemoteTestNG.java:251)
	at org.testng.remote.RemoteTestNG.main(RemoteTestNG.java:77)

</div> <!-- stack-trace -->
                </div> <!-- method-content -->
              </div> <!-- method -->
              <div class="method">
                <div class="method-content">
                  <a name="SanityTC31({TestCaseName=Credit Program Specialized Product Name, CaseToRun=N, Module=Portfolio, Pass/Fail/Skip...)">
                  </a> <!-- SanityTC31({TestCaseName=Credit Program Specialized Product Name, CaseToRun=N, Module=Portfolio, Pass/Fail/Skip...) -->
                  <span class="method-name">SanityTC31</span>
                  <span class="parameters">({TestCaseName=Credit Program Specialized Product Name, CaseToRun=N, Module=Portfolio, Pass/Fail/Skip=SKIP, Category=, AddRule=Credit Program Specialized Product Name, Level1=, Filtername=EAF|ILOC, Filtername2=, Filtername3=, VerifyChip=EAF|ILOC, TestCaseDescription =check whether data is fetched from the backend service, Steps to execute=1.Click Add Rule
2. Select "Credit Program Specialized Product Name" from Facility Category
3. Click Add filters (+) and select "EAF" , "ILOC" , ExpectedResult="Credit Program Specialized Product Name" dialog should have the value "EAF" , ILOC" })</span>
                  <div class="stack-trace">org.testng.SkipException: Credit Program Specialized Product Name&apos;s CaseToRun Flag Is &apos;N&apos; Or Blank. So Skipping Execution Of Credit Program Specialized Product Name
	at testcases.Regression.SanityTC31(Regression.java:630)
	at sun.reflect.NativeMethodAccessorImpl.invoke0(Native Method)
	at sun.reflect.NativeMethodAccessorImpl.invoke(Unknown Source)
	at sun.reflect.DelegatingMethodAccessorImpl.invoke(Unknown Source)
	at java.lang.reflect.Method.invoke(Unknown Source)
	at org.testng.internal.MethodInvocationHelper.invokeMethod(MethodInvocationHelper.java:108)
	at org.testng.internal.Invoker.invokeMethod(Invoker.java:661)
	at org.testng.internal.Invoker.invokeTestMethod(Invoker.java:869)
	at org.testng.internal.Invoker.invokeTestMethods(Invoker.java:1193)
	at org.testng.internal.TestMethodWorker.invokeTestMethods(TestMethodWorker.java:126)
	at org.testng.internal.TestMethodWorker.run(TestMethodWorker.java:109)
	at org.testng.TestRunner.privateRun(TestRunner.java:744)
	at org.testng.TestRunner.run(TestRunner.java:602)
	at org.testng.SuiteRunner.runTest(SuiteRunner.java:380)
	at org.testng.SuiteRunner.runSequentially(SuiteRunner.java:375)
	at org.testng.SuiteRunner.privateRun(SuiteRunner.java:340)
	at org.testng.SuiteRunner.run(SuiteRunner.java:289)
	at org.testng.SuiteRunnerWorker.runSuite(SuiteRunnerWorker.java:52)
	at org.testng.SuiteRunnerWorker.run(SuiteRunnerWorker.java:86)
	at org.testng.TestNG.runSuitesSequentially(TestNG.java:1301)
	at org.testng.TestNG.runSuitesLocally(TestNG.java:1226)
	at org.testng.TestNG.runSuites(TestNG.java:1144)
	at org.testng.TestNG.run(TestNG.java:1115)
	at org.testng.remote.AbstractRemoteTestNG.run(AbstractRemoteTestNG.java:114)
	at org.testng.remote.RemoteTestNG.initAndRun(RemoteTestNG.java:251)
	at org.testng.remote.RemoteTestNG.main(RemoteTestNG.java:77)

</div> <!-- stack-trace -->
                </div> <!-- method-content -->
              </div> <!-- method -->
              <div class="method">
                <div class="method-content">
                  <a name="SanityTC32({TestCaseName=PB Product Program, CaseToRun=N, Module=Portfolio, Pass/Fail/Skip=SKIP, Category=, Add...)">
                  </a> <!-- SanityTC32({TestCaseName=PB Product Program, CaseToRun=N, Module=Portfolio, Pass/Fail/Skip=SKIP, Category=, Add...) -->
                  <span class="method-name">SanityTC32</span>
                  <span class="parameters">({TestCaseName=PB Product Program, CaseToRun=N, Module=Portfolio, Pass/Fail/Skip=SKIP, Category=, AddRule=PB Product Program, Level1=, Filtername=Law Firm Finance|Lawyer Financing, Filtername2=, Filtername3=, VerifyChip=Law Firm Finance|Lawyer Financing, TestCaseDescription =check whether data is fetched from the backend service, Steps to execute=1.Click Add Rule
2. Select "PB Product Program" from Facility Category
3. Click Add filters (+) and select "Law Firm Finance", "Lawyer Financing", ExpectedResult="PB Product Program" dialog should have the value  "Law Firm Finance", "Lawyer Financing"})</span>
                  <div class="stack-trace">org.testng.SkipException: PB Product Program&apos;s CaseToRun Flag Is &apos;N&apos; Or Blank. So Skipping Execution Of PB Product Program
	at testcases.Regression.SanityTC32(Regression.java:649)
	at sun.reflect.NativeMethodAccessorImpl.invoke0(Native Method)
	at sun.reflect.NativeMethodAccessorImpl.invoke(Unknown Source)
	at sun.reflect.DelegatingMethodAccessorImpl.invoke(Unknown Source)
	at java.lang.reflect.Method.invoke(Unknown Source)
	at org.testng.internal.MethodInvocationHelper.invokeMethod(MethodInvocationHelper.java:108)
	at org.testng.internal.Invoker.invokeMethod(Invoker.java:661)
	at org.testng.internal.Invoker.invokeTestMethod(Invoker.java:869)
	at org.testng.internal.Invoker.invokeTestMethods(Invoker.java:1193)
	at org.testng.internal.TestMethodWorker.invokeTestMethods(TestMethodWorker.java:126)
	at org.testng.internal.TestMethodWorker.run(TestMethodWorker.java:109)
	at org.testng.TestRunner.privateRun(TestRunner.java:744)
	at org.testng.TestRunner.run(TestRunner.java:602)
	at org.testng.SuiteRunner.runTest(SuiteRunner.java:380)
	at org.testng.SuiteRunner.runSequentially(SuiteRunner.java:375)
	at org.testng.SuiteRunner.privateRun(SuiteRunner.java:340)
	at org.testng.SuiteRunner.run(SuiteRunner.java:289)
	at org.testng.SuiteRunnerWorker.runSuite(SuiteRunnerWorker.java:52)
	at org.testng.SuiteRunnerWorker.run(SuiteRunnerWorker.java:86)
	at org.testng.TestNG.runSuitesSequentially(TestNG.java:1301)
	at org.testng.TestNG.runSuitesLocally(TestNG.java:1226)
	at org.testng.TestNG.runSuites(TestNG.java:1144)
	at org.testng.TestNG.run(TestNG.java:1115)
	at org.testng.remote.AbstractRemoteTestNG.run(AbstractRemoteTestNG.java:114)
	at org.testng.remote.RemoteTestNG.initAndRun(RemoteTestNG.java:251)
	at org.testng.remote.RemoteTestNG.main(RemoteTestNG.java:77)

</div> <!-- stack-trace -->
                </div> <!-- method-content -->
              </div> <!-- method -->
              <div class="method">
                <div class="method-content">
                  <a name="SanityTC33({TestCaseName=Risk Category, CaseToRun=N, Module=Portfolio, Pass/Fail/Skip=SKIP, Category=, AddRule=...)">
                  </a> <!-- SanityTC33({TestCaseName=Risk Category, CaseToRun=N, Module=Portfolio, Pass/Fail/Skip=SKIP, Category=, AddRule=...) -->
                  <span class="method-name">SanityTC33</span>
                  <span class="parameters">({TestCaseName=Risk Category, CaseToRun=N, Module=Portfolio, Pass/Fail/Skip=SKIP, Category=, AddRule=Risk Category, Level1=, Filtername=Clearing, Filtername2=, Filtername3=, VerifyChip=Clearing, TestCaseDescription =check whether data is fetched from the backend service, Steps to execute=1.Click Add Rule
2. Select "Risk Category" from Facility Category
3. Click Add filters (+) and select "Clearing", ExpectedResult="Risk Category" dialog should have the value  "Clearing"})</span>
                  <div class="stack-trace">org.testng.SkipException: Risk Category&apos;s CaseToRun Flag Is &apos;N&apos; Or Blank. So Skipping Execution Of Risk Category
	at testcases.Regression.SanityTC33(Regression.java:668)
	at sun.reflect.NativeMethodAccessorImpl.invoke0(Native Method)
	at sun.reflect.NativeMethodAccessorImpl.invoke(Unknown Source)
	at sun.reflect.DelegatingMethodAccessorImpl.invoke(Unknown Source)
	at java.lang.reflect.Method.invoke(Unknown Source)
	at org.testng.internal.MethodInvocationHelper.invokeMethod(MethodInvocationHelper.java:108)
	at org.testng.internal.Invoker.invokeMethod(Invoker.java:661)
	at org.testng.internal.Invoker.invokeTestMethod(Invoker.java:869)
	at org.testng.internal.Invoker.invokeTestMethods(Invoker.java:1193)
	at org.testng.internal.TestMethodWorker.invokeTestMethods(TestMethodWorker.java:126)
	at org.testng.internal.TestMethodWorker.run(TestMethodWorker.java:109)
	at org.testng.TestRunner.privateRun(TestRunner.java:744)
	at org.testng.TestRunner.run(TestRunner.java:602)
	at org.testng.SuiteRunner.runTest(SuiteRunner.java:380)
	at org.testng.SuiteRunner.runSequentially(SuiteRunner.java:375)
	at org.testng.SuiteRunner.privateRun(SuiteRunner.java:340)
	at org.testng.SuiteRunner.run(SuiteRunner.java:289)
	at org.testng.SuiteRunnerWorker.runSuite(SuiteRunnerWorker.java:52)
	at org.testng.SuiteRunnerWorker.run(SuiteRunnerWorker.java:86)
	at org.testng.TestNG.runSuitesSequentially(TestNG.java:1301)
	at org.testng.TestNG.runSuitesLocally(TestNG.java:1226)
	at org.testng.TestNG.runSuites(TestNG.java:1144)
	at org.testng.TestNG.run(TestNG.java:1115)
	at org.testng.remote.AbstractRemoteTestNG.run(AbstractRemoteTestNG.java:114)
	at org.testng.remote.RemoteTestNG.initAndRun(RemoteTestNG.java:251)
	at org.testng.remote.RemoteTestNG.main(RemoteTestNG.java:77)

</div> <!-- stack-trace -->
                </div> <!-- method-content -->
              </div> <!-- method -->
              <div class="method">
                <div class="method-content">
                  <a name="SanityTC34({TestCaseName=Approval type code, CaseToRun=N, Module=Portfolio, Pass/Fail/Skip=SKIP, Category=, Add...)">
                  </a> <!-- SanityTC34({TestCaseName=Approval type code, CaseToRun=N, Module=Portfolio, Pass/Fail/Skip=SKIP, Category=, Add...) -->
                  <span class="method-name">SanityTC34</span>
                  <span class="parameters">({TestCaseName=Approval type code, CaseToRun=N, Module=Portfolio, Pass/Fail/Skip=SKIP, Category=, AddRule=Approval type code, Level1=, Filtername=LIQUIDITY MANAGEMENT, Filtername2=, Filtername3=, VerifyChip=LIQUIDITY MANAGEMENT, TestCaseDescription =check whether data is fetched from the backend service, Steps to execute=1.Click Add Rule
2. Select "Approval type code" from Facility Category
3. Click Add filters (+) and select "LIQUIDITY MANAGEMENT", ExpectedResult="Approval type code" dialog should have the value  "LIQUIDITY MANAGEMENT"})</span>
                  <div class="stack-trace">org.testng.SkipException: Approval type code&apos;s CaseToRun Flag Is &apos;N&apos; Or Blank. So Skipping Execution Of Approval type code
	at testcases.Regression.SanityTC34(Regression.java:687)
	at sun.reflect.NativeMethodAccessorImpl.invoke0(Native Method)
	at sun.reflect.NativeMethodAccessorImpl.invoke(Unknown Source)
	at sun.reflect.DelegatingMethodAccessorImpl.invoke(Unknown Source)
	at java.lang.reflect.Method.invoke(Unknown Source)
	at org.testng.internal.MethodInvocationHelper.invokeMethod(MethodInvocationHelper.java:108)
	at org.testng.internal.Invoker.invokeMethod(Invoker.java:661)
	at org.testng.internal.Invoker.invokeTestMethod(Invoker.java:869)
	at org.testng.internal.Invoker.invokeTestMethods(Invoker.java:1193)
	at org.testng.internal.TestMethodWorker.invokeTestMethods(TestMethodWorker.java:126)
	at org.testng.internal.TestMethodWorker.run(TestMethodWorker.java:109)
	at org.testng.TestRunner.privateRun(TestRunner.java:744)
	at org.testng.TestRunner.run(TestRunner.java:602)
	at org.testng.SuiteRunner.runTest(SuiteRunner.java:380)
	at org.testng.SuiteRunner.runSequentially(SuiteRunner.java:375)
	at org.testng.SuiteRunner.privateRun(SuiteRunner.java:340)
	at org.testng.SuiteRunner.run(SuiteRunner.java:289)
	at org.testng.SuiteRunnerWorker.runSuite(SuiteRunnerWorker.java:52)
	at org.testng.SuiteRunnerWorker.run(SuiteRunnerWorker.java:86)
	at org.testng.TestNG.runSuitesSequentially(TestNG.java:1301)
	at org.testng.TestNG.runSuitesLocally(TestNG.java:1226)
	at org.testng.TestNG.runSuites(TestNG.java:1144)
	at org.testng.TestNG.run(TestNG.java:1115)
	at org.testng.remote.AbstractRemoteTestNG.run(AbstractRemoteTestNG.java:114)
	at org.testng.remote.RemoteTestNG.initAndRun(RemoteTestNG.java:251)
	at org.testng.remote.RemoteTestNG.main(RemoteTestNG.java:77)

</div> <!-- stack-trace -->
                </div> <!-- method-content -->
              </div> <!-- method -->
              <div class="method">
                <div class="method-content">
                  <a name="SanityTC35({TestCaseName=Legal Entity, CaseToRun=N, Module=Portfolio, Pass/Fail/Skip=SKIP, Category=, AddRule=L...)">
                  </a> <!-- SanityTC35({TestCaseName=Legal Entity, CaseToRun=N, Module=Portfolio, Pass/Fail/Skip=SKIP, Category=, AddRule=L...) -->
                  <span class="method-name">SanityTC35</span>
                  <span class="parameters">({TestCaseName=Legal Entity, CaseToRun=N, Module=Portfolio, Pass/Fail/Skip=SKIP, Category=, AddRule=Legal Entity, Level1=, Filtername=AO CITIBANK (1001349844), Filtername2=, Filtername3=, VerifyChip=AO CITIBANK (1001349844), TestCaseDescription =check whether data is fetched from the backend service, Steps to execute=1.Click Add Rule
2. Select "Legal Entity" from Exposure Category
3. Click Add filters (+) and select "AO CITIBANK (1001349844)", ExpectedResult=Legal Entity dialog should have the value "AO CITIBANK (1001349844)"})</span>
                  <div class="stack-trace">org.testng.SkipException: Legal Entity&apos;s CaseToRun Flag Is &apos;N&apos; Or Blank. So Skipping Execution Of Legal Entity
	at testcases.Regression.SanityTC35(Regression.java:706)
	at sun.reflect.NativeMethodAccessorImpl.invoke0(Native Method)
	at sun.reflect.NativeMethodAccessorImpl.invoke(Unknown Source)
	at sun.reflect.DelegatingMethodAccessorImpl.invoke(Unknown Source)
	at java.lang.reflect.Method.invoke(Unknown Source)
	at org.testng.internal.MethodInvocationHelper.invokeMethod(MethodInvocationHelper.java:108)
	at org.testng.internal.Invoker.invokeMethod(Invoker.java:661)
	at org.testng.internal.Invoker.invokeTestMethod(Invoker.java:869)
	at org.testng.internal.Invoker.invokeTestMethods(Invoker.java:1193)
	at org.testng.internal.TestMethodWorker.invokeTestMethods(TestMethodWorker.java:126)
	at org.testng.internal.TestMethodWorker.run(TestMethodWorker.java:109)
	at org.testng.TestRunner.privateRun(TestRunner.java:744)
	at org.testng.TestRunner.run(TestRunner.java:602)
	at org.testng.SuiteRunner.runTest(SuiteRunner.java:380)
	at org.testng.SuiteRunner.runSequentially(SuiteRunner.java:375)
	at org.testng.SuiteRunner.privateRun(SuiteRunner.java:340)
	at org.testng.SuiteRunner.run(SuiteRunner.java:289)
	at org.testng.SuiteRunnerWorker.runSuite(SuiteRunnerWorker.java:52)
	at org.testng.SuiteRunnerWorker.run(SuiteRunnerWorker.java:86)
	at org.testng.TestNG.runSuitesSequentially(TestNG.java:1301)
	at org.testng.TestNG.runSuitesLocally(TestNG.java:1226)
	at org.testng.TestNG.runSuites(TestNG.java:1144)
	at org.testng.TestNG.run(TestNG.java:1115)
	at org.testng.remote.AbstractRemoteTestNG.run(AbstractRemoteTestNG.java:114)
	at org.testng.remote.RemoteTestNG.initAndRun(RemoteTestNG.java:251)
	at org.testng.remote.RemoteTestNG.main(RemoteTestNG.java:77)

</div> <!-- stack-trace -->
                </div> <!-- method-content -->
              </div> <!-- method -->
              <div class="method">
                <div class="method-content">
                  <a name="SanityTC36({TestCaseName=Legal Vehicle , CaseToRun=N, Module=Portfolio, Pass/Fail/Skip=SKIP, Category=, AddRule...)">
                  </a> <!-- SanityTC36({TestCaseName=Legal Vehicle , CaseToRun=N, Module=Portfolio, Pass/Fail/Skip=SKIP, Category=, AddRule...) -->
                  <span class="method-name">SanityTC36</span>
                  <span class="parameters">({TestCaseName=Legal Vehicle , CaseToRun=N, Module=Portfolio, Pass/Fail/Skip=SKIP, Category=, AddRule=Legal Vehicle, Level1=, Filtername=089ELIM (EM090), Filtername2=, Filtername3=, VerifyChip=089ELIM (EM090), TestCaseDescription =check whether data is fetched from the backend service, Steps to execute=1.Click Add Rule
2. Select "Legal Vehicle" from Exposure Category
3. Click Add filters (+) and select "089ELIM (EM090)", ExpectedResult="Legal Vehicle" dialog should have the value "089ELIM (EM090)"})</span>
                  <div class="stack-trace">org.testng.SkipException: Legal Vehicle &apos;s CaseToRun Flag Is &apos;N&apos; Or Blank. So Skipping Execution Of Legal Vehicle 
	at testcases.Regression.SanityTC36(Regression.java:725)
	at sun.reflect.NativeMethodAccessorImpl.invoke0(Native Method)
	at sun.reflect.NativeMethodAccessorImpl.invoke(Unknown Source)
	at sun.reflect.DelegatingMethodAccessorImpl.invoke(Unknown Source)
	at java.lang.reflect.Method.invoke(Unknown Source)
	at org.testng.internal.MethodInvocationHelper.invokeMethod(MethodInvocationHelper.java:108)
	at org.testng.internal.Invoker.invokeMethod(Invoker.java:661)
	at org.testng.internal.Invoker.invokeTestMethod(Invoker.java:869)
	at org.testng.internal.Invoker.invokeTestMethods(Invoker.java:1193)
	at org.testng.internal.TestMethodWorker.invokeTestMethods(TestMethodWorker.java:126)
	at org.testng.internal.TestMethodWorker.run(TestMethodWorker.java:109)
	at org.testng.TestRunner.privateRun(TestRunner.java:744)
	at org.testng.TestRunner.run(TestRunner.java:602)
	at org.testng.SuiteRunner.runTest(SuiteRunner.java:380)
	at org.testng.SuiteRunner.runSequentially(SuiteRunner.java:375)
	at org.testng.SuiteRunner.privateRun(SuiteRunner.java:340)
	at org.testng.SuiteRunner.run(SuiteRunner.java:289)
	at org.testng.SuiteRunnerWorker.runSuite(SuiteRunnerWorker.java:52)
	at org.testng.SuiteRunnerWorker.run(SuiteRunnerWorker.java:86)
	at org.testng.TestNG.runSuitesSequentially(TestNG.java:1301)
	at org.testng.TestNG.runSuitesLocally(TestNG.java:1226)
	at org.testng.TestNG.runSuites(TestNG.java:1144)
	at org.testng.TestNG.run(TestNG.java:1115)
	at org.testng.remote.AbstractRemoteTestNG.run(AbstractRemoteTestNG.java:114)
	at org.testng.remote.RemoteTestNG.initAndRun(RemoteTestNG.java:251)
	at org.testng.remote.RemoteTestNG.main(RemoteTestNG.java:77)

</div> <!-- stack-trace -->
                </div> <!-- method-content -->
              </div> <!-- method -->
              <div class="method">
                <div class="method-content">
                  <a name="SanityTC37({TestCaseName=Portfolio Business Segment (PBS), CaseToRun=N, Module=Portfolio, Pass/Fail/Skip=SKIP, ...)">
                  </a> <!-- SanityTC37({TestCaseName=Portfolio Business Segment (PBS), CaseToRun=N, Module=Portfolio, Pass/Fail/Skip=SKIP, ...) -->
                  <span class="method-name">SanityTC37</span>
                  <span class="parameters">({TestCaseName=Portfolio Business Segment (PBS), CaseToRun=N, Module=Portfolio, Pass/Fail/Skip=SKIP, Category=, AddRule=Portfolio Business Segment (PBS), Level1=, Filtername=TREASURY, Filtername2=, Filtername3=, VerifyChip=TREASURY, TestCaseDescription =check whether data is fetched from the backend service, Steps to execute=1.Click Add Rule
2. Select "Portfolio Business Segment (PBS)" from Exposure Category
3. Click Add filters (+) and select "TREASURY", ExpectedResult="Portfolio Business Segment (PBS)" dialog should have the value TREASURY})</span>
                  <div class="stack-trace">org.testng.SkipException: Portfolio Business Segment (PBS)&apos;s CaseToRun Flag Is &apos;N&apos; Or Blank. So Skipping Execution Of Portfolio Business Segment (PBS)
	at testcases.Regression.SanityTC37(Regression.java:744)
	at sun.reflect.NativeMethodAccessorImpl.invoke0(Native Method)
	at sun.reflect.NativeMethodAccessorImpl.invoke(Unknown Source)
	at sun.reflect.DelegatingMethodAccessorImpl.invoke(Unknown Source)
	at java.lang.reflect.Method.invoke(Unknown Source)
	at org.testng.internal.MethodInvocationHelper.invokeMethod(MethodInvocationHelper.java:108)
	at org.testng.internal.Invoker.invokeMethod(Invoker.java:661)
	at org.testng.internal.Invoker.invokeTestMethod(Invoker.java:869)
	at org.testng.internal.Invoker.invokeTestMethods(Invoker.java:1193)
	at org.testng.internal.TestMethodWorker.invokeTestMethods(TestMethodWorker.java:126)
	at org.testng.internal.TestMethodWorker.run(TestMethodWorker.java:109)
	at org.testng.TestRunner.privateRun(TestRunner.java:744)
	at org.testng.TestRunner.run(TestRunner.java:602)
	at org.testng.SuiteRunner.runTest(SuiteRunner.java:380)
	at org.testng.SuiteRunner.runSequentially(SuiteRunner.java:375)
	at org.testng.SuiteRunner.privateRun(SuiteRunner.java:340)
	at org.testng.SuiteRunner.run(SuiteRunner.java:289)
	at org.testng.SuiteRunnerWorker.runSuite(SuiteRunnerWorker.java:52)
	at org.testng.SuiteRunnerWorker.run(SuiteRunnerWorker.java:86)
	at org.testng.TestNG.runSuitesSequentially(TestNG.java:1301)
	at org.testng.TestNG.runSuitesLocally(TestNG.java:1226)
	at org.testng.TestNG.runSuites(TestNG.java:1144)
	at org.testng.TestNG.run(TestNG.java:1115)
	at org.testng.remote.AbstractRemoteTestNG.run(AbstractRemoteTestNG.java:114)
	at org.testng.remote.RemoteTestNG.initAndRun(RemoteTestNG.java:251)
	at org.testng.remote.RemoteTestNG.main(RemoteTestNG.java:77)

</div> <!-- stack-trace -->
                </div> <!-- method-content -->
              </div> <!-- method -->
              <div class="method">
                <div class="method-content">
                  <a name="SanityTC38({TestCaseName=Global Organization Code , CaseToRun=N, Module=Portfolio, Pass/Fail/Skip=SKIP, Categor...)">
                  </a> <!-- SanityTC38({TestCaseName=Global Organization Code , CaseToRun=N, Module=Portfolio, Pass/Fail/Skip=SKIP, Categor...) -->
                  <span class="method-name">SanityTC38</span>
                  <span class="parameters">({TestCaseName=Global Organization Code , CaseToRun=N, Module=Portfolio, Pass/Fail/Skip=SKIP, Category=, AddRule=Global Organization Code, Level1=, Filtername=#06-0012 AVON CO (EO27060012), Filtername2=, Filtername3=, VerifyChip=#06-0012 AVON CO (EO27060012), TestCaseDescription =check whether data is fetched from the backend service, Steps to execute=1.Click Add Rule
2. Select "Global Organization Code" from Exposure Category
3. Click Add filters (+) and select "#06-0012 AVON CO (EO27060012)", ExpectedResult="Global Organization Code" dialog should have the value #06-0012 AVON CO (EO27060012)})</span>
                  <div class="stack-trace">org.testng.SkipException: Global Organization Code &apos;s CaseToRun Flag Is &apos;N&apos; Or Blank. So Skipping Execution Of Global Organization Code 
	at testcases.Regression.SanityTC38(Regression.java:763)
	at sun.reflect.NativeMethodAccessorImpl.invoke0(Native Method)
	at sun.reflect.NativeMethodAccessorImpl.invoke(Unknown Source)
	at sun.reflect.DelegatingMethodAccessorImpl.invoke(Unknown Source)
	at java.lang.reflect.Method.invoke(Unknown Source)
	at org.testng.internal.MethodInvocationHelper.invokeMethod(MethodInvocationHelper.java:108)
	at org.testng.internal.Invoker.invokeMethod(Invoker.java:661)
	at org.testng.internal.Invoker.invokeTestMethod(Invoker.java:869)
	at org.testng.internal.Invoker.invokeTestMethods(Invoker.java:1193)
	at org.testng.internal.TestMethodWorker.invokeTestMethods(TestMethodWorker.java:126)
	at org.testng.internal.TestMethodWorker.run(TestMethodWorker.java:109)
	at org.testng.TestRunner.privateRun(TestRunner.java:744)
	at org.testng.TestRunner.run(TestRunner.java:602)
	at org.testng.SuiteRunner.runTest(SuiteRunner.java:380)
	at org.testng.SuiteRunner.runSequentially(SuiteRunner.java:375)
	at org.testng.SuiteRunner.privateRun(SuiteRunner.java:340)
	at org.testng.SuiteRunner.run(SuiteRunner.java:289)
	at org.testng.SuiteRunnerWorker.runSuite(SuiteRunnerWorker.java:52)
	at org.testng.SuiteRunnerWorker.run(SuiteRunnerWorker.java:86)
	at org.testng.TestNG.runSuitesSequentially(TestNG.java:1301)
	at org.testng.TestNG.runSuitesLocally(TestNG.java:1226)
	at org.testng.TestNG.runSuites(TestNG.java:1144)
	at org.testng.TestNG.run(TestNG.java:1115)
	at org.testng.remote.AbstractRemoteTestNG.run(AbstractRemoteTestNG.java:114)
	at org.testng.remote.RemoteTestNG.initAndRun(RemoteTestNG.java:251)
	at org.testng.remote.RemoteTestNG.main(RemoteTestNG.java:77)

</div> <!-- stack-trace -->
                </div> <!-- method-content -->
              </div> <!-- method -->
              <div class="method">
                <div class="method-content">
                  <a name="SanityTC39({TestCaseName=Managed Segment , CaseToRun=N, Module=Portfolio, Pass/Fail/Skip=SKIP, Category=, AddRu...)">
                  </a> <!-- SanityTC39({TestCaseName=Managed Segment , CaseToRun=N, Module=Portfolio, Pass/Fail/Skip=SKIP, Category=, AddRu...) -->
                  <span class="method-name">SanityTC39</span>
                  <span class="parameters">({TestCaseName=Managed Segment , CaseToRun=N, Module=Portfolio, Pass/Fail/Skip=SKIP, Category=, AddRule=Managed Segment, Level1=, Filtername=India [L10], Filtername2=, Filtername3=, VerifyChip=India [L10], TestCaseDescription =check whether data is fetched from the backend service, Steps to execute=1.Click Add Rule
2. Select "Managed Segment" from Exposure Category
3. Click Add filters (+) and select "India [L10]", ExpectedResult=Managed Segment  dialog should have the value "India [L10]"})</span>
                  <div class="stack-trace">org.testng.SkipException: Managed Segment &apos;s CaseToRun Flag Is &apos;N&apos; Or Blank. So Skipping Execution Of Managed Segment 
	at testcases.Regression.SanityTC39(Regression.java:782)
	at sun.reflect.NativeMethodAccessorImpl.invoke0(Native Method)
	at sun.reflect.NativeMethodAccessorImpl.invoke(Unknown Source)
	at sun.reflect.DelegatingMethodAccessorImpl.invoke(Unknown Source)
	at java.lang.reflect.Method.invoke(Unknown Source)
	at org.testng.internal.MethodInvocationHelper.invokeMethod(MethodInvocationHelper.java:108)
	at org.testng.internal.Invoker.invokeMethod(Invoker.java:661)
	at org.testng.internal.Invoker.invokeTestMethod(Invoker.java:869)
	at org.testng.internal.Invoker.invokeTestMethods(Invoker.java:1193)
	at org.testng.internal.TestMethodWorker.invokeTestMethods(TestMethodWorker.java:126)
	at org.testng.internal.TestMethodWorker.run(TestMethodWorker.java:109)
	at org.testng.TestRunner.privateRun(TestRunner.java:744)
	at org.testng.TestRunner.run(TestRunner.java:602)
	at org.testng.SuiteRunner.runTest(SuiteRunner.java:380)
	at org.testng.SuiteRunner.runSequentially(SuiteRunner.java:375)
	at org.testng.SuiteRunner.privateRun(SuiteRunner.java:340)
	at org.testng.SuiteRunner.run(SuiteRunner.java:289)
	at org.testng.SuiteRunnerWorker.runSuite(SuiteRunnerWorker.java:52)
	at org.testng.SuiteRunnerWorker.run(SuiteRunnerWorker.java:86)
	at org.testng.TestNG.runSuitesSequentially(TestNG.java:1301)
	at org.testng.TestNG.runSuitesLocally(TestNG.java:1226)
	at org.testng.TestNG.runSuites(TestNG.java:1144)
	at org.testng.TestNG.run(TestNG.java:1115)
	at org.testng.remote.AbstractRemoteTestNG.run(AbstractRemoteTestNG.java:114)
	at org.testng.remote.RemoteTestNG.initAndRun(RemoteTestNG.java:251)
	at org.testng.remote.RemoteTestNG.main(RemoteTestNG.java:77)

</div> <!-- stack-trace -->
                </div> <!-- method-content -->
              </div> <!-- method -->
              <div class="method">
                <div class="method-content">
                  <a name="SanityTC4({TestCaseName=Control Unit Credit Organization , CaseToRun=N, Module=Portfolio, Pass/Fail/Skip=SKIP,...)">
                  </a> <!-- SanityTC4({TestCaseName=Control Unit Credit Organization , CaseToRun=N, Module=Portfolio, Pass/Fail/Skip=SKIP,...) -->
                  <span class="method-name">SanityTC4</span>
                  <span class="parameters">({TestCaseName=Control Unit Credit Organization , CaseToRun=N, Module=Portfolio, Pass/Fail/Skip=SKIP, Category=, AddRule=Control Unit Credit Organization, Level1=, Filtername=GTS|RE, Filtername2=, Filtername3=, VerifyChip=, TestCaseDescription =check whether data is fetched from the backend service, Steps to execute=1.Click Add Rule
2. Select "Control Unit Credit Organization"  from "Business Unit" Category
3. Click Add filters (+) and select "GTS", "RE" , ExpectedResult="Control Unit Credit Organization" dialog should have the value "GTS", "RE" })</span>
                  <div class="stack-trace">org.testng.SkipException: Control Unit Credit Organization &apos;s CaseToRun Flag Is &apos;N&apos; Or Blank. So Skipping Execution Of Control Unit Credit Organization 
	at testcases.Regression.SanityTC4(Regression.java:124)
	at sun.reflect.NativeMethodAccessorImpl.invoke0(Native Method)
	at sun.reflect.NativeMethodAccessorImpl.invoke(Unknown Source)
	at sun.reflect.DelegatingMethodAccessorImpl.invoke(Unknown Source)
	at java.lang.reflect.Method.invoke(Unknown Source)
	at org.testng.internal.MethodInvocationHelper.invokeMethod(MethodInvocationHelper.java:108)
	at org.testng.internal.Invoker.invokeMethod(Invoker.java:661)
	at org.testng.internal.Invoker.invokeTestMethod(Invoker.java:869)
	at org.testng.internal.Invoker.invokeTestMethods(Invoker.java:1193)
	at org.testng.internal.TestMethodWorker.invokeTestMethods(TestMethodWorker.java:126)
	at org.testng.internal.TestMethodWorker.run(TestMethodWorker.java:109)
	at org.testng.TestRunner.privateRun(TestRunner.java:744)
	at org.testng.TestRunner.run(TestRunner.java:602)
	at org.testng.SuiteRunner.runTest(SuiteRunner.java:380)
	at org.testng.SuiteRunner.runSequentially(SuiteRunner.java:375)
	at org.testng.SuiteRunner.privateRun(SuiteRunner.java:340)
	at org.testng.SuiteRunner.run(SuiteRunner.java:289)
	at org.testng.SuiteRunnerWorker.runSuite(SuiteRunnerWorker.java:52)
	at org.testng.SuiteRunnerWorker.run(SuiteRunnerWorker.java:86)
	at org.testng.TestNG.runSuitesSequentially(TestNG.java:1301)
	at org.testng.TestNG.runSuitesLocally(TestNG.java:1226)
	at org.testng.TestNG.runSuites(TestNG.java:1144)
	at org.testng.TestNG.run(TestNG.java:1115)
	at org.testng.remote.AbstractRemoteTestNG.run(AbstractRemoteTestNG.java:114)
	at org.testng.remote.RemoteTestNG.initAndRun(RemoteTestNG.java:251)
	at org.testng.remote.RemoteTestNG.main(RemoteTestNG.java:77)

</div> <!-- stack-trace -->
                </div> <!-- method-content -->
              </div> <!-- method -->
              <div class="method">
                <div class="method-content">
                  <a name="SanityTC40({TestCaseName=OS Finance Data Load (FDL) Account Nm, CaseToRun=N, Module=Portfolio, Pass/Fail/Skip=S...)">
                  </a> <!-- SanityTC40({TestCaseName=OS Finance Data Load (FDL) Account Nm, CaseToRun=N, Module=Portfolio, Pass/Fail/Skip=S...) -->
                  <span class="method-name">SanityTC40</span>
                  <span class="parameters">({TestCaseName=OS Finance Data Load (FDL) Account Nm, CaseToRun=N, Module=Portfolio, Pass/Fail/Skip=SKIP, Category=, AddRule=OS Finance Data Load (FDL) Account Nm, Level1=, Filtername=INDIA RUPEE EQUITY-AUTO, Filtername2=, Filtername3=, VerifyChip=INDIA RUPEE EQUITY-AUTO, TestCaseDescription =check whether data is fetched from the backend service, Steps to execute=1.Click Add Rule
2. Select "OS Finance Data Load (FDL) Account Nm" from Exposure Category
3. Click Add filters (+) and select "INDIA RUPEE EQUITY-AUTO", ExpectedResult="OS Finance Data Load (FDL) Account Nm"  dialog should have the value "INDIA RUPEE EQUITY-AUTO"})</span>
                  <div class="stack-trace">org.testng.SkipException: OS Finance Data Load (FDL) Account Nm&apos;s CaseToRun Flag Is &apos;N&apos; Or Blank. So Skipping Execution Of OS Finance Data Load (FDL) Account Nm
	at testcases.Regression.SanityTC40(Regression.java:801)
	at sun.reflect.NativeMethodAccessorImpl.invoke0(Native Method)
	at sun.reflect.NativeMethodAccessorImpl.invoke(Unknown Source)
	at sun.reflect.DelegatingMethodAccessorImpl.invoke(Unknown Source)
	at java.lang.reflect.Method.invoke(Unknown Source)
	at org.testng.internal.MethodInvocationHelper.invokeMethod(MethodInvocationHelper.java:108)
	at org.testng.internal.Invoker.invokeMethod(Invoker.java:661)
	at org.testng.internal.Invoker.invokeTestMethod(Invoker.java:869)
	at org.testng.internal.Invoker.invokeTestMethods(Invoker.java:1193)
	at org.testng.internal.TestMethodWorker.invokeTestMethods(TestMethodWorker.java:126)
	at org.testng.internal.TestMethodWorker.run(TestMethodWorker.java:109)
	at org.testng.TestRunner.privateRun(TestRunner.java:744)
	at org.testng.TestRunner.run(TestRunner.java:602)
	at org.testng.SuiteRunner.runTest(SuiteRunner.java:380)
	at org.testng.SuiteRunner.runSequentially(SuiteRunner.java:375)
	at org.testng.SuiteRunner.privateRun(SuiteRunner.java:340)
	at org.testng.SuiteRunner.run(SuiteRunner.java:289)
	at org.testng.SuiteRunnerWorker.runSuite(SuiteRunnerWorker.java:52)
	at org.testng.SuiteRunnerWorker.run(SuiteRunnerWorker.java:86)
	at org.testng.TestNG.runSuitesSequentially(TestNG.java:1301)
	at org.testng.TestNG.runSuitesLocally(TestNG.java:1226)
	at org.testng.TestNG.runSuites(TestNG.java:1144)
	at org.testng.TestNG.run(TestNG.java:1115)
	at org.testng.remote.AbstractRemoteTestNG.run(AbstractRemoteTestNG.java:114)
	at org.testng.remote.RemoteTestNG.initAndRun(RemoteTestNG.java:251)
	at org.testng.remote.RemoteTestNG.main(RemoteTestNG.java:77)

</div> <!-- stack-trace -->
                </div> <!-- method-content -->
              </div> <!-- method -->
              <div class="method">
                <div class="method-content">
                  <a name="SanityTC41({TestCaseName=OS Global Finance Management Information System, CaseToRun=N, Module=Portfolio, Pass/F...)">
                  </a> <!-- SanityTC41({TestCaseName=OS Global Finance Management Information System, CaseToRun=N, Module=Portfolio, Pass/F...) -->
                  <span class="method-name">SanityTC41</span>
                  <span class="parameters">({TestCaseName=OS Global Finance Management Information System, CaseToRun=N, Module=Portfolio, Pass/Fail/Skip=SKIP, Category=, AddRule=OS Global Finance Management Information System, Level1=, Filtername=Best Efforts Distribution (L3 - 80100100000), Filtername2=, Filtername3=, VerifyChip=Best Efforts Distribution (L3 - 80100100000), TestCaseDescription =check whether data is fetched from the backend service, Steps to execute=1.Click Add Rule
2. Select "OS Global Finance Management Information System" from Product Category
3. Click Add filters (+) and select "Best Efforts Distribution (L3 - 80100100000)".
4. Click close of the dialog
5. Chip "Best Efforts Distribution (L4 - 80100100010)" should be populated  , ExpectedResult=a. OS Global Finance Management Information System dialog should have the value "Best Efforts Distribution (L3 - 80100100000)". 
b. Chip for "Best Efforts Distribution (L4 - 80100100010)" should be displayed in main screen})</span>
                  <div class="stack-trace">org.testng.SkipException: OS Global Finance Management Information System&apos;s CaseToRun Flag Is &apos;N&apos; Or Blank. So Skipping Execution Of OS Global Finance Management Information System
	at testcases.Regression.SanityTC41(Regression.java:820)
	at sun.reflect.NativeMethodAccessorImpl.invoke0(Native Method)
	at sun.reflect.NativeMethodAccessorImpl.invoke(Unknown Source)
	at sun.reflect.DelegatingMethodAccessorImpl.invoke(Unknown Source)
	at java.lang.reflect.Method.invoke(Unknown Source)
	at org.testng.internal.MethodInvocationHelper.invokeMethod(MethodInvocationHelper.java:108)
	at org.testng.internal.Invoker.invokeMethod(Invoker.java:661)
	at org.testng.internal.Invoker.invokeTestMethod(Invoker.java:869)
	at org.testng.internal.Invoker.invokeTestMethods(Invoker.java:1193)
	at org.testng.internal.TestMethodWorker.invokeTestMethods(TestMethodWorker.java:126)
	at org.testng.internal.TestMethodWorker.run(TestMethodWorker.java:109)
	at org.testng.TestRunner.privateRun(TestRunner.java:744)
	at org.testng.TestRunner.run(TestRunner.java:602)
	at org.testng.SuiteRunner.runTest(SuiteRunner.java:380)
	at org.testng.SuiteRunner.runSequentially(SuiteRunner.java:375)
	at org.testng.SuiteRunner.privateRun(SuiteRunner.java:340)
	at org.testng.SuiteRunner.run(SuiteRunner.java:289)
	at org.testng.SuiteRunnerWorker.runSuite(SuiteRunnerWorker.java:52)
	at org.testng.SuiteRunnerWorker.run(SuiteRunnerWorker.java:86)
	at org.testng.TestNG.runSuitesSequentially(TestNG.java:1301)
	at org.testng.TestNG.runSuitesLocally(TestNG.java:1226)
	at org.testng.TestNG.runSuites(TestNG.java:1144)
	at org.testng.TestNG.run(TestNG.java:1115)
	at org.testng.remote.AbstractRemoteTestNG.run(AbstractRemoteTestNG.java:114)
	at org.testng.remote.RemoteTestNG.initAndRun(RemoteTestNG.java:251)
	at org.testng.remote.RemoteTestNG.main(RemoteTestNG.java:77)

</div> <!-- stack-trace -->
                </div> <!-- method-content -->
              </div> <!-- method -->
              <div class="method">
                <div class="method-content">
                  <a name="SanityTC42({TestCaseName=Management Product Level, CaseToRun=N, Module=Portfolio, Pass/Fail/Skip=SKIP, Category...)">
                  </a> <!-- SanityTC42({TestCaseName=Management Product Level, CaseToRun=N, Module=Portfolio, Pass/Fail/Skip=SKIP, Category...) -->
                  <span class="method-name">SanityTC42</span>
                  <span class="parameters">({TestCaseName=Management Product Level, CaseToRun=N, Module=Portfolio, Pass/Fail/Skip=SKIP, Category=, AddRule=Management Product Level, Level1=, Filtername=Commodities (20200990000), Filtername2=, Filtername3=, VerifyChip=Commodities (20200990000), TestCaseDescription =check whether data is fetched from the backend service, Steps to execute=1.Click Add Rule
2. Select "Management Product Level" from Product Category
3. Click Add filters (+) and select "Commodities (20200990000)", ExpectedResult=Management Product Level dialog should have the value "Commodities (20200990000)"})</span>
                  <div class="stack-trace">org.testng.SkipException: Management Product Level&apos;s CaseToRun Flag Is &apos;N&apos; Or Blank. So Skipping Execution Of Management Product Level
	at testcases.Regression.SanityTC42(Regression.java:839)
	at sun.reflect.NativeMethodAccessorImpl.invoke0(Native Method)
	at sun.reflect.NativeMethodAccessorImpl.invoke(Unknown Source)
	at sun.reflect.DelegatingMethodAccessorImpl.invoke(Unknown Source)
	at java.lang.reflect.Method.invoke(Unknown Source)
	at org.testng.internal.MethodInvocationHelper.invokeMethod(MethodInvocationHelper.java:108)
	at org.testng.internal.Invoker.invokeMethod(Invoker.java:661)
	at org.testng.internal.Invoker.invokeTestMethod(Invoker.java:869)
	at org.testng.internal.Invoker.invokeTestMethods(Invoker.java:1193)
	at org.testng.internal.TestMethodWorker.invokeTestMethods(TestMethodWorker.java:126)
	at org.testng.internal.TestMethodWorker.run(TestMethodWorker.java:109)
	at org.testng.TestRunner.privateRun(TestRunner.java:744)
	at org.testng.TestRunner.run(TestRunner.java:602)
	at org.testng.SuiteRunner.runTest(SuiteRunner.java:380)
	at org.testng.SuiteRunner.runSequentially(SuiteRunner.java:375)
	at org.testng.SuiteRunner.privateRun(SuiteRunner.java:340)
	at org.testng.SuiteRunner.run(SuiteRunner.java:289)
	at org.testng.SuiteRunnerWorker.runSuite(SuiteRunnerWorker.java:52)
	at org.testng.SuiteRunnerWorker.run(SuiteRunnerWorker.java:86)
	at org.testng.TestNG.runSuitesSequentially(TestNG.java:1301)
	at org.testng.TestNG.runSuitesLocally(TestNG.java:1226)
	at org.testng.TestNG.runSuites(TestNG.java:1144)
	at org.testng.TestNG.run(TestNG.java:1115)
	at org.testng.remote.AbstractRemoteTestNG.run(AbstractRemoteTestNG.java:114)
	at org.testng.remote.RemoteTestNG.initAndRun(RemoteTestNG.java:251)
	at org.testng.remote.RemoteTestNG.main(RemoteTestNG.java:77)

</div> <!-- stack-trace -->
                </div> <!-- method-content -->
              </div> <!-- method -->
              <div class="method">
                <div class="method-content">
                  <a name="SanityTC43({TestCaseName=Facility Global Finance Management Information System, CaseToRun=N, Module=Portfolio, ...)">
                  </a> <!-- SanityTC43({TestCaseName=Facility Global Finance Management Information System, CaseToRun=N, Module=Portfolio, ...) -->
                  <span class="method-name">SanityTC43</span>
                  <span class="parameters">({TestCaseName=Facility Global Finance Management Information System, CaseToRun=N, Module=Portfolio, Pass/Fail/Skip=SKIP, Category=, AddRule=Facility Global Finance Management Information System, Level1=, Filtername=Best Efforts Distribution (L3 - 80100100000), Filtername2=, Filtername3=, VerifyChip=Best Efforts Distribution (L3 - 80100100000), TestCaseDescription =check whether data is fetched from the backend service, Steps to execute=1.Click Add Rule
2. Select "Facility Global Finance Management Information System" from Product Category
3. Click Add filters (+) and select "Best Efforts Distribution (L3 - 80100100000)".
4. Click close of the dialog
5. Chip "Best Efforts Distribution (L4 - 80100100010)" should be populated  , ExpectedResult=a.Facility Global Finance Management Information System dialog should have the value "Best Efforts Distribution (L3 - 80100100000)". 
b. Chip for "Best Efforts Distribution (L4 - 80100100010)" should be displayed in main screen})</span>
                  <div class="stack-trace">org.testng.SkipException: Facility Global Finance Management Information System&apos;s CaseToRun Flag Is &apos;N&apos; Or Blank. So Skipping Execution Of Facility Global Finance Management Information System
	at testcases.Regression.SanityTC43(Regression.java:858)
	at sun.reflect.NativeMethodAccessorImpl.invoke0(Native Method)
	at sun.reflect.NativeMethodAccessorImpl.invoke(Unknown Source)
	at sun.reflect.DelegatingMethodAccessorImpl.invoke(Unknown Source)
	at java.lang.reflect.Method.invoke(Unknown Source)
	at org.testng.internal.MethodInvocationHelper.invokeMethod(MethodInvocationHelper.java:108)
	at org.testng.internal.Invoker.invokeMethod(Invoker.java:661)
	at org.testng.internal.Invoker.invokeTestMethod(Invoker.java:869)
	at org.testng.internal.Invoker.invokeTestMethods(Invoker.java:1193)
	at org.testng.internal.TestMethodWorker.invokeTestMethods(TestMethodWorker.java:126)
	at org.testng.internal.TestMethodWorker.run(TestMethodWorker.java:109)
	at org.testng.TestRunner.privateRun(TestRunner.java:744)
	at org.testng.TestRunner.run(TestRunner.java:602)
	at org.testng.SuiteRunner.runTest(SuiteRunner.java:380)
	at org.testng.SuiteRunner.runSequentially(SuiteRunner.java:375)
	at org.testng.SuiteRunner.privateRun(SuiteRunner.java:340)
	at org.testng.SuiteRunner.run(SuiteRunner.java:289)
	at org.testng.SuiteRunnerWorker.runSuite(SuiteRunnerWorker.java:52)
	at org.testng.SuiteRunnerWorker.run(SuiteRunnerWorker.java:86)
	at org.testng.TestNG.runSuitesSequentially(TestNG.java:1301)
	at org.testng.TestNG.runSuitesLocally(TestNG.java:1226)
	at org.testng.TestNG.runSuites(TestNG.java:1144)
	at org.testng.TestNG.run(TestNG.java:1115)
	at org.testng.remote.AbstractRemoteTestNG.run(AbstractRemoteTestNG.java:114)
	at org.testng.remote.RemoteTestNG.initAndRun(RemoteTestNG.java:251)
	at org.testng.remote.RemoteTestNG.main(RemoteTestNG.java:77)

</div> <!-- stack-trace -->
                </div> <!-- method-content -->
              </div> <!-- method -->
              <div class="method">
                <div class="method-content">
                  <a name="SanityTC5({TestCaseName=Control Unit, CaseToRun=N, Module=Portfolio, Pass/Fail/Skip=SKIP, Category=, AddRule=C...)">
                  </a> <!-- SanityTC5({TestCaseName=Control Unit, CaseToRun=N, Module=Portfolio, Pass/Fail/Skip=SKIP, Category=, AddRule=C...) -->
                  <span class="method-name">SanityTC5</span>
                  <span class="parameters">({TestCaseName=Control Unit, CaseToRun=N, Module=Portfolio, Pass/Fail/Skip=SKIP, Category=, AddRule=Control Unit, Level1=, Filtername=AME HEALTH&LIFE INSU (107251)|CCB CTL RMU TW (106580)|CITI ADMIN SERV INC (107249), Filtername2=, Filtername3=, VerifyChip=, TestCaseDescription =check whether data is fetched from the backend service, Steps to execute=1.Click Add Rule
2. Select "Control Unit"  from "Business Unit" Category
3. Click Add filters (+) and select "AME HEALTH&LIFE INSU (107251)", "CCB CTL RMU TW (106580)", "CITI ADMIN SERV INC (107249)"  from BANKING BK, ExpectedResult="Control Unit" dialog should have the value "AME HEALTH&LIFE INSU (107251)", "CCB CTL RMU TW (106580)", "CITI ADMIN SERV INC (107249)"})</span>
                  <div class="stack-trace">org.testng.SkipException: Control Unit&apos;s CaseToRun Flag Is &apos;N&apos; Or Blank. So Skipping Execution Of Control Unit
	at testcases.Regression.SanityTC5(Regression.java:142)
	at sun.reflect.NativeMethodAccessorImpl.invoke0(Native Method)
	at sun.reflect.NativeMethodAccessorImpl.invoke(Unknown Source)
	at sun.reflect.DelegatingMethodAccessorImpl.invoke(Unknown Source)
	at java.lang.reflect.Method.invoke(Unknown Source)
	at org.testng.internal.MethodInvocationHelper.invokeMethod(MethodInvocationHelper.java:108)
	at org.testng.internal.Invoker.invokeMethod(Invoker.java:661)
	at org.testng.internal.Invoker.invokeTestMethod(Invoker.java:869)
	at org.testng.internal.Invoker.invokeTestMethods(Invoker.java:1193)
	at org.testng.internal.TestMethodWorker.invokeTestMethods(TestMethodWorker.java:126)
	at org.testng.internal.TestMethodWorker.run(TestMethodWorker.java:109)
	at org.testng.TestRunner.privateRun(TestRunner.java:744)
	at org.testng.TestRunner.run(TestRunner.java:602)
	at org.testng.SuiteRunner.runTest(SuiteRunner.java:380)
	at org.testng.SuiteRunner.runSequentially(SuiteRunner.java:375)
	at org.testng.SuiteRunner.privateRun(SuiteRunner.java:340)
	at org.testng.SuiteRunner.run(SuiteRunner.java:289)
	at org.testng.SuiteRunnerWorker.runSuite(SuiteRunnerWorker.java:52)
	at org.testng.SuiteRunnerWorker.run(SuiteRunnerWorker.java:86)
	at org.testng.TestNG.runSuitesSequentially(TestNG.java:1301)
	at org.testng.TestNG.runSuitesLocally(TestNG.java:1226)
	at org.testng.TestNG.runSuites(TestNG.java:1144)
	at org.testng.TestNG.run(TestNG.java:1115)
	at org.testng.remote.AbstractRemoteTestNG.run(AbstractRemoteTestNG.java:114)
	at org.testng.remote.RemoteTestNG.initAndRun(RemoteTestNG.java:251)
	at org.testng.remote.RemoteTestNG.main(RemoteTestNG.java:77)

</div> <!-- stack-trace -->
                </div> <!-- method-content -->
              </div> <!-- method -->
              <div class="method">
                <div class="method-content">
                  <a name="SanityTC6({TestCaseName=Approving Unit, CaseToRun=N, Module=Portfolio, Pass/Fail/Skip=SKIP, Category=, AddRule...)">
                  </a> <!-- SanityTC6({TestCaseName=Approving Unit, CaseToRun=N, Module=Portfolio, Pass/Fail/Skip=SKIP, Category=, AddRule...) -->
                  <span class="method-name">SanityTC6</span>
                  <span class="parameters">({TestCaseName=Approving Unit, CaseToRun=N, Module=Portfolio, Pass/Fail/Skip=SKIP, Category=, AddRule=Approving Unit, Level1=, Filtername=AS AGENT REPO (300171)|AGENCY & TRUST CEP (300789), Filtername2=, Filtername3=, VerifyChip=, TestCaseDescription =check whether data is fetched from the backend service, Steps to execute=1.Click Add Rule
2. Select "Approving Unit" from"Business Unit" Category
3. Click Add filters (+) and select "AS AGENT REPO (300171)" from FIRM & "AGENCY & TRUST CEP (300789)" from GTS, ExpectedResult="Approving Unit" dialog should have the value "AS AGENT REPO (300171)" in FIRM & "AGENCY & TRUST CEP (300789)" from GTS})</span>
                  <div class="stack-trace">org.testng.SkipException: Approving Unit&apos;s CaseToRun Flag Is &apos;N&apos; Or Blank. So Skipping Execution Of Approving Unit
	at testcases.Regression.SanityTC6(Regression.java:160)
	at sun.reflect.NativeMethodAccessorImpl.invoke0(Native Method)
	at sun.reflect.NativeMethodAccessorImpl.invoke(Unknown Source)
	at sun.reflect.DelegatingMethodAccessorImpl.invoke(Unknown Source)
	at java.lang.reflect.Method.invoke(Unknown Source)
	at org.testng.internal.MethodInvocationHelper.invokeMethod(MethodInvocationHelper.java:108)
	at org.testng.internal.Invoker.invokeMethod(Invoker.java:661)
	at org.testng.internal.Invoker.invokeTestMethod(Invoker.java:869)
	at org.testng.internal.Invoker.invokeTestMethods(Invoker.java:1193)
	at org.testng.internal.TestMethodWorker.invokeTestMethods(TestMethodWorker.java:126)
	at org.testng.internal.TestMethodWorker.run(TestMethodWorker.java:109)
	at org.testng.TestRunner.privateRun(TestRunner.java:744)
	at org.testng.TestRunner.run(TestRunner.java:602)
	at org.testng.SuiteRunner.runTest(SuiteRunner.java:380)
	at org.testng.SuiteRunner.runSequentially(SuiteRunner.java:375)
	at org.testng.SuiteRunner.privateRun(SuiteRunner.java:340)
	at org.testng.SuiteRunner.run(SuiteRunner.java:289)
	at org.testng.SuiteRunnerWorker.runSuite(SuiteRunnerWorker.java:52)
	at org.testng.SuiteRunnerWorker.run(SuiteRunnerWorker.java:86)
	at org.testng.TestNG.runSuitesSequentially(TestNG.java:1301)
	at org.testng.TestNG.runSuitesLocally(TestNG.java:1226)
	at org.testng.TestNG.runSuites(TestNG.java:1144)
	at org.testng.TestNG.run(TestNG.java:1115)
	at org.testng.remote.AbstractRemoteTestNG.run(AbstractRemoteTestNG.java:114)
	at org.testng.remote.RemoteTestNG.initAndRun(RemoteTestNG.java:251)
	at org.testng.remote.RemoteTestNG.main(RemoteTestNG.java:77)

</div> <!-- stack-trace -->
                </div> <!-- method-content -->
              </div> <!-- method -->
              <div class="method">
                <div class="method-content">
                  <a name="SanityTC7({TestCaseName=Extending Unit, CaseToRun=N, Module=Portfolio, Pass/Fail/Skip=SKIP, Category=, AddRule...)">
                  </a> <!-- SanityTC7({TestCaseName=Extending Unit, CaseToRun=N, Module=Portfolio, Pass/Fail/Skip=SKIP, Category=, AddRule...) -->
                  <span class="method-name">SanityTC7</span>
                  <span class="parameters">({TestCaseName=Extending Unit, CaseToRun=N, Module=Portfolio, Pass/Fail/Skip=SKIP, Category=, AddRule=Extending Unit, Level1=, Filtername=ACCIVAL - REPO (107200)|APEMCT-HK (102147), Filtername2=, Filtername3=, VerifyChip=, TestCaseDescription =check whether data is fetched from the backend service, Steps to execute=1.Click Add Rule
2. Select "Extending Unit" from "Business Unit" Category
3. Click Add filters (+) and select "ACCIVAL - REPO (107200)" from FIRM & "APEMCT-HK (102147)" from GIRM, ExpectedResult="Extending Unit" dialog should have the value "ACCIVAL - REPO (107200)" in FIRM & "APEMCT-HK (102147)" in GIRM})</span>
                  <div class="stack-trace">org.testng.SkipException: Extending Unit&apos;s CaseToRun Flag Is &apos;N&apos; Or Blank. So Skipping Execution Of Extending Unit
	at testcases.Regression.SanityTC7(Regression.java:178)
	at sun.reflect.NativeMethodAccessorImpl.invoke0(Native Method)
	at sun.reflect.NativeMethodAccessorImpl.invoke(Unknown Source)
	at sun.reflect.DelegatingMethodAccessorImpl.invoke(Unknown Source)
	at java.lang.reflect.Method.invoke(Unknown Source)
	at org.testng.internal.MethodInvocationHelper.invokeMethod(MethodInvocationHelper.java:108)
	at org.testng.internal.Invoker.invokeMethod(Invoker.java:661)
	at org.testng.internal.Invoker.invokeTestMethod(Invoker.java:869)
	at org.testng.internal.Invoker.invokeTestMethods(Invoker.java:1193)
	at org.testng.internal.TestMethodWorker.invokeTestMethods(TestMethodWorker.java:126)
	at org.testng.internal.TestMethodWorker.run(TestMethodWorker.java:109)
	at org.testng.TestRunner.privateRun(TestRunner.java:744)
	at org.testng.TestRunner.run(TestRunner.java:602)
	at org.testng.SuiteRunner.runTest(SuiteRunner.java:380)
	at org.testng.SuiteRunner.runSequentially(SuiteRunner.java:375)
	at org.testng.SuiteRunner.privateRun(SuiteRunner.java:340)
	at org.testng.SuiteRunner.run(SuiteRunner.java:289)
	at org.testng.SuiteRunnerWorker.runSuite(SuiteRunnerWorker.java:52)
	at org.testng.SuiteRunnerWorker.run(SuiteRunnerWorker.java:86)
	at org.testng.TestNG.runSuitesSequentially(TestNG.java:1301)
	at org.testng.TestNG.runSuitesLocally(TestNG.java:1226)
	at org.testng.TestNG.runSuites(TestNG.java:1144)
	at org.testng.TestNG.run(TestNG.java:1115)
	at org.testng.remote.AbstractRemoteTestNG.run(AbstractRemoteTestNG.java:114)
	at org.testng.remote.RemoteTestNG.initAndRun(RemoteTestNG.java:251)
	at org.testng.remote.RemoteTestNG.main(RemoteTestNG.java:77)

</div> <!-- stack-trace -->
                </div> <!-- method-content -->
              </div> <!-- method -->
              <div class="method">
                <div class="method-content">
                  <a name="SanityTC8({TestCaseName=Independent Risk Unit Geography, CaseToRun=N, Module=Portfolio, Pass/Fail/Skip=SKIP, C...)">
                  </a> <!-- SanityTC8({TestCaseName=Independent Risk Unit Geography, CaseToRun=N, Module=Portfolio, Pass/Fail/Skip=SKIP, C...) -->
                  <span class="method-name">SanityTC8</span>
                  <span class="parameters">({TestCaseName=Independent Risk Unit Geography, CaseToRun=N, Module=Portfolio, Pass/Fail/Skip=SKIP, Category=, AddRule=Independent Risk Unit Geography, Level1=, Filtername=JERSEY (L4 - JE), Filtername2=, Filtername3=, VerifyChip=JERSEY (L4 - JE), TestCaseDescription =check whether data is fetched from the backend service, Steps to execute=1.Click Add Rule
2. Select "Independent Risk Unit Geography" from Geography Category
3. Click Add filters (+) and select "JERSEY (L4 - JE)", ExpectedResult="Independent Risk Unit Geography" dialog should have the value "JERSEY (L4 - JE)"})</span>
                  <div class="stack-trace">org.testng.SkipException: Independent Risk Unit Geography&apos;s CaseToRun Flag Is &apos;N&apos; Or Blank. So Skipping Execution Of Independent Risk Unit Geography
	at testcases.Regression.SanityTC8(Regression.java:197)
	at sun.reflect.NativeMethodAccessorImpl.invoke0(Native Method)
	at sun.reflect.NativeMethodAccessorImpl.invoke(Unknown Source)
	at sun.reflect.DelegatingMethodAccessorImpl.invoke(Unknown Source)
	at java.lang.reflect.Method.invoke(Unknown Source)
	at org.testng.internal.MethodInvocationHelper.invokeMethod(MethodInvocationHelper.java:108)
	at org.testng.internal.Invoker.invokeMethod(Invoker.java:661)
	at org.testng.internal.Invoker.invokeTestMethod(Invoker.java:869)
	at org.testng.internal.Invoker.invokeTestMethods(Invoker.java:1193)
	at org.testng.internal.TestMethodWorker.invokeTestMethods(TestMethodWorker.java:126)
	at org.testng.internal.TestMethodWorker.run(TestMethodWorker.java:109)
	at org.testng.TestRunner.privateRun(TestRunner.java:744)
	at org.testng.TestRunner.run(TestRunner.java:602)
	at org.testng.SuiteRunner.runTest(SuiteRunner.java:380)
	at org.testng.SuiteRunner.runSequentially(SuiteRunner.java:375)
	at org.testng.SuiteRunner.privateRun(SuiteRunner.java:340)
	at org.testng.SuiteRunner.run(SuiteRunner.java:289)
	at org.testng.SuiteRunnerWorker.runSuite(SuiteRunnerWorker.java:52)
	at org.testng.SuiteRunnerWorker.run(SuiteRunnerWorker.java:86)
	at org.testng.TestNG.runSuitesSequentially(TestNG.java:1301)
	at org.testng.TestNG.runSuitesLocally(TestNG.java:1226)
	at org.testng.TestNG.runSuites(TestNG.java:1144)
	at org.testng.TestNG.run(TestNG.java:1115)
	at org.testng.remote.AbstractRemoteTestNG.run(AbstractRemoteTestNG.java:114)
	at org.testng.remote.RemoteTestNG.initAndRun(RemoteTestNG.java:251)
	at org.testng.remote.RemoteTestNG.main(RemoteTestNG.java:77)

</div> <!-- stack-trace -->
                </div> <!-- method-content -->
              </div> <!-- method -->
              <div class="method">
                <div class="method-content">
                  <a name="SanityTC9({TestCaseName=Control Unit Geography , CaseToRun=N, Module=Portfolio, Pass/Fail/Skip=SKIP, Category=...)">
                  </a> <!-- SanityTC9({TestCaseName=Control Unit Geography , CaseToRun=N, Module=Portfolio, Pass/Fail/Skip=SKIP, Category=...) -->
                  <span class="method-name">SanityTC9</span>
                  <span class="parameters">({TestCaseName=Control Unit Geography , CaseToRun=N, Module=Portfolio, Pass/Fail/Skip=SKIP, Category=, AddRule=Independent Risk Unit Credit Organization, Level1=, Filtername=JERSEY (L4 - JE), Filtername2=, Filtername3=, VerifyChip=JERSEY (L4 - JE), TestCaseDescription =check whether data is fetched from the backend service, Steps to execute=1.Click Add Rule
2. Select "Control Unit Geography" from Geography Category
3. Click Add filters (+) and select "JERSEY (L4 - JE)"
4. Close the dialog, ExpectedResult=a. "Control Unit Geography" dialog should have the value "ISRAEL (L2 - 15)"
b. Chip in the main screen after dialog close should display "ISRAEL (L4 - IL)"})</span>
                  <div class="stack-trace">org.testng.SkipException: Control Unit Geography &apos;s CaseToRun Flag Is &apos;N&apos; Or Blank. So Skipping Execution Of Control Unit Geography 
	at testcases.Regression.SanityTC9(Regression.java:217)
	at sun.reflect.NativeMethodAccessorImpl.invoke0(Native Method)
	at sun.reflect.NativeMethodAccessorImpl.invoke(Unknown Source)
	at sun.reflect.DelegatingMethodAccessorImpl.invoke(Unknown Source)
	at java.lang.reflect.Method.invoke(Unknown Source)
	at org.testng.internal.MethodInvocationHelper.invokeMethod(MethodInvocationHelper.java:108)
	at org.testng.internal.Invoker.invokeMethod(Invoker.java:661)
	at org.testng.internal.Invoker.invokeTestMethod(Invoker.java:869)
	at org.testng.internal.Invoker.invokeTestMethods(Invoker.java:1193)
	at org.testng.internal.TestMethodWorker.invokeTestMethods(TestMethodWorker.java:126)
	at org.testng.internal.TestMethodWorker.run(TestMethodWorker.java:109)
	at org.testng.TestRunner.privateRun(TestRunner.java:744)
	at org.testng.TestRunner.run(TestRunner.java:602)
	at org.testng.SuiteRunner.runTest(SuiteRunner.java:380)
	at org.testng.SuiteRunner.runSequentially(SuiteRunner.java:375)
	at org.testng.SuiteRunner.privateRun(SuiteRunner.java:340)
	at org.testng.SuiteRunner.run(SuiteRunner.java:289)
	at org.testng.SuiteRunnerWorker.runSuite(SuiteRunnerWorker.java:52)
	at org.testng.SuiteRunnerWorker.run(SuiteRunnerWorker.java:86)
	at org.testng.TestNG.runSuitesSequentially(TestNG.java:1301)
	at org.testng.TestNG.runSuitesLocally(TestNG.java:1226)
	at org.testng.TestNG.runSuites(TestNG.java:1144)
	at org.testng.TestNG.run(TestNG.java:1115)
	at org.testng.remote.AbstractRemoteTestNG.run(AbstractRemoteTestNG.java:114)
	at org.testng.remote.RemoteTestNG.initAndRun(RemoteTestNG.java:251)
	at org.testng.remote.RemoteTestNG.main(RemoteTestNG.java:77)

</div> <!-- stack-trace -->
                </div> <!-- method-content -->
              </div> <!-- method -->
            </div> <!-- main-panel-content rounded-window-bottom -->
          </div> <!-- suite-Default_suite-class-skipped -->
          <div class="suite-Default_suite-class-passed">
            <div class="main-panel-header rounded-window-top">
              <img src="passed.png"/>
              <span class="class-name">testcases.Regression</span>
            </div> <!-- main-panel-header rounded-window-top -->
            <div class="main-panel-content rounded-window-bottom">
              <div class="method">
                <div class="method-content">
                  <a name="RegTC44({TestCaseName=Management Product Level, CaseToRun=Y, Module=Portfolio, Pass/Fail/Skip=PASS, Category...)">
                  </a> <!-- RegTC44({TestCaseName=Management Product Level, CaseToRun=Y, Module=Portfolio, Pass/Fail/Skip=PASS, Category...) -->
                  <span class="method-name">RegTC44</span>
                  <span class="parameters">({TestCaseName=Management Product Level, CaseToRun=Y, Module=Portfolio, Pass/Fail/Skip=PASS, Category=, AddRule=Management Product Level, Level1=, Filtername=Commercial Cards (30400100000), Filtername2=, Filtername3=, VerifyChip=Commercial Cards (30400100000), TestCaseDescription =check whether data is fetched from the backend service, Steps to execute=1.Click Add Rule
2. Select "Facility Global Finance Management Information System" from Product Category
3. Click Add filters (+) and select "Best Efforts Distribution (L3 - 80100100000)".
4. Click close of the dialog
5. Chip "Best Efforts Distribution (L4 - 80100100010)" should be populated  , ExpectedResult=a.Facility Global Finance Management Information System dialog should have the value "Best Efforts Distribution (L3 - 80100100000)". 
b. Chip for "Best Efforts Distribution (L4 - 80100100010)" should be displayed in main screen})</span>
                </div> <!-- method-content -->
              </div> <!-- method -->
            </div> <!-- main-panel-content rounded-window-bottom -->
          </div> <!-- suite-Default_suite-class-passed -->
        </div> <!-- panel Default_suite -->
        <div panel-name="test-xml-Default_suite" class="panel">
          <div class="main-panel-header rounded-window-top">
            <span class="header-content">C:\Users\ad16927\AppData\Local\Temp\testng-eclipse--1831644059\testng-customsuite.xml</span>
          </div> <!-- main-panel-header rounded-window-top -->
          <div class="main-panel-content rounded-window-bottom">
            <pre>
&lt;?xml version=&quot;1.0&quot; encoding=&quot;UTF-8&quot;?&gt;
&lt;!DOCTYPE suite SYSTEM &quot;http://testng.org/testng-1.0.dtd&quot;&gt;
&lt;suite guice-stage=&quot;DEVELOPMENT&quot; name=&quot;Default suite&quot;&gt;
  &lt;test verbose=&quot;2&quot; name=&quot;Default test&quot;&gt;
    &lt;classes&gt;
      &lt;class name=&quot;testcases.Regression&quot;/&gt;
    &lt;/classes&gt;
  &lt;/test&gt; &lt;!-- Default test --&gt;
&lt;/suite&gt; &lt;!-- Default suite --&gt;
            </pre>
          </div> <!-- main-panel-content rounded-window-bottom -->
        </div> <!-- panel -->
        <div panel-name="testlist-Default_suite" class="panel">
          <div class="main-panel-header rounded-window-top">
            <span class="header-content">Tests for Default suite</span>
          </div> <!-- main-panel-header rounded-window-top -->
          <div class="main-panel-content rounded-window-bottom">
            <ul>
              <li>
                <span class="test-name">Default test (1 class)</span>
              </li>
            </ul>
          </div> <!-- main-panel-content rounded-window-bottom -->
        </div> <!-- panel -->
        <div panel-name="group-Default_suite" class="panel">
          <div class="main-panel-header rounded-window-top">
            <span class="header-content">Groups for Default suite</span>
          </div> <!-- main-panel-header rounded-window-top -->
          <div class="main-panel-content rounded-window-bottom">
          </div> <!-- main-panel-content rounded-window-bottom -->
        </div> <!-- panel -->
        <div panel-name="times-Default_suite" class="panel">
          <div class="main-panel-header rounded-window-top">
            <span class="header-content">Times for Default suite</span>
          </div> <!-- main-panel-header rounded-window-top -->
          <div class="main-panel-content rounded-window-bottom">
            <div class="times-div">
              <script type="text/javascript">
suiteTableInitFunctions.push('tableData_Default_suite');
function tableData_Default_suite() {
var data = new google.visualization.DataTable();
data.addColumn('number', 'Number');
data.addColumn('string', 'Method');
data.addColumn('string', 'Class');
data.addColumn('number', 'Time (ms)');
data.addRows(44);
data.setCell(0, 0, 0)
data.setCell(0, 1, 'RegTC44')
data.setCell(0, 2, 'testcases.Regression')
data.setCell(0, 3, 24739);
data.setCell(1, 0, 1)
data.setCell(1, 1, 'SanityTC21')
data.setCell(1, 2, 'testcases.Regression')
data.setCell(1, 3, 79);
data.setCell(2, 0, 2)
data.setCell(2, 1, 'SanityTC34')
data.setCell(2, 2, 'testcases.Regression')
data.setCell(2, 3, 27);
data.setCell(3, 0, 3)
data.setCell(3, 1, 'SanityTC33')
data.setCell(3, 2, 'testcases.Regression')
data.setCell(3, 3, 21);
data.setCell(4, 0, 4)
data.setCell(4, 1, 'SanityTC16')
data.setCell(4, 2, 'testcases.Regression')
data.setCell(4, 3, 18);
data.setCell(5, 0, 5)
data.setCell(5, 1, 'SanityTC20')
data.setCell(5, 2, 'testcases.Regression')
data.setCell(5, 3, 13);
data.setCell(6, 0, 6)
data.setCell(6, 1, 'SanityTC24')
data.setCell(6, 2, 'testcases.Regression')
data.setCell(6, 3, 9);
data.setCell(7, 0, 7)
data.setCell(7, 1, 'SanityTC18')
data.setCell(7, 2, 'testcases.Regression')
data.setCell(7, 3, 9);
data.setCell(8, 0, 8)
data.setCell(8, 1, 'SanityTC32')
data.setCell(8, 2, 'testcases.Regression')
data.setCell(8, 3, 8);
data.setCell(9, 0, 9)
data.setCell(9, 1, 'SanityTC15')
data.setCell(9, 2, 'testcases.Regression')
data.setCell(9, 3, 8);
data.setCell(10, 0, 10)
data.setCell(10, 1, 'SanityTC37')
data.setCell(10, 2, 'testcases.Regression')
data.setCell(10, 3, 8);
data.setCell(11, 0, 11)
data.setCell(11, 1, 'SanityTC6')
data.setCell(11, 2, 'testcases.Regression')
data.setCell(11, 3, 8);
data.setCell(12, 0, 12)
data.setCell(12, 1, 'SanityTC25')
data.setCell(12, 2, 'testcases.Regression')
data.setCell(12, 3, 7);
data.setCell(13, 0, 13)
data.setCell(13, 1, 'SanityTC14')
data.setCell(13, 2, 'testcases.Regression')
data.setCell(13, 3, 6);
data.setCell(14, 0, 14)
data.setCell(14, 1, 'SanityTC17')
data.setCell(14, 2, 'testcases.Regression')
data.setCell(14, 3, 6);
data.setCell(15, 0, 15)
data.setCell(15, 1, 'SanityTC10')
data.setCell(15, 2, 'testcases.Regression')
data.setCell(15, 3, 6);
data.setCell(16, 0, 16)
data.setCell(16, 1, 'SanityTC3')
data.setCell(16, 2, 'testcases.Regression')
data.setCell(16, 3, 6);
data.setCell(17, 0, 17)
data.setCell(17, 1, 'SanityTC43')
data.setCell(17, 2, 'testcases.Regression')
data.setCell(17, 3, 5);
data.setCell(18, 0, 18)
data.setCell(18, 1, 'SanityTC1')
data.setCell(18, 2, 'testcases.Regression')
data.setCell(18, 3, 5);
data.setCell(19, 0, 19)
data.setCell(19, 1, 'SanityTC40')
data.setCell(19, 2, 'testcases.Regression')
data.setCell(19, 3, 5);
data.setCell(20, 0, 20)
data.setCell(20, 1, 'SanityTC7')
data.setCell(20, 2, 'testcases.Regression')
data.setCell(20, 3, 4);
data.setCell(21, 0, 21)
data.setCell(21, 1, 'SanityTC11')
data.setCell(21, 2, 'testcases.Regression')
data.setCell(21, 3, 4);
data.setCell(22, 0, 22)
data.setCell(22, 1, 'SanityTC2')
data.setCell(22, 2, 'testcases.Regression')
data.setCell(22, 3, 3);
data.setCell(23, 0, 23)
data.setCell(23, 1, 'SanityTC35')
data.setCell(23, 2, 'testcases.Regression')
data.setCell(23, 3, 3);
data.setCell(24, 0, 24)
data.setCell(24, 1, 'SanityTC23')
data.setCell(24, 2, 'testcases.Regression')
data.setCell(24, 3, 3);
data.setCell(25, 0, 25)
data.setCell(25, 1, 'SanityTC12')
data.setCell(25, 2, 'testcases.Regression')
data.setCell(25, 3, 3);
data.setCell(26, 0, 26)
data.setCell(26, 1, 'SanityTC27')
data.setCell(26, 2, 'testcases.Regression')
data.setCell(26, 3, 3);
data.setCell(27, 0, 27)
data.setCell(27, 1, 'SanityTC30')
data.setCell(27, 2, 'testcases.Regression')
data.setCell(27, 3, 3);
data.setCell(28, 0, 28)
data.setCell(28, 1, 'SanityTC42')
data.setCell(28, 2, 'testcases.Regression')
data.setCell(28, 3, 3);
data.setCell(29, 0, 29)
data.setCell(29, 1, 'SanityTC31')
data.setCell(29, 2, 'testcases.Regression')
data.setCell(29, 3, 2);
data.setCell(30, 0, 30)
data.setCell(30, 1, 'SanityTC4')
data.setCell(30, 2, 'testcases.Regression')
data.setCell(30, 3, 2);
data.setCell(31, 0, 31)
data.setCell(31, 1, 'SanityTC9')
data.setCell(31, 2, 'testcases.Regression')
data.setCell(31, 3, 2);
data.setCell(32, 0, 32)
data.setCell(32, 1, 'SanityTC22')
data.setCell(32, 2, 'testcases.Regression')
data.setCell(32, 3, 2);
data.setCell(33, 0, 33)
data.setCell(33, 1, 'SanityTC38')
data.setCell(33, 2, 'testcases.Regression')
data.setCell(33, 3, 2);
data.setCell(34, 0, 34)
data.setCell(34, 1, 'SanityTC5')
data.setCell(34, 2, 'testcases.Regression')
data.setCell(34, 3, 2);
data.setCell(35, 0, 35)
data.setCell(35, 1, 'SanityTC28')
data.setCell(35, 2, 'testcases.Regression')
data.setCell(35, 3, 2);
data.setCell(36, 0, 36)
data.setCell(36, 1, 'SanityTC26')
data.setCell(36, 2, 'testcases.Regression')
data.setCell(36, 3, 2);
data.setCell(37, 0, 37)
data.setCell(37, 1, 'SanityTC13')
data.setCell(37, 2, 'testcases.Regression')
data.setCell(37, 3, 2);
data.setCell(38, 0, 38)
data.setCell(38, 1, 'SanityTC8')
data.setCell(38, 2, 'testcases.Regression')
data.setCell(38, 3, 2);
data.setCell(39, 0, 39)
data.setCell(39, 1, 'SanityTC29')
data.setCell(39, 2, 'testcases.Regression')
data.setCell(39, 3, 2);
data.setCell(40, 0, 40)
data.setCell(40, 1, 'SanityTC19')
data.setCell(40, 2, 'testcases.Regression')
data.setCell(40, 3, 1);
data.setCell(41, 0, 41)
data.setCell(41, 1, 'SanityTC36')
data.setCell(41, 2, 'testcases.Regression')
data.setCell(41, 3, 1);
data.setCell(42, 0, 42)
data.setCell(42, 1, 'SanityTC39')
data.setCell(42, 2, 'testcases.Regression')
data.setCell(42, 3, 1);
data.setCell(43, 0, 43)
data.setCell(43, 1, 'SanityTC41')
data.setCell(43, 2, 'testcases.Regression')
data.setCell(43, 3, 1);
window.suiteTableData['Default_suite']= { tableData: data, tableDiv: 'times-div-Default_suite'}
return data;
}
              </script>
              <span class="suite-total-time">Total running time: 25 seconds</span>
              <div id="times-div-Default_suite">
              </div> <!-- times-div-Default_suite -->
            </div> <!-- times-div -->
          </div> <!-- main-panel-content rounded-window-bottom -->
        </div> <!-- panel -->
        <div panel-name="reporter-Default_suite" class="panel">
          <div class="main-panel-header rounded-window-top">
            <span class="header-content">Reporter output for Default suite</span>
          </div> <!-- main-panel-header rounded-window-top -->
          <div class="main-panel-content rounded-window-bottom">
            <div class="reporter-method-div">
              <span class="reporter-method-name">RegTC44({TestCaseName=Management Product Level, CaseToRun=Y, Module=Portfolio, Pass/Fail/Skip=PASS, Category...)</span>
              <div class="reporter-method-output-div">
                <span class="reporter-method-output">Successfully waited for Button Add Rule to be present on page</span>
                <span class="reporter-method-output">Successfully clicked on Button Add Rule element.</span>
                <span class="reporter-method-output">Successfully waited for Filter Search to be present on page</span>
                <span class="reporter-method-output">Successfully entered Management Product Level in Filter Search textbox.</span>
                <span class="reporter-method-output">Successfully waited for invisibility of Add Filters Progress Bar</span>
                <span class="reporter-method-output">Successfully clicked on Management Product Level checkbox</span>
                <span class="reporter-method-output">Successfully clicked on Close Icon Add Rule Pop Up element.</span>
                <span class="reporter-method-output">Successfully waited for Add Icon to be present on page</span>
                <span class="reporter-method-output">Successfully clicked on Add Icon element.</span>
                <span class="reporter-method-output">Successfully waited for Commercial Cards (30400100000) checkbox to be present on page</span>
                <span class="reporter-method-output">Successfully clicked on Commercial Cards (30400100000) checkbox</span>
                <span class="reporter-method-output">Successfully clicked on Close Icon Add Rule Pop Up element.</span>
                <span class="reporter-method-output">Successfully waited for Commercial Cards (30400100000) filter on Home Page to be present on page</span>
              </div> <!-- reporter-method-output-div -->
            </div> <!-- reporter-method-div -->
          </div> <!-- main-panel-content rounded-window-bottom -->
        </div> <!-- panel -->
        <div panel-name="ignored-methods-Default_suite" class="panel">
          <div class="main-panel-header rounded-window-top">
            <span class="header-content">0 ignored methods</span>
          </div> <!-- main-panel-header rounded-window-top -->
          <div class="main-panel-content rounded-window-bottom">
          </div> <!-- main-panel-content rounded-window-bottom -->
        </div> <!-- panel -->
        <div panel-name="chronological-Default_suite" class="panel">
          <div class="main-panel-header rounded-window-top">
            <span class="header-content">Methods in chronological order</span>
          </div> <!-- main-panel-header rounded-window-top -->
          <div class="main-panel-content rounded-window-bottom">
            <div class="chronological-class">
              <div class="chronological-class-name">testcases.Regression</div> <!-- chronological-class-name -->
              <div class="configuration-test before">
                <span class="method-name">setUp</span>
                <span class="method-start">0 ms</span>
              </div> <!-- configuration-test before -->
              <div class="test-method">
                <span class="method-name">RegTC44({TestCaseName=Management Product Level, CaseToRun=Y, Module=Portfolio, Pass/Fail/Skip=PASS, Category...)</span>
                <span class="method-start">623 ms</span>
              </div> <!-- test-method -->
              <div class="configuration-method after">
                <span class="method-name">reporterDataResults([TestResult name=RegTC44 status=SUCCESS method=Regression.RegTC44(java.util.LinkedHashMap)[pri:0, in...)</span>
                <span class="method-start">25364 ms</span>
              </div> <!-- configuration-method after -->
              <div class="test-method">
                <span class="method-name">SanityTC1({TestCaseName=Independent Risk Unit Credit Organization , CaseToRun=N, Module=Portfolio, Pass/Fail/S...)</span>
                <span class="method-start">27290 ms</span>
              </div> <!-- test-method -->
              <div class="configuration-method after">
                <span class="method-name">reporterDataResults([TestResult name=SanityTC1 status=SKIP method=Regression.SanityTC1(java.util.LinkedHashMap)[pri:0, i...)</span>
                <span class="method-start">27317 ms</span>
              </div> <!-- configuration-method after -->
              <div class="test-method">
                <span class="method-name">SanityTC10({TestCaseName=Approving Unit Geography, CaseToRun=N, Module=Portfolio, Pass/Fail/Skip=SKIP, Category...)</span>
                <span class="method-start">27368 ms</span>
              </div> <!-- test-method -->
              <div class="configuration-method after">
                <span class="method-name">reporterDataResults([TestResult name=SanityTC10 status=SKIP method=Regression.SanityTC10(java.util.LinkedHashMap)[pri:0,...)</span>
                <span class="method-start">27376 ms</span>
              </div> <!-- configuration-method after -->
              <div class="test-method">
                <span class="method-name">SanityTC11({TestCaseName=Extending Unit Geography , CaseToRun=N, Module=Portfolio, Pass/Fail/Skip=SKIP, Categor...)</span>
                <span class="method-start">27391 ms</span>
              </div> <!-- test-method -->
              <div class="configuration-method after">
                <span class="method-name">reporterDataResults([TestResult name=SanityTC11 status=SKIP method=Regression.SanityTC11(java.util.LinkedHashMap)[pri:0,...)</span>
                <span class="method-start">27400 ms</span>
              </div> <!-- configuration-method after -->
              <div class="test-method">
                <span class="method-name">SanityTC12({TestCaseName=Global Organization Code Enriched Geography, CaseToRun=N, Module=Portfolio, Pass/Fail/...)</span>
                <span class="method-start">27491 ms</span>
              </div> <!-- test-method -->
              <div class="configuration-method after">
                <span class="method-name">reporterDataResults([TestResult name=SanityTC12 status=SKIP method=Regression.SanityTC12(java.util.LinkedHashMap)[pri:0,...)</span>
                <span class="method-start">27508 ms</span>
              </div> <!-- configuration-method after -->
              <div class="test-method">
                <span class="method-name">SanityTC13({TestCaseName=Relationship Geography At Risk, CaseToRun=N, Module=Portfolio, Pass/Fail/Skip=SKIP, Ca...)</span>
                <span class="method-start">27536 ms</span>
              </div> <!-- test-method -->
              <div class="configuration-method after">
                <span class="method-name">reporterDataResults([TestResult name=SanityTC13 status=SKIP method=Regression.SanityTC13(java.util.LinkedHashMap)[pri:0,...)</span>
                <span class="method-start">27545 ms</span>
              </div> <!-- configuration-method after -->
              <div class="test-method">
                <span class="method-name">SanityTC14({TestCaseName=Obligor Geography At Risk, CaseToRun=N, Module=Portfolio, Pass/Fail/Skip=SKIP, Categor...)</span>
                <span class="method-start">27566 ms</span>
              </div> <!-- test-method -->
              <div class="configuration-method after">
                <span class="method-name">reporterDataResults([TestResult name=SanityTC14 status=SKIP method=Regression.SanityTC14(java.util.LinkedHashMap)[pri:0,...)</span>
                <span class="method-start">27577 ms</span>
              </div> <!-- configuration-method after -->
              <div class="test-method">
                <span class="method-name">SanityTC15({TestCaseName=Relationship Risk Management Industry, CaseToRun=N, Module=Portfolio, Pass/Fail/Skip=S...)</span>
                <span class="method-start">27660 ms</span>
              </div> <!-- test-method -->
              <div class="configuration-method after">
                <span class="method-name">reporterDataResults([TestResult name=SanityTC15 status=SKIP method=Regression.SanityTC15(java.util.LinkedHashMap)[pri:0,...)</span>
                <span class="method-start">27678 ms</span>
              </div> <!-- configuration-method after -->
              <div class="test-method">
                <span class="method-name">SanityTC16({TestCaseName=Obligor Risk Management Industry, CaseToRun=N, Module=Portfolio, Pass/Fail/Skip=SKIP, ...)</span>
                <span class="method-start">27692 ms</span>
              </div> <!-- test-method -->
              <div class="configuration-method after">
                <span class="method-name">reporterDataResults([TestResult name=SanityTC16 status=SKIP method=Regression.SanityTC16(java.util.LinkedHashMap)[pri:0,...)</span>
                <span class="method-start">27723 ms</span>
              </div> <!-- configuration-method after -->
              <div class="test-method">
                <span class="method-name">SanityTC17({TestCaseName=Obligor Support Type, CaseToRun=N, Module=Portfolio, Pass/Fail/Skip=SKIP, Category=, A...)</span>
                <span class="method-start">27757 ms</span>
              </div> <!-- test-method -->
              <div class="configuration-method after">
                <span class="method-name">reporterDataResults([TestResult name=SanityTC17 status=SKIP method=Regression.SanityTC17(java.util.LinkedHashMap)[pri:0,...)</span>
                <span class="method-start">27772 ms</span>
              </div> <!-- configuration-method after -->
              <div class="test-method">
                <span class="method-name">SanityTC18({TestCaseName=CAGID , CaseToRun=N, Module=Portfolio, Pass/Fail/Skip=SKIP, Category=, AddRule=CAGID, ...)</span>
                <span class="method-start">27833 ms</span>
              </div> <!-- test-method -->
              <div class="configuration-method after">
                <span class="method-name">reporterDataResults([TestResult name=SanityTC18 status=SKIP method=Regression.SanityTC18(java.util.LinkedHashMap)[pri:0,...)</span>
                <span class="method-start">27845 ms</span>
              </div> <!-- configuration-method after -->
              <div class="test-method">
                <span class="method-name">SanityTC19({TestCaseName=Relationship Name #1, CaseToRun=N, Module=Portfolio, Pass/Fail/Skip=SKIP, Category=, A...)</span>
                <span class="method-start">27859 ms</span>
              </div> <!-- test-method -->
              <div class="configuration-method after">
                <span class="method-name">reporterDataResults([TestResult name=SanityTC19 status=SKIP method=Regression.SanityTC19(java.util.LinkedHashMap)[pri:0,...)</span>
                <span class="method-start">27861 ms</span>
              </div> <!-- configuration-method after -->
              <div class="test-method">
                <span class="method-name">SanityTC2({TestCaseName=Independent Risk Unit Credit Coverage Area, CaseToRun=N, Module=Portfolio, Pass/Fail/S...)</span>
                <span class="method-start">27876 ms</span>
              </div> <!-- test-method -->
              <div class="configuration-method after">
                <span class="method-name">reporterDataResults([TestResult name=SanityTC2 status=SKIP method=Regression.SanityTC2(java.util.LinkedHashMap)[pri:0, i...)</span>
                <span class="method-start">27881 ms</span>
              </div> <!-- configuration-method after -->
              <div class="test-method">
                <span class="method-name">SanityTC20({TestCaseName=Relationship Name #2, CaseToRun=N, Module=Portfolio, Pass/Fail/Skip=SKIP, Category=, A...)</span>
                <span class="method-start">27936 ms</span>
              </div> <!-- test-method -->
              <div class="configuration-method after">
                <span class="method-name">reporterDataResults([TestResult name=SanityTC20 status=SKIP method=Regression.SanityTC20(java.util.LinkedHashMap)[pri:0,...)</span>
                <span class="method-start">27958 ms</span>
              </div> <!-- configuration-method after -->
              <div class="test-method">
                <span class="method-name">SanityTC21({TestCaseName=GFCID, CaseToRun=N, Module=Portfolio, Pass/Fail/Skip=SKIP, Category=, AddRule=GFCID, L...)</span>
                <span class="method-start">28157 ms</span>
              </div> <!-- test-method -->
              <div class="configuration-method after">
                <span class="method-name">reporterDataResults([TestResult name=SanityTC21 status=SKIP method=Regression.SanityTC21(java.util.LinkedHashMap)[pri:0,...)</span>
                <span class="method-start">28251 ms</span>
              </div> <!-- configuration-method after -->
              <div class="test-method">
                <span class="method-name">SanityTC22({TestCaseName=CIS Level 2 Client Owner, CaseToRun=N, Module=Portfolio, Pass/Fail/Skip=SKIP, Category...)</span>
                <span class="method-start">28265 ms</span>
              </div> <!-- test-method -->
              <div class="configuration-method after">
                <span class="method-name">reporterDataResults([TestResult name=SanityTC22 status=SKIP method=Regression.SanityTC22(java.util.LinkedHashMap)[pri:0,...)</span>
                <span class="method-start">28273 ms</span>
              </div> <!-- configuration-method after -->
              <div class="test-method">
                <span class="method-name">SanityTC23({TestCaseName=CIS Level 3 Client Owner, CaseToRun=N, Module=Portfolio, Pass/Fail/Skip=SKIP, Category...)</span>
                <span class="method-start">28297 ms</span>
              </div> <!-- test-method -->
              <div class="configuration-method after">
                <span class="method-name">reporterDataResults([TestResult name=SanityTC23 status=SKIP method=Regression.SanityTC23(java.util.LinkedHashMap)[pri:0,...)</span>
                <span class="method-start">28324 ms</span>
              </div> <!-- configuration-method after -->
              <div class="test-method">
                <span class="method-name">SanityTC24({TestCaseName=Intercompany, CaseToRun=N, Module=Portfolio, Pass/Fail/Skip=SKIP, Category=, AddRule=I...)</span>
                <span class="method-start">28334 ms</span>
              </div> <!-- test-method -->
              <div class="configuration-method after">
                <span class="method-name">reporterDataResults([TestResult name=SanityTC24 status=SKIP method=Regression.SanityTC24(java.util.LinkedHashMap)[pri:0,...)</span>
                <span class="method-start">28359 ms</span>
              </div> <!-- configuration-method after -->
              <div class="test-method">
                <span class="method-name">SanityTC25({TestCaseName=Exclude Liquidity Managed , CaseToRun=N, Module=Portfolio, Pass/Fail/Skip=SKIP, Catego...)</span>
                <span class="method-start">28368 ms</span>
              </div> <!-- test-method -->
              <div class="configuration-method after">
                <span class="method-name">reporterDataResults([TestResult name=SanityTC25 status=SKIP method=Regression.SanityTC25(java.util.LinkedHashMap)[pri:0,...)</span>
                <span class="method-start">28382 ms</span>
              </div> <!-- configuration-method after -->
              <div class="test-method">
                <span class="method-name">SanityTC26({TestCaseName=Exclude Fronting, CaseToRun=N, Module=Portfolio, Pass/Fail/Skip=SKIP, Category=, AddRu...)</span>
                <span class="method-start">28439 ms</span>
              </div> <!-- test-method -->
              <div class="configuration-method after">
                <span class="method-name">reporterDataResults([TestResult name=SanityTC26 status=SKIP method=Regression.SanityTC26(java.util.LinkedHashMap)[pri:0,...)</span>
                <span class="method-start">28443 ms</span>
              </div> <!-- configuration-method after -->
              <div class="test-method">
                <span class="method-name">SanityTC27({TestCaseName=Facility Long Description, CaseToRun=N, Module=Portfolio, Pass/Fail/Skip=SKIP, Categor...)</span>
                <span class="method-start">28460 ms</span>
              </div> <!-- test-method -->
              <div class="configuration-method after">
                <span class="method-name">reporterDataResults([TestResult name=SanityTC27 status=SKIP method=Regression.SanityTC27(java.util.LinkedHashMap)[pri:0,...)</span>
                <span class="method-start">28478 ms</span>
              </div> <!-- configuration-method after -->
              <div class="test-method">
                <span class="method-name">SanityTC28({TestCaseName=GFRN, CaseToRun=N, Module=Portfolio, Pass/Fail/Skip=SKIP, Category=, AddRule=GFRN, Lev...)</span>
                <span class="method-start">28489 ms</span>
              </div> <!-- test-method -->
              <div class="configuration-method after">
                <span class="method-name">reporterDataResults([TestResult name=SanityTC28 status=SKIP method=Regression.SanityTC28(java.util.LinkedHashMap)[pri:0,...)</span>
                <span class="method-start">28526 ms</span>
              </div> <!-- configuration-method after -->
              <div class="test-method">
                <span class="method-name">SanityTC29({TestCaseName=Classification Status, CaseToRun=N, Module=Portfolio, Pass/Fail/Skip=SKIP, Category=, ...)</span>
                <span class="method-start">28537 ms</span>
              </div> <!-- test-method -->
              <div class="configuration-method after">
                <span class="method-name">reporterDataResults([TestResult name=SanityTC29 status=SKIP method=Regression.SanityTC29(java.util.LinkedHashMap)[pri:0,...)</span>
                <span class="method-start">28548 ms</span>
              </div> <!-- configuration-method after -->
              <div class="test-method">
                <span class="method-name">SanityTC3({TestCaseName=Independent Risk Unit, CaseToRun=N, Module=Portfolio, Pass/Fail/Skip=SKIP, Category=, ...)</span>
                <span class="method-start">28593 ms</span>
              </div> <!-- test-method -->
              <div class="configuration-method after">
                <span class="method-name">reporterDataResults([TestResult name=SanityTC3 status=SKIP method=Regression.SanityTC3(java.util.LinkedHashMap)[pri:0, i...)</span>
                <span class="method-start">28616 ms</span>
              </div> <!-- configuration-method after -->
              <div class="test-method">
                <span class="method-name">SanityTC30({TestCaseName=Leveraged Lending Exposures, CaseToRun=N, Module=Portfolio, Pass/Fail/Skip=SKIP, Categ...)</span>
                <span class="method-start">28634 ms</span>
              </div> <!-- test-method -->
              <div class="configuration-method after">
                <span class="method-name">reporterDataResults([TestResult name=SanityTC30 status=SKIP method=Regression.SanityTC30(java.util.LinkedHashMap)[pri:0,...)</span>
                <span class="method-start">28661 ms</span>
              </div> <!-- configuration-method after -->
              <div class="test-method">
                <span class="method-name">SanityTC31({TestCaseName=Credit Program Specialized Product Name, CaseToRun=N, Module=Portfolio, Pass/Fail/Skip...)</span>
                <span class="method-start">28671 ms</span>
              </div> <!-- test-method -->
              <div class="configuration-method after">
                <span class="method-name">reporterDataResults([TestResult name=SanityTC31 status=SKIP method=Regression.SanityTC31(java.util.LinkedHashMap)[pri:0,...)</span>
                <span class="method-start">28674 ms</span>
              </div> <!-- configuration-method after -->
              <div class="test-method">
                <span class="method-name">SanityTC32({TestCaseName=PB Product Program, CaseToRun=N, Module=Portfolio, Pass/Fail/Skip=SKIP, Category=, Add...)</span>
                <span class="method-start">28687 ms</span>
              </div> <!-- test-method -->
              <div class="configuration-method after">
                <span class="method-name">reporterDataResults([TestResult name=SanityTC32 status=SKIP method=Regression.SanityTC32(java.util.LinkedHashMap)[pri:0,...)</span>
                <span class="method-start">28699 ms</span>
              </div> <!-- configuration-method after -->
              <div class="test-method">
                <span class="method-name">SanityTC33({TestCaseName=Risk Category, CaseToRun=N, Module=Portfolio, Pass/Fail/Skip=SKIP, Category=, AddRule=...)</span>
                <span class="method-start">28708 ms</span>
              </div> <!-- test-method -->
              <div class="configuration-method after">
                <span class="method-name">reporterDataResults([TestResult name=SanityTC33 status=SKIP method=Regression.SanityTC33(java.util.LinkedHashMap)[pri:0,...)</span>
                <span class="method-start">28739 ms</span>
              </div> <!-- configuration-method after -->
              <div class="test-method">
                <span class="method-name">SanityTC34({TestCaseName=Approval type code, CaseToRun=N, Module=Portfolio, Pass/Fail/Skip=SKIP, Category=, Add...)</span>
                <span class="method-start">28774 ms</span>
              </div> <!-- test-method -->
              <div class="configuration-method after">
                <span class="method-name">reporterDataResults([TestResult name=SanityTC34 status=SKIP method=Regression.SanityTC34(java.util.LinkedHashMap)[pri:0,...)</span>
                <span class="method-start">28844 ms</span>
              </div> <!-- configuration-method after -->
              <div class="test-method">
                <span class="method-name">SanityTC35({TestCaseName=Legal Entity, CaseToRun=N, Module=Portfolio, Pass/Fail/Skip=SKIP, Category=, AddRule=L...)</span>
                <span class="method-start">28856 ms</span>
              </div> <!-- test-method -->
              <div class="configuration-method after">
                <span class="method-name">reporterDataResults([TestResult name=SanityTC35 status=SKIP method=Regression.SanityTC35(java.util.LinkedHashMap)[pri:0,...)</span>
                <span class="method-start">28899 ms</span>
              </div> <!-- configuration-method after -->
              <div class="test-method">
                <span class="method-name">SanityTC36({TestCaseName=Legal Vehicle , CaseToRun=N, Module=Portfolio, Pass/Fail/Skip=SKIP, Category=, AddRule...)</span>
                <span class="method-start">28917 ms</span>
              </div> <!-- test-method -->
              <div class="configuration-method after">
                <span class="method-name">reporterDataResults([TestResult name=SanityTC36 status=SKIP method=Regression.SanityTC36(java.util.LinkedHashMap)[pri:0,...)</span>
                <span class="method-start">28919 ms</span>
              </div> <!-- configuration-method after -->
              <div class="test-method">
                <span class="method-name">SanityTC37({TestCaseName=Portfolio Business Segment (PBS), CaseToRun=N, Module=Portfolio, Pass/Fail/Skip=SKIP, ...)</span>
                <span class="method-start">28930 ms</span>
              </div> <!-- test-method -->
              <div class="configuration-method after">
                <span class="method-name">reporterDataResults([TestResult name=SanityTC37 status=SKIP method=Regression.SanityTC37(java.util.LinkedHashMap)[pri:0,...)</span>
                <span class="method-start">28948 ms</span>
              </div> <!-- configuration-method after -->
              <div class="test-method">
                <span class="method-name">SanityTC38({TestCaseName=Global Organization Code , CaseToRun=N, Module=Portfolio, Pass/Fail/Skip=SKIP, Categor...)</span>
                <span class="method-start">28977 ms</span>
              </div> <!-- test-method -->
              <div class="configuration-method after">
                <span class="method-name">reporterDataResults([TestResult name=SanityTC38 status=SKIP method=Regression.SanityTC38(java.util.LinkedHashMap)[pri:0,...)</span>
                <span class="method-start">28982 ms</span>
              </div> <!-- configuration-method after -->
              <div class="test-method">
                <span class="method-name">SanityTC39({TestCaseName=Managed Segment , CaseToRun=N, Module=Portfolio, Pass/Fail/Skip=SKIP, Category=, AddRu...)</span>
                <span class="method-start">28994 ms</span>
              </div> <!-- test-method -->
              <div class="configuration-method after">
                <span class="method-name">reporterDataResults([TestResult name=SanityTC39 status=SKIP method=Regression.SanityTC39(java.util.LinkedHashMap)[pri:0,...)</span>
                <span class="method-start">28996 ms</span>
              </div> <!-- configuration-method after -->
              <div class="test-method">
                <span class="method-name">SanityTC4({TestCaseName=Control Unit Credit Organization , CaseToRun=N, Module=Portfolio, Pass/Fail/Skip=SKIP,...)</span>
                <span class="method-start">29025 ms</span>
              </div> <!-- test-method -->
              <div class="configuration-method after">
                <span class="method-name">reporterDataResults([TestResult name=SanityTC4 status=SKIP method=Regression.SanityTC4(java.util.LinkedHashMap)[pri:0, i...)</span>
                <span class="method-start">29041 ms</span>
              </div> <!-- configuration-method after -->
              <div class="test-method">
                <span class="method-name">SanityTC40({TestCaseName=OS Finance Data Load (FDL) Account Nm, CaseToRun=N, Module=Portfolio, Pass/Fail/Skip=S...)</span>
                <span class="method-start">29050 ms</span>
              </div> <!-- test-method -->
              <div class="configuration-method after">
                <span class="method-name">reporterDataResults([TestResult name=SanityTC40 status=SKIP method=Regression.SanityTC40(java.util.LinkedHashMap)[pri:0,...)</span>
                <span class="method-start">29057 ms</span>
              </div> <!-- configuration-method after -->
              <div class="test-method">
                <span class="method-name">SanityTC41({TestCaseName=OS Global Finance Management Information System, CaseToRun=N, Module=Portfolio, Pass/F...)</span>
                <span class="method-start">29087 ms</span>
              </div> <!-- test-method -->
              <div class="configuration-method after">
                <span class="method-name">reporterDataResults([TestResult name=SanityTC41 status=SKIP method=Regression.SanityTC41(java.util.LinkedHashMap)[pri:0,...)</span>
                <span class="method-start">29089 ms</span>
              </div> <!-- configuration-method after -->
              <div class="test-method">
                <span class="method-name">SanityTC42({TestCaseName=Management Product Level, CaseToRun=N, Module=Portfolio, Pass/Fail/Skip=SKIP, Category...)</span>
                <span class="method-start">29140 ms</span>
              </div> <!-- test-method -->
              <div class="configuration-method after">
                <span class="method-name">reporterDataResults([TestResult name=SanityTC42 status=SKIP method=Regression.SanityTC42(java.util.LinkedHashMap)[pri:0,...)</span>
                <span class="method-start">29145 ms</span>
              </div> <!-- configuration-method after -->
              <div class="test-method">
                <span class="method-name">SanityTC43({TestCaseName=Facility Global Finance Management Information System, CaseToRun=N, Module=Portfolio, ...)</span>
                <span class="method-start">29151 ms</span>
              </div> <!-- test-method -->
              <div class="configuration-method after">
                <span class="method-name">reporterDataResults([TestResult name=SanityTC43 status=SKIP method=Regression.SanityTC43(java.util.LinkedHashMap)[pri:0,...)</span>
                <span class="method-start">29165 ms</span>
              </div> <!-- configuration-method after -->
              <div class="test-method">
                <span class="method-name">SanityTC5({TestCaseName=Control Unit, CaseToRun=N, Module=Portfolio, Pass/Fail/Skip=SKIP, Category=, AddRule=C...)</span>
                <span class="method-start">29178 ms</span>
              </div> <!-- test-method -->
              <div class="configuration-method after">
                <span class="method-name">reporterDataResults([TestResult name=SanityTC5 status=SKIP method=Regression.SanityTC5(java.util.LinkedHashMap)[pri:0, i...)</span>
                <span class="method-start">29181 ms</span>
              </div> <!-- configuration-method after -->
              <div class="test-method">
                <span class="method-name">SanityTC6({TestCaseName=Approving Unit, CaseToRun=N, Module=Portfolio, Pass/Fail/Skip=SKIP, Category=, AddRule...)</span>
                <span class="method-start">29196 ms</span>
              </div> <!-- test-method -->
              <div class="configuration-method after">
                <span class="method-name">reporterDataResults([TestResult name=SanityTC6 status=SKIP method=Regression.SanityTC6(java.util.LinkedHashMap)[pri:0, i...)</span>
                <span class="method-start">29212 ms</span>
              </div> <!-- configuration-method after -->
              <div class="test-method">
                <span class="method-name">SanityTC7({TestCaseName=Extending Unit, CaseToRun=N, Module=Portfolio, Pass/Fail/Skip=SKIP, Category=, AddRule...)</span>
                <span class="method-start">29224 ms</span>
              </div> <!-- test-method -->
              <div class="configuration-method after">
                <span class="method-name">reporterDataResults([TestResult name=SanityTC7 status=SKIP method=Regression.SanityTC7(java.util.LinkedHashMap)[pri:0, i...)</span>
                <span class="method-start">29234 ms</span>
              </div> <!-- configuration-method after -->
              <div class="test-method">
                <span class="method-name">SanityTC8({TestCaseName=Independent Risk Unit Geography, CaseToRun=N, Module=Portfolio, Pass/Fail/Skip=SKIP, C...)</span>
                <span class="method-start">29256 ms</span>
              </div> <!-- test-method -->
              <div class="configuration-method after">
                <span class="method-name">reporterDataResults([TestResult name=SanityTC8 status=SKIP method=Regression.SanityTC8(java.util.LinkedHashMap)[pri:0, i...)</span>
                <span class="method-start">29266 ms</span>
              </div> <!-- configuration-method after -->
              <div class="test-method">
                <span class="method-name">SanityTC9({TestCaseName=Control Unit Geography , CaseToRun=N, Module=Portfolio, Pass/Fail/Skip=SKIP, Category=...)</span>
                <span class="method-start">29275 ms</span>
              </div> <!-- test-method -->
              <div class="configuration-method after">
                <span class="method-name">reporterDataResults([TestResult name=SanityTC9 status=SKIP method=Regression.SanityTC9(java.util.LinkedHashMap)[pri:0, i...)</span>
                <span class="method-start">29284 ms</span>
              </div> <!-- configuration-method after -->
              <div class="configuration-suite after">
                <span class="method-name">aftersuite</span>
                <span class="method-start">29664 ms</span>
              </div> <!-- configuration-suite after -->
          </div> <!-- main-panel-content rounded-window-bottom -->
        </div> <!-- panel -->
      </div> <!-- main-panel-root -->
    </div> <!-- wrapper -->
  </body>
</html>
