<?xml version="1.0" encoding="UTF-8"?>
<testsuite name="Sanity1"
           tests="35"
           failures="3"
           errors="0"
           skipped="0"
           time="847.382">
  <properties />
            <testcase name="SanityTC17" time="41.570" classname="testcases.Sanity">
                <failure type="java.lang.AssertionError"
                  message="null"
              >
<![CDATA[java.lang.AssertionError: null
  org.testng.Assert.fail(Assert.java:93)
  org.testng.Assert.fail(Assert.java:100)
  utility.SeleniumUtils.waitForElementPresent(SeleniumUtils.java:550)
  pageobjects.HomePage.checkLevel(HomePage.java:210)
  testcases.Sanity.SanityTC17(Sanity.java:347)
  sun.reflect.NativeMethodAccessorImpl.invoke0(Native Method)
  sun.reflect.NativeMethodAccessorImpl.invoke(NativeMethodAccessorImpl.java:62)
  sun.reflect.DelegatingMethodAccessorImpl.invoke(DelegatingMethodAccessorImpl.java:43)
  java.lang.reflect.Method.invoke(Method.java:483)
  org.testng.internal.MethodInvocationHelper.invokeMethod(MethodInvocationHelper.java:108)
  org.testng.internal.Invoker.invokeMethod(Invoker.java:661)
  org.testng.internal.Invoker.invokeTestMethod(Invoker.java:869)
  org.testng.internal.Invoker.invokeTestMethods(Invoker.java:1193)
  org.testng.internal.TestMethodWorker.invokeTestMethods(TestMethodWorker.java:126)
  org.testng.internal.TestMethodWorker.run(TestMethodWorker.java:109)
  org.testng.TestRunner.privateRun(TestRunner.java:744)
  org.testng.TestRunner.run(TestRunner.java:602)
  org.testng.SuiteRunner.runTest(SuiteRunner.java:380)
  org.testng.SuiteRunner.runSequentially(SuiteRunner.java:375)
  org.testng.SuiteRunner.privateRun(SuiteRunner.java:340)
  org.testng.SuiteRunner.run(SuiteRunner.java:289)
  org.testng.SuiteRunnerWorker.runSuite(SuiteRunnerWorker.java:52)
  org.testng.SuiteRunnerWorker.run(SuiteRunnerWorker.java:86)
  org.testng.TestNG.runSuitesSequentially(TestNG.java:1301)
  org.testng.TestNG.runSuitesLocally(TestNG.java:1226)
  org.testng.TestNG.runSuites(TestNG.java:1144)
  org.testng.TestNG.run(TestNG.java:1115)
  org.apache.maven.surefire.testng.TestNGExecutor.run(TestNGExecutor.java:281)
  org.apache.maven.surefire.testng.TestNGXmlTestSuite.execute(TestNGXmlTestSuite.java:75)
  org.apache.maven.surefire.testng.TestNGProvider.invoke(TestNGProvider.java:121)
  org.apache.maven.surefire.booter.ForkedBooter.invokeProviderInSameClassLoader(ForkedBooter.java:290)
  org.apache.maven.surefire.booter.ForkedBooter.runSuitesInProcess(ForkedBooter.java:242)
  org.apache.maven.surefire.booter.ForkedBooter.main(ForkedBooter.java:121)
]]>
      </failure>

          </testcase>
            <testcase name="SanityTC29" time="85.834" classname="testcases.Sanity">
                <failure type="java.lang.AssertionError"
                  message="null"
              >
<![CDATA[java.lang.AssertionError: null
  org.testng.Assert.fail(Assert.java:93)
  org.testng.Assert.fail(Assert.java:100)
  utility.SeleniumUtils.waitForElementPresent(SeleniumUtils.java:550)
  pageobjects.HomePage.topExposuresPopupCheck(HomePage.java:106)
  testcases.Sanity.SanityTC29(Sanity.java:563)
  sun.reflect.NativeMethodAccessorImpl.invoke0(Native Method)
  sun.reflect.NativeMethodAccessorImpl.invoke(NativeMethodAccessorImpl.java:62)
  sun.reflect.DelegatingMethodAccessorImpl.invoke(DelegatingMethodAccessorImpl.java:43)
  java.lang.reflect.Method.invoke(Method.java:483)
  org.testng.internal.MethodInvocationHelper.invokeMethod(MethodInvocationHelper.java:108)
  org.testng.internal.Invoker.invokeMethod(Invoker.java:661)
  org.testng.internal.Invoker.invokeTestMethod(Invoker.java:869)
  org.testng.internal.Invoker.invokeTestMethods(Invoker.java:1193)
  org.testng.internal.TestMethodWorker.invokeTestMethods(TestMethodWorker.java:126)
  org.testng.internal.TestMethodWorker.run(TestMethodWorker.java:109)
  org.testng.TestRunner.privateRun(TestRunner.java:744)
  org.testng.TestRunner.run(TestRunner.java:602)
  org.testng.SuiteRunner.runTest(SuiteRunner.java:380)
  org.testng.SuiteRunner.runSequentially(SuiteRunner.java:375)
  org.testng.SuiteRunner.privateRun(SuiteRunner.java:340)
  org.testng.SuiteRunner.run(SuiteRunner.java:289)
  org.testng.SuiteRunnerWorker.runSuite(SuiteRunnerWorker.java:52)
  org.testng.SuiteRunnerWorker.run(SuiteRunnerWorker.java:86)
  org.testng.TestNG.runSuitesSequentially(TestNG.java:1301)
  org.testng.TestNG.runSuitesLocally(TestNG.java:1226)
  org.testng.TestNG.runSuites(TestNG.java:1144)
  org.testng.TestNG.run(TestNG.java:1115)
  org.apache.maven.surefire.testng.TestNGExecutor.run(TestNGExecutor.java:281)
  org.apache.maven.surefire.testng.TestNGXmlTestSuite.execute(TestNGXmlTestSuite.java:75)
  org.apache.maven.surefire.testng.TestNGProvider.invoke(TestNGProvider.java:121)
  org.apache.maven.surefire.booter.ForkedBooter.invokeProviderInSameClassLoader(ForkedBooter.java:290)
  org.apache.maven.surefire.booter.ForkedBooter.runSuitesInProcess(ForkedBooter.java:242)
  org.apache.maven.surefire.booter.ForkedBooter.main(ForkedBooter.java:121)
]]>
      </failure>

          </testcase>
            <testcase name="SanityTC2" time="72.297" classname="testcases.Sanity">
                <failure type="java.lang.AssertionError"
                  message="null"
              >
<![CDATA[java.lang.AssertionError: null
  org.testng.Assert.fail(Assert.java:93)
  org.testng.Assert.fail(Assert.java:100)
  utility.SeleniumUtils.waitForElementPresent(SeleniumUtils.java:565)
  pageobjects.HomePage.filtersCheck(HomePage.java:80)
  testcases.Sanity.SanityTC2(Sanity.java:76)
  sun.reflect.NativeMethodAccessorImpl.invoke0(Native Method)
  sun.reflect.NativeMethodAccessorImpl.invoke(NativeMethodAccessorImpl.java:62)
  sun.reflect.DelegatingMethodAccessorImpl.invoke(DelegatingMethodAccessorImpl.java:43)
  java.lang.reflect.Method.invoke(Method.java:483)
  org.testng.internal.MethodInvocationHelper.invokeMethod(MethodInvocationHelper.java:108)
  org.testng.internal.Invoker.invokeMethod(Invoker.java:661)
  org.testng.internal.Invoker.invokeTestMethod(Invoker.java:869)
  org.testng.internal.Invoker.invokeTestMethods(Invoker.java:1193)
  org.testng.internal.TestMethodWorker.invokeTestMethods(TestMethodWorker.java:126)
  org.testng.internal.TestMethodWorker.run(TestMethodWorker.java:109)
  org.testng.TestRunner.privateRun(TestRunner.java:744)
  org.testng.TestRunner.run(TestRunner.java:602)
  org.testng.SuiteRunner.runTest(SuiteRunner.java:380)
  org.testng.SuiteRunner.runSequentially(SuiteRunner.java:375)
  org.testng.SuiteRunner.privateRun(SuiteRunner.java:340)
  org.testng.SuiteRunner.run(SuiteRunner.java:289)
  org.testng.SuiteRunnerWorker.runSuite(SuiteRunnerWorker.java:52)
  org.testng.SuiteRunnerWorker.run(SuiteRunnerWorker.java:86)
  org.testng.TestNG.runSuitesSequentially(TestNG.java:1301)
  org.testng.TestNG.runSuitesLocally(TestNG.java:1226)
  org.testng.TestNG.runSuites(TestNG.java:1144)
  org.testng.TestNG.run(TestNG.java:1115)
  org.apache.maven.surefire.testng.TestNGExecutor.run(TestNGExecutor.java:281)
  org.apache.maven.surefire.testng.TestNGXmlTestSuite.execute(TestNGXmlTestSuite.java:75)
  org.apache.maven.surefire.testng.TestNGProvider.invoke(TestNGProvider.java:121)
  org.apache.maven.surefire.booter.ForkedBooter.invokeProviderInSameClassLoader(ForkedBooter.java:290)
  org.apache.maven.surefire.booter.ForkedBooter.runSuitesInProcess(ForkedBooter.java:242)
  org.apache.maven.surefire.booter.ForkedBooter.main(ForkedBooter.java:121)
]]>
      </failure>

          </testcase>
  
  
            <testcase name="SanityTC34" time="15.925" classname="testcases.Sanity" />
                <testcase name="SanityTC6" time="16.273" classname="testcases.Sanity" />
                <testcase name="SanityTC24" time="24.756" classname="testcases.Sanity" />
                <testcase name="SanityTC32" time="15.809" classname="testcases.Sanity" />
                <testcase name="SanityTC19" time="59.059" classname="testcases.Sanity" />
                <testcase name="SanityTC25" time="14.942" classname="testcases.Sanity" />
                <testcase name="SanityTC8" time="22.428" classname="testcases.Sanity" />
                <testcase name="SanityTC15" time="14.615" classname="testcases.Sanity" />
                <testcase name="SanityTC35" time="15.785" classname="testcases.Sanity" />
                <testcase name="SanityTC27" time="15.737" classname="testcases.Sanity" />
                <testcase name="SanityTC33" time="16.905" classname="testcases.Sanity" />
                <testcase name="SanityTC30" time="25.389" classname="testcases.Sanity" />
                <testcase name="SanityTC18" time="25.782" classname="testcases.Sanity" />
                <testcase name="SanityTC20" time="14.212" classname="testcases.Sanity" />
                <testcase name="SanityTC31" time="15.980" classname="testcases.Sanity" />
                <testcase name="SanityTC28" time="17.036" classname="testcases.Sanity" />
                <testcase name="SanityTC26" time="24.578" classname="testcases.Sanity" />
                <testcase name="SanityTC23" time="24.166" classname="testcases.Sanity" />
                <testcase name="SanityTC12" time="28.504" classname="testcases.Sanity" />
                <testcase name="SanityTC7" time="17.531" classname="testcases.Sanity" />
                <testcase name="SanityTC3" time="15.852" classname="testcases.Sanity" />
                <testcase name="SanityTC11" time="23.547" classname="testcases.Sanity" />
                <testcase name="SanityTC9" time="16.258" classname="testcases.Sanity" />
                <testcase name="SanityTC4" time="18.896" classname="testcases.Sanity" />
                <testcase name="SanityTC1" time="25.471" classname="testcases.Sanity" />
                <testcase name="SanityTC13" time="13.480" classname="testcases.Sanity" />
                <testcase name="SanityTC5" time="27.286" classname="testcases.Sanity" />
                <testcase name="SanityTC21" time="14.689" classname="testcases.Sanity" />
                <testcase name="SanityTC22" time="14.536" classname="testcases.Sanity" />
                <testcase name="SanityTC10" time="13.565" classname="testcases.Sanity" />
                <testcase name="SanityTC14" time="14.226" classname="testcases.Sanity" />
                <testcase name="SanityTC16" time="24.463" classname="testcases.Sanity" />
      
</testsuite>
