<?xml version="1.0" encoding="UTF-8"?>
<!-- Generated by org.testng.reporters.JUnitXMLReporter -->
<testsuite hostname="sd-aa56-6ff1" ignored="0" name="Sanity1" tests="35" failures="3" timestamp="27 Sep 2018 08:26:53 GMT" time="871.648" errors="0">
  <testcase name="SanityTC1" time="25.471" classname="testcases.Sanity"/>
  <testcase name="SanityTC10" time="13.565" classname="testcases.Sanity"/>
  <testcase name="SanityTC11" time="23.547" classname="testcases.Sanity"/>
  <testcase name="SanityTC12" time="28.504" classname="testcases.Sanity"/>
  <testcase name="SanityTC13" time="13.48" classname="testcases.Sanity"/>
  <testcase name="SanityTC14" time="14.226" classname="testcases.Sanity"/>
  <testcase name="SanityTC15" time="14.615" classname="testcases.Sanity"/>
  <testcase name="SanityTC16" time="24.463" classname="testcases.Sanity"/>
  <testcase name="SanityTC17" time="41.57" classname="testcases.Sanity">
    <failure type="java.lang.AssertionError" message="null">
      <![CDATA[java.lang.AssertionError: null
	at utility.SeleniumUtils.waitForElementPresent(SeleniumUtils.java:550)
	at pageobjects.HomePage.checkLevel(HomePage.java:210)
	at testcases.Sanity.SanityTC17(Sanity.java:347)
... Removed 30 stack frames]]>
    </failure>
  </testcase> <!-- SanityTC17 -->
  <testcase name="SanityTC18" time="25.782" classname="testcases.Sanity"/>
  <testcase name="SanityTC19" time="59.059" classname="testcases.Sanity"/>
  <testcase name="SanityTC2" time="72.297" classname="testcases.Sanity">
    <failure type="java.lang.AssertionError" message="null">
      <![CDATA[java.lang.AssertionError: null
	at utility.SeleniumUtils.waitForElementPresent(SeleniumUtils.java:565)
	at pageobjects.HomePage.filtersCheck(HomePage.java:80)
	at testcases.Sanity.SanityTC2(Sanity.java:76)
... Removed 30 stack frames]]>
    </failure>
  </testcase> <!-- SanityTC2 -->
  <testcase name="SanityTC20" time="14.212" classname="testcases.Sanity"/>
  <testcase name="SanityTC21" time="14.689" classname="testcases.Sanity"/>
  <testcase name="SanityTC22" time="14.536" classname="testcases.Sanity"/>
  <testcase name="SanityTC23" time="24.166" classname="testcases.Sanity"/>
  <testcase name="SanityTC24" time="24.756" classname="testcases.Sanity"/>
  <testcase name="SanityTC25" time="14.942" classname="testcases.Sanity"/>
  <testcase name="SanityTC26" time="24.578" classname="testcases.Sanity"/>
  <testcase name="SanityTC27" time="15.737" classname="testcases.Sanity"/>
  <testcase name="SanityTC28" time="17.036" classname="testcases.Sanity"/>
  <testcase name="SanityTC29" time="85.834" classname="testcases.Sanity">
    <failure type="java.lang.AssertionError" message="null">
      <![CDATA[java.lang.AssertionError: null
	at utility.SeleniumUtils.waitForElementPresent(SeleniumUtils.java:550)
	at pageobjects.HomePage.topExposuresPopupCheck(HomePage.java:106)
	at testcases.Sanity.SanityTC29(Sanity.java:563)
... Removed 30 stack frames]]>
    </failure>
  </testcase> <!-- SanityTC29 -->
  <testcase name="SanityTC3" time="15.852" classname="testcases.Sanity"/>
  <testcase name="SanityTC30" time="25.389" classname="testcases.Sanity"/>
  <testcase name="SanityTC31" time="15.98" classname="testcases.Sanity"/>
  <testcase name="SanityTC32" time="15.809" classname="testcases.Sanity"/>
  <testcase name="SanityTC33" time="16.905" classname="testcases.Sanity"/>
  <testcase name="SanityTC34" time="15.925" classname="testcases.Sanity"/>
  <testcase name="SanityTC35" time="15.785" classname="testcases.Sanity"/>
  <testcase name="SanityTC4" time="18.896" classname="testcases.Sanity"/>
  <testcase name="SanityTC5" time="27.286" classname="testcases.Sanity"/>
  <testcase name="SanityTC6" time="16.273" classname="testcases.Sanity"/>
  <testcase name="SanityTC7" time="17.531" classname="testcases.Sanity"/>
  <testcase name="SanityTC8" time="22.428" classname="testcases.Sanity"/>
  <testcase name="SanityTC9" time="16.258" classname="testcases.Sanity"/>
</testsuite> <!-- Sanity1 -->
